#
# There is insufficient memory for the Java Runtime Environment to continue.
# Native memory allocation (mmap) failed to map 171966464 bytes. Error detail: G1 virtual space
# Possible reasons:
#   The system is out of physical RAM or swap space
#   This process is running with CompressedOops enabled, and the Java Heap may be blocking the growth of the native heap
# Possible solutions:
#   Reduce memory load on the system
#   Increase physical memory or swap space
#   Check if swap backing store is full
#   Decrease Java heap size (-Xmx/-Xms)
#   Decrease number of Java threads
#   Decrease Java thread stack sizes (-Xss)
#   Set larger code cache with -XX:ReservedCodeCacheSize=
#   JVM is running with Zero Based Compressed Oops mode in which the Java heap is
#     placed in the first 32GB address space. The Java Heap base address is the
#     maximum limit for the native heap growth. Please use -XX:HeapBaseMinAddress
#     to set the Java Heap base and to place the Java Heap above 32GB virtual address.
# This output file may be truncated or incomplete.
#
#  Out of Memory Error (os_windows.cpp:3828), pid=5296, tid=8048
#
# JRE version: OpenJDK Runtime Environment (21.0.4) (build 21.0.4+-12508038-b607.1)
# Java VM: OpenJDK 64-Bit Server VM (21.0.4+-12508038-b607.1, mixed mode, tiered, compressed oops, compressed class ptrs, g1 gc, windows-amd64)
# No core dump will be written. Minidumps are not enabled by default on client versions of Windows
#

---------------  S U M M A R Y ------------

Command Line: -XX:MaxPermSize=512m -XX:+HeapDumpOnOutOfMemoryError --add-opens=java.base/java.util=ALL-UNNAMED --add-opens=java.base/java.lang=ALL-UNNAMED --add-opens=java.base/java.lang.invoke=ALL-UNNAMED --add-opens=java.prefs/java.util.prefs=ALL-UNNAMED --add-exports=jdk.compiler/com.sun.tools.javac.api=ALL-UNNAMED --add-exports=jdk.compiler/com.sun.tools.javac.util=ALL-UNNAMED --add-opens=java.base/java.nio.charset=ALL-UNNAMED --add-opens=java.base/java.net=ALL-UNNAMED --add-opens=java.base/java.util.concurrent.atomic=ALL-UNNAMED -Xmx4g -Dfile.encoding=UTF-8 -Duser.country=CO -Duser.language=es -Duser.variant -javaagent:C:\Users\ADMIN\.gradle\wrapper\dists\gradle-8.10.2-bin\a04bxjujx95o3nb99gddekhwo\gradle-8.10.2\lib\agents\gradle-instrumentation-agent-8.10.2.jar org.gradle.launcher.daemon.bootstrap.GradleDaemon 8.10.2

Host: AMD Ryzen 3 3200U with Radeon Vega Mobile Gfx  , 4 cores, 9G,  Windows 10 , 64 bit Build 19041 (10.0.19041.5438)
Time: Sun Mar  2 20:32:06 2025 Hora est. Pacífico, Sudamérica elapsed time: 11.020916 seconds (0d 0h 0m 11s)

---------------  T H R E A D  ---------------

Current thread (0x00000260fc78e4b0):  VMThread "VM Thread"          [id=8048, stack(0x000000774a600000,0x000000774a700000) (1024K)]

Stack: [0x000000774a600000,0x000000774a700000]
Native frames: (J=compiled Java code, j=interpreted, Vv=VM code, C=native code)
V  [jvm.dll+0x6ce539]
V  [jvm.dll+0x85bf03]
V  [jvm.dll+0x85e45e]
V  [jvm.dll+0x85eb43]
V  [jvm.dll+0x27dd06]
V  [jvm.dll+0x6cada5]
V  [jvm.dll+0x6bf27a]
V  [jvm.dll+0x3541fb]
V  [jvm.dll+0x35be36]
V  [jvm.dll+0x3adbc6]
V  [jvm.dll+0x3ade98]
V  [jvm.dll+0x32691c]
V  [jvm.dll+0x3269a7]
V  [jvm.dll+0x36c78c]
V  [jvm.dll+0x36af3e]
V  [jvm.dll+0x326071]
V  [jvm.dll+0x36a650]
V  [jvm.dll+0x8648c8]
V  [jvm.dll+0x865c44]
V  [jvm.dll+0x866180]
V  [jvm.dll+0x866413]
V  [jvm.dll+0x804418]
V  [jvm.dll+0x6cce0d]
C  [ucrtbase.dll+0x21bb2]
C  [KERNEL32.DLL+0x17374]
C  [ntdll.dll+0x4cc91]

VM_Operation (0x000000774d5f9630): G1CollectForAllocation, mode: safepoint, requested by thread 0x00000260937aedc0


---------------  P R O C E S S  ---------------

Threads class SMR info:
_java_thread_list=0x00000260ff03c5e0, length=47, elements={
0x00000260f0092030, 0x00000260fca7ae80, 0x00000260fca5d480, 0x00000260fca84160,
0x00000260fca84bc0, 0x00000260fca85620, 0x00000260fca5fef0, 0x00000260fca62960,
0x00000260fca8dfe0, 0x00000260fcb68f30, 0x00000260fce4a0c0, 0x00000260fe5c7330,
0x00000260fe702650, 0x00000260fe51b810, 0x00000260fe838450, 0x00000260fd4497e0,
0x00000260fe74fdc0, 0x00000260fe750430, 0x00000260fe966280, 0x00000260fe965bf0,
0x00000260fe9641b0, 0x00000260fe966fa0, 0x00000260fe966910, 0x00000260fe967630,
0x00000260fe964ed0, 0x00000260fe965560, 0x00000260ff480ff0, 0x00000260ff47db70,
0x00000260ff47ce50, 0x00000260ff47baa0, 0x00000260ff480960, 0x00000260ff47fc40,
0x00000260ff47a060, 0x00000260ff481680, 0x00000260ff47ef20, 0x00000260ff47a6f0,
0x00000260ff47c130, 0x00000260ff47d4e0, 0x00000260ff47b410, 0x00000260ff47e200,
0x00000260931b2e00, 0x00000260ff47e890, 0x00000260ff47f5b0, 0x00000260ff4802d0,
0x00000260937aedc0, 0x00000260937accf0, 0x00000260937b1520
}

Java Threads: ( => current thread )
  0x00000260f0092030 JavaThread "main"                              [_thread_blocked, id=5532, stack(0x0000007749f00000,0x000000774a000000) (1024K)]
  0x00000260fca7ae80 JavaThread "Reference Handler"          daemon [_thread_blocked, id=1768, stack(0x000000774a700000,0x000000774a800000) (1024K)]
  0x00000260fca5d480 JavaThread "Finalizer"                  daemon [_thread_blocked, id=4356, stack(0x000000774a800000,0x000000774a900000) (1024K)]
  0x00000260fca84160 JavaThread "Signal Dispatcher"          daemon [_thread_blocked, id=6232, stack(0x000000774a900000,0x000000774aa00000) (1024K)]
  0x00000260fca84bc0 JavaThread "Attach Listener"            daemon [_thread_blocked, id=3500, stack(0x000000774aa00000,0x000000774ab00000) (1024K)]
  0x00000260fca85620 JavaThread "Service Thread"             daemon [_thread_blocked, id=3240, stack(0x000000774ab00000,0x000000774ac00000) (1024K)]
  0x00000260fca5fef0 JavaThread "Monitor Deflation Thread"   daemon [_thread_blocked, id=10792, stack(0x000000774ac00000,0x000000774ad00000) (1024K)]
  0x00000260fca62960 JavaThread "C2 CompilerThread0"         daemon [_thread_in_native, id=1036, stack(0x000000774ad00000,0x000000774ae00000) (1024K)]
  0x00000260fca8dfe0 JavaThread "C1 CompilerThread0"         daemon [_thread_blocked, id=1820, stack(0x000000774ae00000,0x000000774af00000) (1024K)]
  0x00000260fcb68f30 JavaThread "Common-Cleaner"             daemon [_thread_blocked, id=7180, stack(0x000000774af00000,0x000000774b000000) (1024K)]
  0x00000260fce4a0c0 JavaThread "Notification Thread"        daemon [_thread_blocked, id=7052, stack(0x000000774b000000,0x000000774b100000) (1024K)]
  0x00000260fe5c7330 JavaThread "Daemon health stats"               [_thread_blocked, id=11132, stack(0x000000774b500000,0x000000774b600000) (1024K)]
  0x00000260fe702650 JavaThread "Incoming local TCP Connector on port 51848"        [_thread_in_native, id=9108, stack(0x000000774b600000,0x000000774b700000) (1024K)]
  0x00000260fe51b810 JavaThread "Daemon periodic checks"            [_thread_blocked, id=9104, stack(0x000000774b700000,0x000000774b800000) (1024K)]
  0x00000260fe838450 JavaThread "Daemon"                            [_thread_blocked, id=9096, stack(0x000000774b800000,0x000000774b900000) (1024K)]
  0x00000260fd4497e0 JavaThread "Handler for socket connection from /127.0.0.1:51848 to /127.0.0.1:51849"        [_thread_in_native, id=8716, stack(0x000000774b900000,0x000000774ba00000) (1024K)]
  0x00000260fe74fdc0 JavaThread "Cancel handler"                    [_thread_blocked, id=9020, stack(0x000000774ba00000,0x000000774bb00000) (1024K)]
  0x00000260fe750430 JavaThread "Daemon worker"                     [_thread_blocked, id=8828, stack(0x000000774bb00000,0x000000774bc00000) (1024K)]
  0x00000260fe966280 JavaThread "Asynchronous log dispatcher for DefaultDaemonConnection: socket connection from /127.0.0.1:51848 to /127.0.0.1:51849"        [_thread_blocked, id=8880, stack(0x000000774bc00000,0x000000774bd00000) (1024K)]
  0x00000260fe965bf0 JavaThread "Stdin handler"                     [_thread_blocked, id=4244, stack(0x000000774bd00000,0x000000774be00000) (1024K)]
  0x00000260fe9641b0 JavaThread "Daemon client event forwarder"        [_thread_blocked, id=1572, stack(0x000000774be00000,0x000000774bf00000) (1024K)]
  0x00000260fe966fa0 JavaThread "Cache worker for journal cache (C:\Users\ADMIN\.gradle\caches\journal-1)"        [_thread_blocked, id=8700, stack(0x000000774bf00000,0x000000774c000000) (1024K)]
  0x00000260fe966910 JavaThread "File lock request listener"        [_thread_in_native, id=9100, stack(0x000000774c000000,0x000000774c100000) (1024K)]
  0x00000260fe967630 JavaThread "Cache worker for file hash cache (C:\Users\ADMIN\.gradle\caches\8.10.2\fileHashes)"        [_thread_blocked, id=4436, stack(0x000000774c100000,0x000000774c200000) (1024K)]
  0x00000260fe964ed0 JavaThread "Cache worker for file hash cache (C:\Users\ADMIN\AndroidStudioProjects\MyApplication\.gradle\8.10.2\fileHashes)"        [_thread_blocked, id=9132, stack(0x000000774c200000,0x000000774c300000) (1024K)]
  0x00000260fe965560 JavaThread "Cache worker for Build Output Cleanup Cache (C:\Users\ADMIN\AndroidStudioProjects\MyApplication\.gradle\buildOutputCleanup)"        [_thread_blocked, id=9112, stack(0x000000774c300000,0x000000774c400000) (1024K)]
  0x00000260ff480ff0 JavaThread "File watcher server"        daemon [_thread_in_native, id=9788, stack(0x000000774c400000,0x000000774c500000) (1024K)]
  0x00000260ff47db70 JavaThread "File watcher consumer"      daemon [_thread_blocked, id=9776, stack(0x000000774c500000,0x000000774c600000) (1024K)]
  0x00000260ff47ce50 JavaThread "jar transforms"                    [_thread_blocked, id=11136, stack(0x000000774c600000,0x000000774c700000) (1024K)]
  0x00000260ff47baa0 JavaThread "jar transforms Thread 2"           [_thread_blocked, id=9800, stack(0x000000774c700000,0x000000774c800000) (1024K)]
  0x00000260ff480960 JavaThread "jar transforms Thread 3"           [_thread_blocked, id=8940, stack(0x000000774c800000,0x000000774c900000) (1024K)]
  0x00000260ff47fc40 JavaThread "jar transforms Thread 4"           [_thread_blocked, id=10856, stack(0x000000774c900000,0x000000774ca00000) (1024K)]
  0x00000260ff47a060 JavaThread "Cache worker for checksums cache (C:\Users\ADMIN\AndroidStudioProjects\MyApplication\.gradle\8.10.2\checksums)"        [_thread_blocked, id=5080, stack(0x000000774ca00000,0x000000774cb00000) (1024K)]
  0x00000260ff481680 JavaThread "Cache worker for file content cache (C:\Users\ADMIN\.gradle\caches\8.10.2\fileContent)"        [_thread_blocked, id=8968, stack(0x000000774cb00000,0x000000774cc00000) (1024K)]
  0x00000260ff47ef20 JavaThread "Cache worker for cache directory md-rule (C:\Users\ADMIN\.gradle\caches\8.10.2\md-rule)"        [_thread_blocked, id=11024, stack(0x000000774cc00000,0x000000774cd00000) (1024K)]
  0x00000260ff47a6f0 JavaThread "Cache worker for cache directory md-supplier (C:\Users\ADMIN\.gradle\caches\8.10.2\md-supplier)"        [_thread_blocked, id=9140, stack(0x000000774cd00000,0x000000774ce00000) (1024K)]
  0x00000260ff47c130 JavaThread "Unconstrained build operations"        [_thread_blocked, id=1816, stack(0x000000774b300000,0x000000774b400000) (1024K)]
  0x00000260ff47d4e0 JavaThread "Unconstrained build operations Thread 2"        [_thread_blocked, id=2720, stack(0x000000774ce00000,0x000000774cf00000) (1024K)]
  0x00000260ff47b410 JavaThread "Unconstrained build operations Thread 3"        [_thread_blocked, id=2860, stack(0x000000774cf00000,0x000000774d000000) (1024K)]
  0x00000260ff47e200 JavaThread "Unconstrained build operations Thread 4"        [_thread_blocked, id=2256, stack(0x000000774d000000,0x000000774d100000) (1024K)]
  0x00000260931b2e00 JavaThread "C2 CompilerThread1"         daemon [_thread_blocked, id=7280, stack(0x000000774d100000,0x000000774d200000) (1024K)]
  0x00000260ff47e890 JavaThread "Unconstrained build operations Thread 5"        [_thread_blocked, id=7364, stack(0x000000774d200000,0x000000774d300000) (1024K)]
  0x00000260ff47f5b0 JavaThread "Unconstrained build operations Thread 6"        [_thread_blocked, id=7368, stack(0x000000774d300000,0x000000774d400000) (1024K)]
  0x00000260ff4802d0 JavaThread "Unconstrained build operations Thread 7"        [_thread_blocked, id=7336, stack(0x000000774d400000,0x000000774d500000) (1024K)]
  0x00000260937aedc0 JavaThread "Unconstrained build operations Thread 8"        [_thread_blocked, id=3148, stack(0x000000774d500000,0x000000774d600000) (1024K)]
  0x00000260937accf0 JavaThread "Unconstrained build operations Thread 9"        [_thread_blocked, id=7964, stack(0x000000774d600000,0x000000774d700000) (1024K)]
  0x00000260937b1520 JavaThread "Unconstrained build operations Thread 10"        [_thread_blocked, id=7352, stack(0x000000774d700000,0x000000774d800000) (1024K)]
Total: 47

Other Threads:
=>0x00000260fc78e4b0 VMThread "VM Thread"                           [id=8048, stack(0x000000774a600000,0x000000774a700000) (1024K)]
  0x00000260fc72bf80 WatcherThread "VM Periodic Task Thread"        [id=9992, stack(0x000000774a500000,0x000000774a600000) (1024K)]
  0x00000260f0235f40 WorkerThread "GC Thread#0"                     [id=7788, stack(0x000000774a000000,0x000000774a100000) (1024K)]
  0x00000260fcdd6b80 WorkerThread "GC Thread#1"                     [id=10368, stack(0x000000774b100000,0x000000774b200000) (1024K)]
  0x00000260fcdd6f20 WorkerThread "GC Thread#2"                     [id=888, stack(0x000000774b200000,0x000000774b300000) (1024K)]
  0x00000260fda840d0 WorkerThread "GC Thread#3"                     [id=7092, stack(0x000000774b400000,0x000000774b500000) (1024K)]
  0x00000260f0246fa0 ConcurrentGCThread "G1 Main Marker"            [id=3712, stack(0x000000774a100000,0x000000774a200000) (1024K)]
  0x00000260f0248150 WorkerThread "G1 Conc#0"                       [id=2836, stack(0x000000774a200000,0x000000774a300000) (1024K)]
  0x00000260f02998c0 ConcurrentGCThread "G1 Refine#0"               [id=6676, stack(0x000000774a300000,0x000000774a400000) (1024K)]
  0x00000260fc6014a0 ConcurrentGCThread "G1 Service"                [id=9616, stack(0x000000774a400000,0x000000774a500000) (1024K)]
Total: 10

Threads with active compile tasks:
C2 CompilerThread0    11044 6180       4       org.objectweb.asm.ClassReader::readCode (5117 bytes)
C1 CompilerThread0    11044 6404 %     3       org.objectweb.asm.ClassReader::accept @ 1392 (1419 bytes)
C2 CompilerThread1    11045 6396       4       java.util.TreeMap::put (221 bytes)
Total: 3

VM state: at safepoint (normal execution)

VM Mutex/Monitor currently owned by a thread:  ([mutex/lock_event])
[0x00007ffe357d72f8] Threads_lock - owner thread: 0x00000260fc78e4b0
[0x00007ffe357d73f8] Heap_lock - owner thread: 0x00000260937aedc0

Heap address: 0x0000000700000000, size: 4096 MB, Compressed Oops mode: Zero based, Oop shift amount: 3

CDS archive(s) not mapped
Compressed class space mapped at: 0x0000000800000000-0x0000000840000000, reserved size: 1073741824
Narrow klass base: 0x0000000800000000, Narrow klass shift: 0, Narrow klass range: 0x40000000

GC Precious Log:
 CardTable entry size: 512
 Card Set container configuration: InlinePtr #cards 4 size 8 Array Of Cards #cards 16 size 48 Howl #buckets 8 coarsen threshold 3686 Howl Bitmap #cards 512 size 80 coarsen threshold 460 Card regions per heap region 1 cards per card region 4096
 CPUs: 4 total, 4 available
 Memory: 10178M
 Large Page Support: Disabled
 NUMA Support: Disabled
 Compressed Oops: Enabled (Zero based)
 Heap Region Size: 2M
 Heap Min Capacity: 8M
 Heap Initial Capacity: 160M
 Heap Max Capacity: 4G
 Pre-touch: Disabled
 Parallel Workers: 4
 Concurrent Workers: 1
 Concurrent Refinement Workers: 4
 Periodic GC: Disabled

Heap:
 garbage-first heap   total 167936K, used 123848K [0x0000000700000000, 0x0000000800000000)
  region size 2048K, 2 young (4096K), 2 survivors (4096K)
 Metaspace       used 58008K, committed 59520K, reserved 1114112K
  class space    used 7851K, committed 8576K, reserved 1048576K

Heap Regions: E=young(eden), S=young(survivor), O=old, HS=humongous(starts), HC=humongous(continues), CS=collection set, F=free, TAMS=top-at-mark-start, PB=parsable bottom
|   0|0x0000000700000000, 0x0000000700200000, 0x0000000700200000|100%|HS|  |TAMS 0x0000000700000000| PB 0x0000000700000000| Complete 
|   1|0x0000000700200000, 0x0000000700400000, 0x0000000700400000|100%|HC|  |TAMS 0x0000000700200000| PB 0x0000000700200000| Complete 
|   2|0x0000000700400000, 0x0000000700600000, 0x0000000700600000|100%| O|  |TAMS 0x0000000700400000| PB 0x0000000700400000| Untracked 
|   3|0x0000000700600000, 0x0000000700800000, 0x0000000700800000|100%| O|  |TAMS 0x0000000700600000| PB 0x0000000700600000| Untracked 
|   4|0x0000000700800000, 0x0000000700a00000, 0x0000000700a00000|100%| O|  |TAMS 0x0000000700800000| PB 0x0000000700800000| Untracked 
|   5|0x0000000700a00000, 0x0000000700c00000, 0x0000000700c00000|100%| O|  |TAMS 0x0000000700a00000| PB 0x0000000700a00000| Untracked 
|   6|0x0000000700c00000, 0x0000000700e00000, 0x0000000700e00000|100%| O|  |TAMS 0x0000000700c00000| PB 0x0000000700c00000| Untracked 
|   7|0x0000000700e00000, 0x0000000701000000, 0x0000000701000000|100%| O|  |TAMS 0x0000000700e00000| PB 0x0000000700e00000| Untracked 
|   8|0x0000000701000000, 0x0000000701200000, 0x0000000701200000|100%| O|  |TAMS 0x0000000701000000| PB 0x0000000701000000| Untracked 
|   9|0x0000000701200000, 0x0000000701400000, 0x0000000701400000|100%| O|  |TAMS 0x0000000701200000| PB 0x0000000701200000| Untracked 
|  10|0x0000000701400000, 0x0000000701600000, 0x0000000701600000|100%| O|  |TAMS 0x0000000701400000| PB 0x0000000701400000| Untracked 
|  11|0x0000000701600000, 0x0000000701800000, 0x0000000701800000|100%| O|  |TAMS 0x0000000701600000| PB 0x0000000701600000| Untracked 
|  12|0x0000000701800000, 0x0000000701a00000, 0x0000000701a00000|100%|HS|  |TAMS 0x0000000701800000| PB 0x0000000701800000| Complete 
|  13|0x0000000701a00000, 0x0000000701c00000, 0x0000000701c00000|100%|HC|  |TAMS 0x0000000701a00000| PB 0x0000000701a00000| Complete 
|  14|0x0000000701c00000, 0x0000000701e00000, 0x0000000701e00000|100%| O|  |TAMS 0x0000000701c00000| PB 0x0000000701c00000| Untracked 
|  15|0x0000000701e00000, 0x0000000702000000, 0x0000000702000000|100%| O|  |TAMS 0x0000000701e00000| PB 0x0000000701e00000| Untracked 
|  16|0x0000000702000000, 0x0000000702200000, 0x0000000702200000|100%|HS|  |TAMS 0x0000000702000000| PB 0x0000000702000000| Complete 
|  17|0x0000000702200000, 0x0000000702400000, 0x0000000702400000|100%|HS|  |TAMS 0x0000000702200000| PB 0x0000000702200000| Complete 
|  18|0x0000000702400000, 0x0000000702600000, 0x0000000702600000|100%|HC|  |TAMS 0x0000000702400000| PB 0x0000000702400000| Complete 
|  19|0x0000000702600000, 0x0000000702800000, 0x0000000702800000|100%|HC|  |TAMS 0x0000000702600000| PB 0x0000000702600000| Complete 
|  20|0x0000000702800000, 0x0000000702a00000, 0x0000000702a00000|100%| O|  |TAMS 0x0000000702800000| PB 0x0000000702800000| Untracked 
|  21|0x0000000702a00000, 0x0000000702c00000, 0x0000000702c00000|100%| O|  |TAMS 0x0000000702a00000| PB 0x0000000702a00000| Untracked 
|  22|0x0000000702c00000, 0x0000000702e00000, 0x0000000702e00000|100%| O|  |TAMS 0x0000000702c00000| PB 0x0000000702c00000| Untracked 
|  23|0x0000000702e00000, 0x0000000703000000, 0x0000000703000000|100%| O|  |TAMS 0x0000000702e00000| PB 0x0000000702e00000| Untracked 
|  24|0x0000000703000000, 0x0000000703200000, 0x0000000703200000|100%|HS|  |TAMS 0x0000000703000000| PB 0x0000000703000000| Complete 
|  25|0x0000000703200000, 0x0000000703400000, 0x0000000703400000|100%| O|  |TAMS 0x0000000703200000| PB 0x0000000703200000| Untracked 
|  26|0x0000000703400000, 0x0000000703600000, 0x0000000703600000|100%| O|  |TAMS 0x0000000703400000| PB 0x0000000703400000| Untracked 
|  27|0x0000000703600000, 0x0000000703800000, 0x0000000703800000|100%| O|  |TAMS 0x0000000703600000| PB 0x0000000703600000| Untracked 
|  28|0x0000000703800000, 0x0000000703a00000, 0x0000000703a00000|100%| O|  |TAMS 0x0000000703800000| PB 0x0000000703800000| Untracked 
|  29|0x0000000703a00000, 0x0000000703c00000, 0x0000000703c00000|100%| O|  |TAMS 0x0000000703a00000| PB 0x0000000703a00000| Untracked 
|  30|0x0000000703c00000, 0x0000000703e00000, 0x0000000703e00000|100%| O|  |TAMS 0x0000000703c00000| PB 0x0000000703c00000| Untracked 
|  31|0x0000000703e00000, 0x0000000704000000, 0x0000000704000000|100%| O|  |TAMS 0x0000000703e00000| PB 0x0000000703e00000| Untracked 
|  32|0x0000000704000000, 0x0000000704200000, 0x0000000704200000|100%| O|  |TAMS 0x0000000704000000| PB 0x0000000704000000| Untracked 
|  33|0x0000000704200000, 0x0000000704400000, 0x0000000704400000|100%| O|  |TAMS 0x0000000704200000| PB 0x0000000704200000| Untracked 
|  34|0x0000000704400000, 0x0000000704600000, 0x0000000704600000|100%| O|  |TAMS 0x0000000704400000| PB 0x0000000704400000| Untracked 
|  35|0x0000000704600000, 0x0000000704800000, 0x0000000704800000|100%| O|  |TAMS 0x0000000704600000| PB 0x0000000704600000| Untracked 
|  36|0x0000000704800000, 0x0000000704a00000, 0x0000000704a00000|100%| O|  |TAMS 0x0000000704800000| PB 0x0000000704800000| Untracked 
|  37|0x0000000704a00000, 0x0000000704c00000, 0x0000000704c00000|100%| O|  |TAMS 0x0000000704a00000| PB 0x0000000704a00000| Untracked 
|  38|0x0000000704c00000, 0x0000000704e00000, 0x0000000704e00000|100%| O|  |TAMS 0x0000000704c00000| PB 0x0000000704c00000| Untracked 
|  39|0x0000000704e00000, 0x0000000705000000, 0x0000000705000000|100%| O|  |TAMS 0x0000000704e00000| PB 0x0000000704e00000| Untracked 
|  40|0x0000000705000000, 0x0000000705200000, 0x0000000705200000|100%| O|  |TAMS 0x0000000705000000| PB 0x0000000705000000| Untracked 
|  41|0x0000000705200000, 0x0000000705400000, 0x0000000705400000|100%| O|  |TAMS 0x0000000705200000| PB 0x0000000705200000| Untracked 
|  42|0x0000000705400000, 0x0000000705600000, 0x0000000705600000|100%| O|  |TAMS 0x0000000705400000| PB 0x0000000705400000| Untracked 
|  43|0x0000000705600000, 0x0000000705800000, 0x0000000705800000|100%| O|  |TAMS 0x0000000705600000| PB 0x0000000705600000| Untracked 
|  44|0x0000000705800000, 0x0000000705800000, 0x0000000705a00000|  0%| F|  |TAMS 0x0000000705800000| PB 0x0000000705800000| Untracked 
|  45|0x0000000705a00000, 0x0000000705c00000, 0x0000000705c00000|100%| O|  |TAMS 0x0000000705a00000| PB 0x0000000705a00000| Untracked 
|  46|0x0000000705c00000, 0x0000000705e00000, 0x0000000705e00000|100%| O|  |TAMS 0x0000000705c00000| PB 0x0000000705c00000| Untracked 
|  47|0x0000000705e00000, 0x0000000706000000, 0x0000000706000000|100%| O|  |TAMS 0x0000000705e00000| PB 0x0000000705e00000| Untracked 
|  48|0x0000000706000000, 0x0000000706200000, 0x0000000706200000|100%| O|  |TAMS 0x0000000706000000| PB 0x0000000706000000| Untracked 
|  49|0x0000000706200000, 0x0000000706400000, 0x0000000706400000|100%| O|  |TAMS 0x0000000706200000| PB 0x0000000706200000| Untracked 
|  50|0x0000000706400000, 0x0000000706600000, 0x0000000706600000|100%| O|  |TAMS 0x0000000706400000| PB 0x0000000706400000| Untracked 
|  51|0x0000000706600000, 0x0000000706800000, 0x0000000706800000|100%| O|  |TAMS 0x0000000706600000| PB 0x0000000706600000| Untracked 
|  52|0x0000000706800000, 0x0000000706a00000, 0x0000000706a00000|100%| O|  |TAMS 0x0000000706800000| PB 0x0000000706800000| Untracked 
|  53|0x0000000706a00000, 0x0000000706c00000, 0x0000000706c00000|100%| O|  |TAMS 0x0000000706a00000| PB 0x0000000706a00000| Untracked 
|  54|0x0000000706c00000, 0x0000000706e00000, 0x0000000706e00000|100%| O|  |TAMS 0x0000000706c00000| PB 0x0000000706c00000| Untracked 
|  55|0x0000000706e00000, 0x0000000707000000, 0x0000000707000000|100%| O|  |TAMS 0x0000000706e00000| PB 0x0000000706e00000| Untracked 
|  56|0x0000000707000000, 0x0000000707200000, 0x0000000707200000|100%| O|  |TAMS 0x0000000707000000| PB 0x0000000707000000| Untracked 
|  57|0x0000000707200000, 0x0000000707400000, 0x0000000707400000|100%| O|  |TAMS 0x0000000707200000| PB 0x0000000707200000| Untracked 
|  58|0x0000000707400000, 0x00000007074f2210, 0x0000000707600000| 47%| O|  |TAMS 0x0000000707400000| PB 0x0000000707400000| Untracked 
|  59|0x0000000707600000, 0x0000000707600000, 0x0000000707800000|  0%| F|  |TAMS 0x0000000707600000| PB 0x0000000707600000| Untracked 
|  60|0x0000000707800000, 0x0000000707800000, 0x0000000707a00000|  0%| F|  |TAMS 0x0000000707800000| PB 0x0000000707800000| Untracked 
|  61|0x0000000707a00000, 0x0000000707a00000, 0x0000000707c00000|  0%| F|  |TAMS 0x0000000707a00000| PB 0x0000000707a00000| Untracked 
|  62|0x0000000707c00000, 0x0000000707c00000, 0x0000000707e00000|  0%| F|  |TAMS 0x0000000707c00000| PB 0x0000000707c00000| Untracked 
|  63|0x0000000707e00000, 0x0000000707e00000, 0x0000000708000000|  0%| F|  |TAMS 0x0000000707e00000| PB 0x0000000707e00000| Untracked 
|  64|0x0000000708000000, 0x0000000708000000, 0x0000000708200000|  0%| F|  |TAMS 0x0000000708000000| PB 0x0000000708000000| Untracked 
|  65|0x0000000708200000, 0x0000000708200000, 0x0000000708400000|  0%| F|  |TAMS 0x0000000708200000| PB 0x0000000708200000| Untracked 
|  66|0x0000000708400000, 0x0000000708400000, 0x0000000708600000|  0%| F|  |TAMS 0x0000000708400000| PB 0x0000000708400000| Untracked 
|  67|0x0000000708600000, 0x0000000708600000, 0x0000000708800000|  0%| F|  |TAMS 0x0000000708600000| PB 0x0000000708600000| Untracked 
|  68|0x0000000708800000, 0x0000000708a00000, 0x0000000708a00000|100%| S|CS|TAMS 0x0000000708800000| PB 0x0000000708800000| Complete 
|  69|0x0000000708a00000, 0x0000000708c00000, 0x0000000708c00000|100%| S|CS|TAMS 0x0000000708a00000| PB 0x0000000708a00000| Complete 
|  70|0x0000000708c00000, 0x0000000708c00000, 0x0000000708e00000|  0%| F|  |TAMS 0x0000000708c00000| PB 0x0000000708c00000| Untracked 
|  71|0x0000000708e00000, 0x0000000708e00000, 0x0000000709000000|  0%| F|  |TAMS 0x0000000708e00000| PB 0x0000000708e00000| Untracked 
|  72|0x0000000709000000, 0x0000000709000000, 0x0000000709200000|  0%| F|  |TAMS 0x0000000709000000| PB 0x0000000709000000| Untracked 
|  73|0x0000000709200000, 0x0000000709200000, 0x0000000709400000|  0%| F|  |TAMS 0x0000000709200000| PB 0x0000000709200000| Untracked 
|  74|0x0000000709400000, 0x0000000709400000, 0x0000000709600000|  0%| F|  |TAMS 0x0000000709400000| PB 0x0000000709400000| Untracked 
|  75|0x0000000709600000, 0x0000000709600000, 0x0000000709800000|  0%| F|  |TAMS 0x0000000709600000| PB 0x0000000709600000| Untracked 
|  76|0x0000000709800000, 0x0000000709800000, 0x0000000709a00000|  0%| F|  |TAMS 0x0000000709800000| PB 0x0000000709800000| Untracked 
|  77|0x0000000709a00000, 0x0000000709a00000, 0x0000000709c00000|  0%| F|  |TAMS 0x0000000709a00000| PB 0x0000000709a00000| Untracked 
|  78|0x0000000709c00000, 0x0000000709c00000, 0x0000000709e00000|  0%| F|  |TAMS 0x0000000709c00000| PB 0x0000000709c00000| Untracked 
|  79|0x0000000709e00000, 0x0000000709e00000, 0x000000070a000000|  0%| F|  |TAMS 0x0000000709e00000| PB 0x0000000709e00000| Untracked 
|2046|0x00000007ffc00000, 0x00000007ffe00000, 0x00000007ffe00000|100%| O|  |TAMS 0x00000007ffc00000| PB 0x00000007ffc00000| Untracked 
|2047|0x00000007ffe00000, 0x00000007ffe00000, 0x0000000800000000|  0%| F|  |TAMS 0x00000007ffe00000| PB 0x00000007ffe00000| Untracked 

Card table byte_map: [0x00000260f5950000,0x00000260f6150000] _byte_map_base: 0x00000260f2150000

Marking Bits: (CMBitMap*) 0x00000260f0236550
 Bits: [0x00000260f6150000, 0x00000260fa150000)

Polling page: 0x00000260f02a0000

Metaspace:

Usage:
  Non-class:     48.98 MB used.
      Class:      7.67 MB used.
       Both:     56.65 MB used.

Virtual space:
  Non-class space:       64.00 MB reserved,      49.75 MB ( 78%) committed,  1 nodes.
      Class space:        1.00 GB reserved,       8.38 MB ( <1%) committed,  1 nodes.
             Both:        1.06 GB reserved,      58.12 MB (  5%) committed. 

Chunk freelists:
   Non-Class:  13.45 MB
       Class:  7.44 MB
        Both:  20.89 MB

MaxMetaspaceSize: unlimited
CompressedClassSpaceSize: 1.00 GB
Initial GC threshold: 21.00 MB
Current GC threshold: 96.88 MB
CDS: off
 - commit_granule_bytes: 65536.
 - commit_granule_words: 8192.
 - virtual_space_node_default_size: 8388608.
 - enlarge_chunks_in_place: 1.
 - use_allocation_guard: 0.


Internal statistics:

num_allocs_failed_limit: 3.
num_arena_births: 2742.
num_arena_deaths: 0.
num_vsnodes_births: 2.
num_vsnodes_deaths: 0.
num_space_committed: 930.
num_space_uncommitted: 0.
num_chunks_returned_to_freelist: 3.
num_chunks_taken_from_freelist: 5077.
num_chunk_merges: 3.
num_chunk_splits: 3221.
num_chunks_enlarged: 1942.
num_inconsistent_stats: 0.

CodeHeap 'non-profiled nmethods': size=120000Kb used=2774Kb max_used=2777Kb free=117225Kb
 bounds [0x0000026087ad0000, 0x0000026087d90000, 0x000002608f000000]
CodeHeap 'profiled nmethods': size=120000Kb used=10743Kb max_used=11017Kb free=109256Kb
 bounds [0x0000026080000000, 0x0000026080ad0000, 0x0000026087530000]
CodeHeap 'non-nmethods': size=5760Kb used=2698Kb max_used=2751Kb free=3061Kb
 bounds [0x0000026087530000, 0x00000260877f0000, 0x0000026087ad0000]
 total_blobs=6263 nmethods=5411 adapters=755
 compilation: enabled
              stopped_count=0, restarted_count=0
 full_count=0

Compilation events (20 events):
Event: 10.931 Thread 0x00000260931b2e00 nmethod 6391 0x0000026087c00490 code [0x0000026087c00640, 0x0000026087c00a70]
Event: 10.931 Thread 0x00000260931b2e00 6392       4       org.gradle.internal.classpath.transforms.InstrumentingBackwardsCompatibilityVisitor::fixInternalNameForBackwardCompatibility (55 bytes)
Event: 10.931 Thread 0x00000260fca8dfe0 nmethod 6393 0x00000260805e4d90 code [0x00000260805e4f40, 0x00000260805e5180]
Event: 10.934 Thread 0x00000260fca8dfe0 6394       2       sun.nio.ch.ChannelOutputStream::writeFully (36 bytes)
Event: 10.935 Thread 0x00000260fca8dfe0 nmethod 6394 0x0000026080409590 code [0x0000026080409760, 0x00000260804099f8]
Event: 10.935 Thread 0x00000260fca8dfe0 6395       2       sun.nio.ch.IOUtil::write (14 bytes)
Event: 10.935 Thread 0x00000260fca8dfe0 nmethod 6395 0x0000026080343510 code [0x00000260803436a0, 0x00000260803437b0]
Event: 10.944 Thread 0x00000260fca8dfe0 6397       3       org.objectweb.asm.MethodWriter::visitIntInsn (113 bytes)
Event: 10.945 Thread 0x00000260fca8dfe0 nmethod 6397 0x000002608088fe90 code [0x0000026080890080, 0x00000260808904f0]
Event: 10.947 Thread 0x00000260fca8dfe0 6398       2       org.objectweb.asm.MethodVisitor::visitLookupSwitchInsn (18 bytes)
Event: 10.947 Thread 0x00000260931b2e00 nmethod 6392 0x0000026087b7c890 code [0x0000026087b7ca60, 0x0000026087b7d1d8]
Event: 10.947 Thread 0x00000260931b2e00 6396       4       java.util.TreeMap::put (221 bytes)
Event: 10.947 Thread 0x00000260fca8dfe0 nmethod 6398 0x0000026080440b10 code [0x0000026080440cc0, 0x0000026080440e00]
Event: 10.969 Thread 0x00000260fca8dfe0 6400       2       org.objectweb.asm.ClassVisitor::visitOuterClass (18 bytes)
Event: 10.969 Thread 0x00000260fca8dfe0 nmethod 6400 0x000002608047a490 code [0x000002608047a640, 0x000002608047a780]
Event: 10.971 Thread 0x00000260fca8dfe0 6401       2       org.objectweb.asm.MethodWriter::visitIincInsn (135 bytes)
Event: 10.972 Thread 0x00000260fca8dfe0 nmethod 6401 0x00000260809c7a10 code [0x00000260809c7c00, 0x00000260809c7ef0]
Event: 10.980 Thread 0x00000260fca8dfe0 6402       3       org.objectweb.asm.ClassWriter::visitInnerClass (130 bytes)
Event: 10.981 Thread 0x00000260fca8dfe0 nmethod 6402 0x00000260805e2590 code [0x00000260805e27e0, 0x00000260805e3028]
Event: 10.991 Thread 0x00000260fca8dfe0 6404 %     3       org.objectweb.asm.ClassReader::accept @ 1392 (1419 bytes)

GC Heap History (20 events):
Event: 7.869 GC heap after
{Heap after GC invocations=16 (full 0):
 garbage-first heap   total 100352K, used 51672K [0x0000000700000000, 0x0000000800000000)
  region size 2048K, 3 young (6144K), 3 survivors (6144K)
 Metaspace       used 49145K, committed 50368K, reserved 1114112K
  class space    used 6633K, committed 7232K, reserved 1048576K
}
Event: 7.973 GC heap before
{Heap before GC invocations=16 (full 0):
 garbage-first heap   total 100352K, used 55768K [0x0000000700000000, 0x0000000800000000)
  region size 2048K, 7 young (14336K), 3 survivors (6144K)
 Metaspace       used 49603K, committed 50880K, reserved 1114112K
  class space    used 6683K, committed 7296K, reserved 1048576K
}
Event: 7.981 GC heap after
{Heap after GC invocations=17 (full 0):
 garbage-first heap   total 100352K, used 53592K [0x0000000700000000, 0x0000000800000000)
  region size 2048K, 3 young (6144K), 3 survivors (6144K)
 Metaspace       used 49603K, committed 50880K, reserved 1114112K
  class space    used 6683K, committed 7296K, reserved 1048576K
}
Event: 8.586 GC heap before
{Heap before GC invocations=18 (full 0):
 garbage-first heap   total 100352K, used 88408K [0x0000000700000000, 0x0000000800000000)
  region size 2048K, 18 young (36864K), 3 survivors (6144K)
 Metaspace       used 54096K, committed 55680K, reserved 1114112K
  class space    used 7295K, committed 8064K, reserved 1048576K
}
Event: 8.594 GC heap after
{Heap after GC invocations=19 (full 0):
 garbage-first heap   total 100352K, used 54491K [0x0000000700000000, 0x0000000800000000)
  region size 2048K, 2 young (4096K), 2 survivors (4096K)
 Metaspace       used 54096K, committed 55680K, reserved 1114112K
  class space    used 7295K, committed 8064K, reserved 1048576K
}
Event: 9.307 GC heap before
{Heap before GC invocations=19 (full 0):
 garbage-first heap   total 100352K, used 87259K [0x0000000700000000, 0x0000000800000000)
  region size 2048K, 17 young (34816K), 2 survivors (4096K)
 Metaspace       used 56559K, committed 58112K, reserved 1114112K
  class space    used 7692K, committed 8448K, reserved 1048576K
}
Event: 9.318 GC heap after
{Heap after GC invocations=20 (full 0):
 garbage-first heap   total 100352K, used 59638K [0x0000000700000000, 0x0000000800000000)
  region size 2048K, 3 young (6144K), 3 survivors (6144K)
 Metaspace       used 56559K, committed 58112K, reserved 1114112K
  class space    used 7692K, committed 8448K, reserved 1048576K
}
Event: 9.526 GC heap before
{Heap before GC invocations=20 (full 0):
 garbage-first heap   total 100352K, used 84214K [0x0000000700000000, 0x0000000800000000)
  region size 2048K, 16 young (32768K), 3 survivors (6144K)
 Metaspace       used 57655K, committed 59136K, reserved 1114112K
  class space    used 7850K, committed 8576K, reserved 1048576K
}
Event: 9.543 GC heap after
{Heap after GC invocations=21 (full 0):
 garbage-first heap   total 120832K, used 65248K [0x0000000700000000, 0x0000000800000000)
  region size 2048K, 2 young (4096K), 2 survivors (4096K)
 Metaspace       used 57655K, committed 59136K, reserved 1114112K
  class space    used 7850K, committed 8576K, reserved 1048576K
}
Event: 10.067 GC heap before
{Heap before GC invocations=22 (full 0):
 garbage-first heap   total 120832K, used 104160K [0x0000000700000000, 0x0000000800000000)
  region size 2048K, 21 young (43008K), 2 survivors (4096K)
 Metaspace       used 57840K, committed 59328K, reserved 1114112K
  class space    used 7851K, committed 8576K, reserved 1048576K
}
Event: 10.092 GC heap after
{Heap after GC invocations=23 (full 0):
 garbage-first heap   total 122880K, used 78964K [0x0000000700000000, 0x0000000800000000)
  region size 2048K, 3 young (6144K), 3 survivors (6144K)
 Metaspace       used 57840K, committed 59328K, reserved 1114112K
  class space    used 7851K, committed 8576K, reserved 1048576K
}
Event: 10.240 GC heap before
{Heap before GC invocations=23 (full 0):
 garbage-first heap   total 122880K, used 101492K [0x0000000700000000, 0x0000000800000000)
  region size 2048K, 15 young (30720K), 3 survivors (6144K)
 Metaspace       used 57894K, committed 59392K, reserved 1114112K
  class space    used 7851K, committed 8576K, reserved 1048576K
}
Event: 10.267 GC heap after
{Heap after GC invocations=24 (full 0):
 garbage-first heap   total 124928K, used 91469K [0x0000000700000000, 0x0000000800000000)
  region size 2048K, 2 young (4096K), 2 survivors (4096K)
 Metaspace       used 57894K, committed 59392K, reserved 1114112K
  class space    used 7851K, committed 8576K, reserved 1048576K
}
Event: 10.377 GC heap before
{Heap before GC invocations=24 (full 0):
 garbage-first heap   total 124928K, used 107853K [0x0000000700000000, 0x0000000800000000)
  region size 2048K, 10 young (20480K), 2 survivors (4096K)
 Metaspace       used 57904K, committed 59456K, reserved 1114112K
  class space    used 7851K, committed 8576K, reserved 1048576K
}
Event: 10.396 GC heap after
{Heap after GC invocations=25 (full 0):
 garbage-first heap   total 124928K, used 98560K [0x0000000700000000, 0x0000000800000000)
  region size 2048K, 2 young (4096K), 2 survivors (4096K)
 Metaspace       used 57904K, committed 59456K, reserved 1114112K
  class space    used 7851K, committed 8576K, reserved 1048576K
}
Event: 10.631 GC heap before
{Heap before GC invocations=25 (full 0):
 garbage-first heap   total 167936K, used 108800K [0x0000000700000000, 0x0000000800000000)
  region size 2048K, 7 young (14336K), 2 survivors (4096K)
 Metaspace       used 57981K, committed 59520K, reserved 1114112K
  class space    used 7851K, committed 8576K, reserved 1048576K
}
Event: 10.646 GC heap after
{Heap after GC invocations=26 (full 0):
 garbage-first heap   total 167936K, used 105475K [0x0000000700000000, 0x0000000800000000)
  region size 2048K, 1 young (2048K), 1 survivors (2048K)
 Metaspace       used 57981K, committed 59520K, reserved 1114112K
  class space    used 7851K, committed 8576K, reserved 1048576K
}
Event: 10.853 GC heap before
{Heap before GC invocations=27 (full 0):
 garbage-first heap   total 167936K, used 130051K [0x0000000700000000, 0x0000000800000000)
  region size 2048K, 14 young (28672K), 1 survivors (2048K)
 Metaspace       used 58003K, committed 59520K, reserved 1114112K
  class space    used 7851K, committed 8576K, reserved 1048576K
}
Event: 10.878 GC heap after
{Heap after GC invocations=28 (full 0):
 garbage-first heap   total 167936K, used 120185K [0x0000000700000000, 0x0000000800000000)
  region size 2048K, 2 young (4096K), 2 survivors (4096K)
 Metaspace       used 58003K, committed 59520K, reserved 1114112K
  class space    used 7851K, committed 8576K, reserved 1048576K
}
Event: 10.997 GC heap before
{Heap before GC invocations=28 (full 0):
 garbage-first heap   total 167936K, used 140665K [0x0000000700000000, 0x0000000800000000)
  region size 2048K, 12 young (24576K), 2 survivors (4096K)
 Metaspace       used 58008K, committed 59520K, reserved 1114112K
  class space    used 7851K, committed 8576K, reserved 1048576K
}

Dll operation events (3 events):
Event: 0.010 Loaded shared library C:\Program Files\Android\Android Studio\jbr\bin\java.dll
Event: 0.017 Loaded shared library C:\Program Files\Android\Android Studio\jbr\bin\zip.dll
Event: 0.762 Loaded shared library C:\Program Files\Android\Android Studio\jbr\bin\verify.dll

Deoptimization events (20 events):
Event: 10.816 Thread 0x00000260937aedc0 DEOPT PACKING pc=0x000002608035ec05 sp=0x000000774d5fa170
Event: 10.816 Thread 0x00000260937aedc0 DEOPT UNPACKING pc=0x0000026087584e42 sp=0x000000774d5f95e0 mode 0
Event: 10.818 Thread 0x00000260937aedc0 DEOPT PACKING pc=0x000002608035ec05 sp=0x000000774d5fa170
Event: 10.818 Thread 0x00000260937aedc0 DEOPT UNPACKING pc=0x0000026087584e42 sp=0x000000774d5f95e0 mode 0
Event: 10.821 Thread 0x00000260937aedc0 DEOPT PACKING pc=0x000002608035ec05 sp=0x000000774d5f9d80
Event: 10.821 Thread 0x00000260937aedc0 DEOPT UNPACKING pc=0x0000026087584e42 sp=0x000000774d5f91f0 mode 0
Event: 10.823 Thread 0x00000260937aedc0 DEOPT PACKING pc=0x000002608035ec05 sp=0x000000774d5f9d80
Event: 10.823 Thread 0x00000260937aedc0 DEOPT UNPACKING pc=0x0000026087584e42 sp=0x000000774d5f91f0 mode 0
Event: 10.826 Thread 0x00000260937aedc0 DEOPT PACKING pc=0x000002608035ec05 sp=0x000000774d5f9d80
Event: 10.826 Thread 0x00000260937aedc0 DEOPT UNPACKING pc=0x0000026087584e42 sp=0x000000774d5f91f0 mode 0
Event: 10.833 Thread 0x00000260937aedc0 DEOPT PACKING pc=0x000002608035ec05 sp=0x000000774d5fa380
Event: 10.833 Thread 0x00000260937aedc0 DEOPT UNPACKING pc=0x0000026087584e42 sp=0x000000774d5f97f0 mode 0
Event: 10.840 Thread 0x00000260937aedc0 DEOPT PACKING pc=0x000002608035ec05 sp=0x000000774d5fa380
Event: 10.840 Thread 0x00000260937aedc0 DEOPT UNPACKING pc=0x0000026087584e42 sp=0x000000774d5f97f0 mode 0
Event: 10.847 Thread 0x00000260937aedc0 DEOPT PACKING pc=0x000002608035ec05 sp=0x000000774d5f9d80
Event: 10.847 Thread 0x00000260937aedc0 DEOPT UNPACKING pc=0x0000026087584e42 sp=0x000000774d5f91f0 mode 0
Event: 10.852 Thread 0x00000260937aedc0 DEOPT PACKING pc=0x000002608035ec05 sp=0x000000774d5fa170
Event: 10.852 Thread 0x00000260937aedc0 DEOPT UNPACKING pc=0x0000026087584e42 sp=0x000000774d5f95e0 mode 0
Event: 10.903 Thread 0x00000260937aedc0 DEOPT PACKING pc=0x000002608035ec05 sp=0x000000774d5f9d80
Event: 10.903 Thread 0x00000260937aedc0 DEOPT UNPACKING pc=0x0000026087584e42 sp=0x000000774d5f91f0 mode 0

Classes loaded (20 events):
Event: 9.006 Loading class sun/misc/SharedSecrets
Event: 9.006 Loading class sun/misc/SharedSecrets done
Event: 9.358 Loading class java/util/DualPivotQuicksort
Event: 9.359 Loading class java/util/DualPivotQuicksort done
Event: 9.421 Loading class java/nio/charset/UnsupportedCharsetException
Event: 9.421 Loading class java/nio/charset/UnsupportedCharsetException done
Event: 9.423 Loading class java/util/Collections$UnmodifiableSortedMap
Event: 9.424 Loading class java/util/Collections$UnmodifiableSortedMap done
Event: 9.425 Loading class java/util/zip/Deflater
Event: 9.425 Loading class java/util/zip/Deflater done
Event: 9.426 Loading class java/util/zip/Deflater$DeflaterZStreamRef
Event: 9.426 Loading class java/util/zip/Deflater$DeflaterZStreamRef done
Event: 9.432 Loading class java/util/zip/ZipFile$ZipEntryIterator
Event: 9.432 Loading class java/util/zip/ZipFile$ZipEntryIterator done
Event: 9.435 Loading class java/util/zip/ZipInputStream
Event: 9.436 Loading class java/util/zip/ZipInputStream done
Event: 9.490 Loading class java/nio/StringCharBuffer
Event: 9.490 Loading class java/nio/StringCharBuffer done
Event: 9.498 Loading class java/security/Key
Event: 9.498 Loading class java/security/Key done

Classes unloaded (0 events):
No events

Classes redefined (0 events):
No events

Internal exceptions (20 events):
Event: 8.992 Thread 0x00000260fe750430 Exception <a 'java/lang/ClassNotFoundException'{0x0000000704e64560}: sync_studio_tooling2_ais2m6qonlry9lh3pjou3sdz0BeanInfo> (0x0000000704e64560) 
thrown [s\src\hotspot\share\classfile\systemDictionary.cpp, line 312]
Event: 8.992 Thread 0x00000260fe750430 Exception <a 'java/lang/ClassNotFoundException'{0x0000000704e6afa0}: sync_studio_tooling2_ais2m6qonlry9lh3pjou3sdz0Customizer> (0x0000000704e6afa0) 
thrown [s\src\hotspot\share\classfile\systemDictionary.cpp, line 312]
Event: 9.006 Thread 0x00000260fe750430 Exception <a 'java/lang/ClassNotFoundException'{0x0000000704ef5b48}: sun/misc/SharedSecrets> (0x0000000704ef5b48) 
thrown [s\src\hotspot\share\classfile\systemDictionary.cpp, line 312]
Event: 9.006 Thread 0x00000260fe750430 Exception <a 'java/lang/ClassNotFoundException'{0x0000000704ef6e90}: org/gradle/util/GradleVersionBeanInfo> (0x0000000704ef6e90) 
thrown [s\src\hotspot\share\classfile\systemDictionary.cpp, line 312]
Event: 9.007 Thread 0x00000260fe750430 Exception <a 'java/lang/ClassNotFoundException'{0x0000000704f06f40}: org/gradle/util/GradleVersionCustomizer> (0x0000000704f06f40) 
thrown [s\src\hotspot\share\classfile\systemDictionary.cpp, line 312]
Event: 9.016 Thread 0x00000260fe750430 Exception <a 'java/lang/ClassNotFoundException'{0x0000000704f496b0}: org/gradle/util/internal/DefaultGradleVersionBeanInfo> (0x0000000704f496b0) 
thrown [s\src\hotspot\share\classfile\systemDictionary.cpp, line 312]
Event: 9.017 Thread 0x00000260fe750430 Exception <a 'java/lang/ClassNotFoundException'{0x0000000704f59f68}: org/gradle/util/internal/DefaultGradleVersionCustomizer> (0x0000000704f59f68) 
thrown [s\src\hotspot\share\classfile\systemDictionary.cpp, line 312]
Event: 9.029 Thread 0x00000260fe750430 Exception <a 'java/lang/ClassNotFoundException'{0x0000000704fd2de8}: org/gradle/invocation/DefaultGradle$DefaultGradleLifecycle_DecoratedBeanInfo> (0x0000000704fd2de8) 
thrown [s\src\hotspot\share\classfile\systemDictionary.cpp, line 312]
Event: 9.030 Thread 0x00000260fe750430 Exception <a 'java/lang/ClassNotFoundException'{0x0000000704fe36b0}: org/gradle/invocation/DefaultGradle$DefaultGradleLifecycleBeanInfo> (0x0000000704fe36b0) 
thrown [s\src\hotspot\share\classfile\systemDictionary.cpp, line 312]
Event: 9.030 Thread 0x00000260fe750430 Exception <a 'java/lang/ClassNotFoundException'{0x0000000704ff3de0}: org/gradle/invocation/DefaultGradle$DefaultGradleLifecycleCustomizer> (0x0000000704ff3de0) 
thrown [s\src\hotspot\share\classfile\systemDictionary.cpp, line 312]
Event: 9.032 Thread 0x00000260fe750430 Exception <a 'java/lang/ClassNotFoundException'{0x0000000704c090c8}: org/gradle/invocation/DefaultGradle$DefaultGradleLifecycle_DecoratedCustomizer> (0x0000000704c090c8) 
thrown [s\src\hotspot\share\classfile\systemDictionary.cpp, line 312]
Event: 9.060 Thread 0x00000260fe750430 Exception <a 'java/lang/ClassNotFoundException'{0x0000000704d08158}: ijInit1_ixcexy756e2zeioqcxe32g1hBeanInfo> (0x0000000704d08158) 
thrown [s\src\hotspot\share\classfile\systemDictionary.cpp, line 312]
Event: 9.061 Thread 0x00000260fe750430 Exception <a 'java/lang/ClassNotFoundException'{0x0000000704d0ead0}: ijInit1_ixcexy756e2zeioqcxe32g1hCustomizer> (0x0000000704d0ead0) 
thrown [s\src\hotspot\share\classfile\systemDictionary.cpp, line 312]
Event: 9.073 Thread 0x00000260fe750430 Exception <a 'java/lang/ClassNotFoundException'{0x0000000704d56f58}: ijInit1_ixcexy756e2zeioqcxe32g1h$_run_closure1BeanInfo> (0x0000000704d56f58) 
thrown [s\src\hotspot\share\classfile\systemDictionary.cpp, line 312]
Event: 9.073 Thread 0x00000260fe750430 Exception <a 'java/lang/ClassNotFoundException'{0x0000000704d5e2f0}: ijInit1_ixcexy756e2zeioqcxe32g1h$_run_closure1Customizer> (0x0000000704d5e2f0) 
thrown [s\src\hotspot\share\classfile\systemDictionary.cpp, line 312]
Event: 9.217 Thread 0x00000260937aedc0 Exception <a 'java/lang/IncompatibleClassChangeError'{0x00000007047aacd8}: Found class java.lang.Object, but interface was expected> (0x00000007047aacd8) 
thrown [s\src\hotspot\share\interpreter\linkResolver.cpp, line 851]
Event: 9.226 Thread 0x00000260937aedc0 Exception <a 'java/lang/NoSuchMethodError'{0x00000007047e53c8}: 'void java.lang.invoke.DirectMethodHandle$Holder.invokeStatic(java.lang.Object, java.lang.Object, java.lang.Object, java.lang.Object, java.lang.Object, java.lang.Object)'> (0x00000007047e53c8) 
thrown [s\src\hotspot\share\interpreter\linkResolver.cpp, line 784]
Event: 9.337 Thread 0x00000260937aedc0 Exception <a 'java/lang/NoSuchMethodError'{0x0000000709edbcc0}: 'void java.lang.invoke.DirectMethodHandle$Holder.invokeVirtual(java.lang.Object, java.lang.Object)'> (0x0000000709edbcc0) 
thrown [s\src\hotspot\share\interpreter\linkResolver.cpp, line 784]
Event: 9.408 Thread 0x00000260937aedc0 Exception <a 'sun/nio/fs/WindowsException'{0x0000000705811948}> (0x0000000705811948) 
thrown [s\src\hotspot\share\prims\jni.cpp, line 535]
Event: 9.434 Thread 0x00000260937aedc0 Implicit null exception at 0x0000026087d07576 to 0x0000026087d0811c

ZGC Phase Switch (0 events):
No events

VM Operations (20 events):
Event: 9.543 Executing VM operation: G1CollectForAllocation (G1 Evacuation Pause) done
Event: 9.715 Executing VM operation: G1PauseRemark
Event: 9.722 Executing VM operation: G1PauseRemark done
Event: 9.765 Executing VM operation: G1PauseCleanup
Event: 9.765 Executing VM operation: G1PauseCleanup done
Event: 10.067 Executing VM operation: G1CollectForAllocation (G1 Evacuation Pause)
Event: 10.092 Executing VM operation: G1CollectForAllocation (G1 Evacuation Pause) done
Event: 10.240 Executing VM operation: G1CollectForAllocation (G1 Evacuation Pause)
Event: 10.267 Executing VM operation: G1CollectForAllocation (G1 Evacuation Pause) done
Event: 10.377 Executing VM operation: G1CollectForAllocation (G1 Evacuation Pause)
Event: 10.396 Executing VM operation: G1CollectForAllocation (G1 Evacuation Pause) done
Event: 10.610 Executing VM operation: G1PauseRemark
Event: 10.616 Executing VM operation: G1PauseRemark done
Event: 10.631 Executing VM operation: G1CollectForAllocation (G1 Evacuation Pause)
Event: 10.646 Executing VM operation: G1CollectForAllocation (G1 Evacuation Pause) done
Event: 10.719 Executing VM operation: G1PauseCleanup
Event: 10.719 Executing VM operation: G1PauseCleanup done
Event: 10.853 Executing VM operation: G1CollectForAllocation (G1 Evacuation Pause)
Event: 10.878 Executing VM operation: G1CollectForAllocation (G1 Evacuation Pause) done
Event: 10.997 Executing VM operation: G1CollectForAllocation (G1 Evacuation Pause)

Memory protections (0 events):
No events

Nmethod flushes (20 events):
Event: 10.615 Thread 0x00000260fc78e4b0 flushing  nmethod 0x0000026080308210
Event: 10.615 Thread 0x00000260fc78e4b0 flushing  nmethod 0x0000026080343510
Event: 10.615 Thread 0x00000260fc78e4b0 flushing  nmethod 0x0000026080344b10
Event: 10.615 Thread 0x00000260fc78e4b0 flushing  nmethod 0x00000260803a5910
Event: 10.615 Thread 0x00000260fc78e4b0 flushing  nmethod 0x00000260803c6c90
Event: 10.615 Thread 0x00000260fc78e4b0 flushing  nmethod 0x0000026080458090
Event: 10.615 Thread 0x00000260fc78e4b0 flushing  nmethod 0x000002608048b310
Event: 10.615 Thread 0x00000260fc78e4b0 flushing  nmethod 0x00000260804ce390
Event: 10.615 Thread 0x00000260fc78e4b0 flushing  nmethod 0x0000026080510c90
Event: 10.615 Thread 0x00000260fc78e4b0 flushing  nmethod 0x0000026080511210
Event: 10.615 Thread 0x00000260fc78e4b0 flushing  nmethod 0x0000026080676690
Event: 10.615 Thread 0x00000260fc78e4b0 flushing  nmethod 0x000002608067d210
Event: 10.615 Thread 0x00000260fc78e4b0 flushing  nmethod 0x000002608069cf90
Event: 10.615 Thread 0x00000260fc78e4b0 flushing  nmethod 0x00000260806e2510
Event: 10.615 Thread 0x00000260fc78e4b0 flushing  nmethod 0x0000026080718590
Event: 10.615 Thread 0x00000260fc78e4b0 flushing  nmethod 0x0000026080743010
Event: 10.615 Thread 0x00000260fc78e4b0 flushing  nmethod 0x0000026080783090
Event: 10.615 Thread 0x00000260fc78e4b0 flushing  nmethod 0x00000260809bff90
Event: 10.615 Thread 0x00000260fc78e4b0 flushing  nmethod 0x00000260809c5b90
Event: 10.615 Thread 0x00000260fc78e4b0 flushing  nmethod 0x00000260809c6110

Events (20 events):
Event: 5.433 Thread 0x00000260fe750430 Thread added: 0x00000260ff47ce50
Event: 5.433 Thread 0x00000260fe750430 Thread added: 0x00000260ff47baa0
Event: 5.434 Thread 0x00000260fe750430 Thread added: 0x00000260ff480960
Event: 5.434 Thread 0x00000260fe750430 Thread added: 0x00000260ff47fc40
Event: 6.309 Thread 0x00000260fe750430 Thread added: 0x00000260ff47a060
Event: 6.356 Thread 0x00000260fe750430 Thread added: 0x00000260ff481680
Event: 6.540 Thread 0x00000260fe750430 Thread added: 0x00000260ff47ef20
Event: 6.738 Thread 0x00000260fe750430 Thread added: 0x00000260ff47a6f0
Event: 8.086 Thread 0x00000260fcef33b0 Thread exited: 0x00000260fcef33b0
Event: 8.814 Thread 0x00000260fe750430 Thread added: 0x00000260ff47c130
Event: 8.816 Thread 0x00000260fe750430 Thread added: 0x00000260ff47d4e0
Event: 8.866 Thread 0x00000260fe750430 Thread added: 0x00000260ff47b410
Event: 8.867 Thread 0x00000260fe750430 Thread added: 0x00000260ff47e200
Event: 8.871 Thread 0x00000260fca8dfe0 Thread added: 0x00000260931b2e00
Event: 9.090 Thread 0x00000260fe750430 Thread added: 0x00000260ff47e890
Event: 9.091 Thread 0x00000260fe750430 Thread added: 0x00000260ff47f5b0
Event: 9.092 Thread 0x00000260fe750430 Thread added: 0x00000260ff4802d0
Event: 9.136 Thread 0x00000260fe750430 Thread added: 0x00000260937aedc0
Event: 9.137 Thread 0x00000260fe750430 Thread added: 0x00000260937accf0
Event: 9.138 Thread 0x00000260fe750430 Thread added: 0x00000260937b1520


Dynamic libraries:
0x00007ff795a40000 - 0x00007ff795a4a000 	C:\Program Files\Android\Android Studio\jbr\bin\java.exe
0x00007ffe738f0000 - 0x00007ffe73ae8000 	C:\WINDOWS\SYSTEM32\ntdll.dll
0x00007ffe73600000 - 0x00007ffe736c2000 	C:\WINDOWS\System32\KERNEL32.DLL
0x00007ffe71010000 - 0x00007ffe7130f000 	C:\WINDOWS\System32\KERNELBASE.dll
0x00007ffe714e0000 - 0x00007ffe715e0000 	C:\WINDOWS\System32\ucrtbase.dll
0x00007ffe6dcd0000 - 0x00007ffe6dceb000 	C:\Program Files\Android\Android Studio\jbr\bin\VCRUNTIME140.dll
0x00007ffe6c8b0000 - 0x00007ffe6c8c8000 	C:\Program Files\Android\Android Studio\jbr\bin\jli.dll
0x00007ffe71bc0000 - 0x00007ffe71d5d000 	C:\WINDOWS\System32\USER32.dll
0x00007ffe70f90000 - 0x00007ffe70fb2000 	C:\WINDOWS\System32\win32u.dll
0x00007ffe71df0000 - 0x00007ffe71e1b000 	C:\WINDOWS\System32\GDI32.dll
0x00007ffe71740000 - 0x00007ffe7185a000 	C:\WINDOWS\System32\gdi32full.dll
0x00007ffe61bf0000 - 0x00007ffe61e8a000 	C:\WINDOWS\WinSxS\amd64_microsoft.windows.common-controls_6595b64144ccf1df_6.0.19041.4355_none_60b8b9eb71f62e16\COMCTL32.dll
0x00007ffe716a0000 - 0x00007ffe7173d000 	C:\WINDOWS\System32\msvcp_win.dll
0x00007ffe728b0000 - 0x00007ffe7294e000 	C:\WINDOWS\System32\msvcrt.dll
0x00007ffe71e20000 - 0x00007ffe71e4f000 	C:\WINDOWS\System32\IMM32.DLL
0x00007ffe6ddf0000 - 0x00007ffe6ddfc000 	C:\Program Files\Android\Android Studio\jbr\bin\vcruntime140_1.dll
0x00007ffe5b450000 - 0x00007ffe5b4dd000 	C:\Program Files\Android\Android Studio\jbr\bin\msvcp140.dll
0x00007ffe34c30000 - 0x00007ffe358b3000 	C:\Program Files\Android\Android Studio\jbr\bin\server\jvm.dll
0x00007ffe72970000 - 0x00007ffe72a1f000 	C:\WINDOWS\System32\ADVAPI32.dll
0x00007ffe71970000 - 0x00007ffe71a0f000 	C:\WINDOWS\System32\sechost.dll
0x00007ffe736d0000 - 0x00007ffe737f3000 	C:\WINDOWS\System32\RPCRT4.dll
0x00007ffe71670000 - 0x00007ffe71697000 	C:\WINDOWS\System32\bcrypt.dll
0x00007ffe72ea0000 - 0x00007ffe72f0b000 	C:\WINDOWS\System32\WS2_32.dll
0x00007ffe70df0000 - 0x00007ffe70e3b000 	C:\WINDOWS\SYSTEM32\POWRPROF.dll
0x00007ffe66920000 - 0x00007ffe66947000 	C:\WINDOWS\SYSTEM32\WINMM.dll
0x00007ffe69310000 - 0x00007ffe6931a000 	C:\WINDOWS\SYSTEM32\VERSION.dll
0x00007ffe70dd0000 - 0x00007ffe70de2000 	C:\WINDOWS\SYSTEM32\UMPDC.dll
0x00007ffe6ee10000 - 0x00007ffe6ee22000 	C:\WINDOWS\SYSTEM32\kernel.appcore.dll
0x00007ffe6dd30000 - 0x00007ffe6dd3a000 	C:\Program Files\Android\Android Studio\jbr\bin\jimage.dll
0x00007ffe69ab0000 - 0x00007ffe69c94000 	C:\WINDOWS\SYSTEM32\DBGHELP.DLL
0x00007ffe570a0000 - 0x00007ffe570d4000 	C:\WINDOWS\SYSTEM32\dbgcore.DLL
0x00007ffe715e0000 - 0x00007ffe71662000 	C:\WINDOWS\System32\bcryptPrimitives.dll
0x00007ffe6b8c0000 - 0x00007ffe6b8ce000 	C:\Program Files\Android\Android Studio\jbr\bin\instrument.dll
0x00007ffe6b850000 - 0x00007ffe6b870000 	C:\Program Files\Android\Android Studio\jbr\bin\java.dll
0x00007ffe6b630000 - 0x00007ffe6b648000 	C:\Program Files\Android\Android Studio\jbr\bin\zip.dll
0x00007ffe72130000 - 0x00007ffe7289d000 	C:\WINDOWS\System32\SHELL32.dll
0x00007ffe6f010000 - 0x00007ffe6f7b4000 	C:\WINDOWS\SYSTEM32\windows.storage.dll
0x00007ffe732a0000 - 0x00007ffe735f5000 	C:\WINDOWS\System32\combase.dll
0x00007ffe708f0000 - 0x00007ffe7091f000 	C:\WINDOWS\SYSTEM32\Wldp.dll
0x00007ffe72f70000 - 0x00007ffe7303d000 	C:\WINDOWS\System32\OLEAUT32.dll
0x00007ffe73800000 - 0x00007ffe738ad000 	C:\WINDOWS\System32\SHCORE.dll
0x00007ffe73040000 - 0x00007ffe73095000 	C:\WINDOWS\System32\shlwapi.dll
0x00007ffe70ec0000 - 0x00007ffe70ee4000 	C:\WINDOWS\SYSTEM32\profapi.dll
0x00007ffe6dcc0000 - 0x00007ffe6dcd0000 	C:\Program Files\Android\Android Studio\jbr\bin\net.dll
0x00007ffe670d0000 - 0x00007ffe671da000 	C:\WINDOWS\SYSTEM32\WINHTTP.dll
0x00007ffe70650000 - 0x00007ffe706bc000 	C:\WINDOWS\system32\mswsock.dll
0x00007ffe6b610000 - 0x00007ffe6b626000 	C:\Program Files\Android\Android Studio\jbr\bin\nio.dll
0x00007ffe6b4e0000 - 0x00007ffe6b4f0000 	C:\Program Files\Android\Android Studio\jbr\bin\verify.dll
0x00007ffe6dd50000 - 0x00007ffe6dd77000 	C:\Users\ADMIN\.gradle\native\c067742578af261105cb4f569cf0c3c89f3d7b1fecec35dd04571415982c5e48\windows-amd64\native-platform.dll
0x00007ffe36de0000 - 0x00007ffe36f24000 	C:\Users\ADMIN\.gradle\native\100fb08df4bc3b14c8652ba06237920a3bd2aa13389f12d3474272988ae205f9\windows-amd64\native-platform-file-events.dll
0x00007ffe6b510000 - 0x00007ffe6b519000 	C:\Program Files\Android\Android Studio\jbr\bin\management.dll
0x00007ffe6b500000 - 0x00007ffe6b50b000 	C:\Program Files\Android\Android Studio\jbr\bin\management_ext.dll
0x00007ffe71f70000 - 0x00007ffe71f78000 	C:\WINDOWS\System32\PSAPI.DLL
0x00007ffe70850000 - 0x00007ffe70868000 	C:\WINDOWS\SYSTEM32\CRYPTSP.dll
0x00007ffe6ff70000 - 0x00007ffe6ffa4000 	C:\WINDOWS\system32\rsaenh.dll
0x00007ffe70e80000 - 0x00007ffe70eae000 	C:\WINDOWS\SYSTEM32\USERENV.dll
0x00007ffe70840000 - 0x00007ffe7084c000 	C:\WINDOWS\SYSTEM32\CRYPTBASE.dll
0x00007ffe70330000 - 0x00007ffe7036b000 	C:\WINDOWS\SYSTEM32\IPHLPAPI.DLL
0x00007ffe730a0000 - 0x00007ffe730a8000 	C:\WINDOWS\System32\NSI.dll
0x00007ffe6b520000 - 0x00007ffe6b529000 	C:\Program Files\Android\Android Studio\jbr\bin\extnet.dll
0x00007ffe6cd70000 - 0x00007ffe6cd77000 	C:\WINDOWS\system32\wshunix.dll

dbghelp: loaded successfully - version: 4.0.5 - missing functions: none
symbol engine: initialized successfully - sym options: 0x614 - pdb path: .;C:\Program Files\Android\Android Studio\jbr\bin;C:\WINDOWS\SYSTEM32;C:\WINDOWS\WinSxS\amd64_microsoft.windows.common-controls_6595b64144ccf1df_6.0.19041.4355_none_60b8b9eb71f62e16;C:\Program Files\Android\Android Studio\jbr\bin\server;C:\Users\ADMIN\.gradle\native\c067742578af261105cb4f569cf0c3c89f3d7b1fecec35dd04571415982c5e48\windows-amd64;C:\Users\ADMIN\.gradle\native\100fb08df4bc3b14c8652ba06237920a3bd2aa13389f12d3474272988ae205f9\windows-amd64

VM Arguments:
jvm_args: -XX:MaxPermSize=512m -XX:+HeapDumpOnOutOfMemoryError --add-opens=java.base/java.util=ALL-UNNAMED --add-opens=java.base/java.lang=ALL-UNNAMED --add-opens=java.base/java.lang.invoke=ALL-UNNAMED --add-opens=java.prefs/java.util.prefs=ALL-UNNAMED --add-exports=jdk.compiler/com.sun.tools.javac.api=ALL-UNNAMED --add-exports=jdk.compiler/com.sun.tools.javac.util=ALL-UNNAMED --add-opens=java.base/java.nio.charset=ALL-UNNAMED --add-opens=java.base/java.net=ALL-UNNAMED --add-opens=java.base/java.util.concurrent.atomic=ALL-UNNAMED -Xmx4g -Dfile.encoding=UTF-8 -Duser.country=CO -Duser.language=es -Duser.variant -javaagent:C:\Users\ADMIN\.gradle\wrapper\dists\gradle-8.10.2-bin\a04bxjujx95o3nb99gddekhwo\gradle-8.10.2\lib\agents\gradle-instrumentation-agent-8.10.2.jar 
java_command: org.gradle.launcher.daemon.bootstrap.GradleDaemon 8.10.2
java_class_path (initial): C:\Users\ADMIN\.gradle\wrapper\dists\gradle-8.10.2-bin\a04bxjujx95o3nb99gddekhwo\gradle-8.10.2\lib\gradle-daemon-main-8.10.2.jar
Launcher Type: SUN_STANDARD

[Global flags]
     intx CICompilerCount                          = 3                                         {product} {ergonomic}
     uint ConcGCThreads                            = 1                                         {product} {ergonomic}
     uint G1ConcRefinementThreads                  = 4                                         {product} {ergonomic}
   size_t G1HeapRegionSize                         = 2097152                                   {product} {ergonomic}
    uintx GCDrainStackTargetSize                   = 64                                        {product} {ergonomic}
     bool HeapDumpOnOutOfMemoryError               = true                                   {manageable} {command line}
   size_t InitialHeapSize                          = 167772160                                 {product} {ergonomic}
   size_t MarkStackSize                            = 4194304                                   {product} {ergonomic}
   size_t MaxHeapSize                              = 4294967296                                {product} {command line}
   size_t MaxNewSize                               = 2575302656                                {product} {ergonomic}
   size_t MinHeapDeltaBytes                        = 2097152                                   {product} {ergonomic}
   size_t MinHeapSize                              = 8388608                                   {product} {ergonomic}
    uintx NonNMethodCodeHeapSize                   = 5832780                                {pd product} {ergonomic}
    uintx NonProfiledCodeHeapSize                  = 122912730                              {pd product} {ergonomic}
    uintx ProfiledCodeHeapSize                     = 122912730                              {pd product} {ergonomic}
    uintx ReservedCodeCacheSize                    = 251658240                              {pd product} {ergonomic}
     bool SegmentedCodeCache                       = true                                      {product} {ergonomic}
   size_t SoftMaxHeapSize                          = 4294967296                             {manageable} {ergonomic}
     bool UseCompressedOops                        = true                           {product lp64_product} {ergonomic}
     bool UseG1GC                                  = true                                      {product} {ergonomic}
     bool UseLargePagesIndividualAllocation        = false                                  {pd product} {ergonomic}

Logging:
Log output configuration:
 #0: stdout all=warning uptime,level,tags foldmultilines=false
 #1: stderr all=off uptime,level,tags foldmultilines=false

Environment Variables:
PATH=C:\Program Files\Common Files\Oracle\Java\javapath;C:\WINDOWS\system32;C:\WINDOWS;C:\WINDOWS\System32\Wbem;C:\WINDOWS\System32\WindowsPowerShell\v1.0\;C:\WINDOWS\System32\OpenSSH\;C:\Program Files\Git\cmd;C:\Users\ADMIN\AppData\Local\Programs\Python\Python313;C:\Users\ADMIN\AppData\Local\Programs\Python\Python313\Scripts;C:\dart-sdk\bin;C:\flutter\bin;C:\Users\ADMIN\AppData\Roaming\npm;C:\Program Files\nodejs\;C:\Users\ADMIN\AppData\Local\Pub\Cache\bin;C:\Users\ADMIN\AppData\Local\Programs\Python\Launcher\;C:\Users\ADMIN\AppData\Local\Microsoft\WindowsApps;C:\Users\ADMIN\AppData\Local\Programs\Microsoft VS Code\bin;C:\Users\ADMIN\AppData\Local\GitHubDesktop\bin;C:\Program Files\JetBrains\IntelliJ IDEA 2024.3.3\bin;;C:\Users\ADMIN\AppData\Roaming\npm
USERNAME=ADMIN
OS=Windows_NT
PROCESSOR_IDENTIFIER=AMD64 Family 23 Model 24 Stepping 1, AuthenticAMD
TMP=C:\Users\ADMIN\AppData\Local\Temp
TEMP=C:\Users\ADMIN\AppData\Local\Temp




Periodic native trim disabled

JNI global refs:
JNI global refs: 27, weak refs: 25

JNI global refs memory usage: 835, weak refs: 833

Process memory usage:
Resident Set Size: 352628K (3% of 10422828K total physical memory with 2302704K free physical memory)

OOME stack traces (most recent first):
Classloader memory used:
Loader org.gradle.internal.classloader.VisitableURLClassLoader                         : 27490K
Loader bootstrap                                                                       : 22324K
Loader org.gradle.initialization.MixInLegacyTypesClassLoader                           : 6443K
Loader org.gradle.internal.classloader.VisitableURLClassLoader                         : 713K
Loader jdk.internal.loader.ClassLoaders$PlatformClassLoader                            : 550K
Loader jdk.internal.loader.ClassLoaders$AppClassLoader                                 : 234K
Loader jdk.internal.reflect.DelegatingClassLoader                                      : 161K
Loader org.gradle.groovy.scripts.internal.DefaultScriptCompilationHandler$ScriptClassLoader: 73608B
Loader org.codehaus.groovy.runtime.callsite.CallSiteClassLoader                        : 17560B

Classes loaded by more than one classloader:
Class org.gradle.api.GradleException                                                  : loaded 3 times (x 78B)
Class org.gradle.internal.classloader.ClassLoaderHierarchy                            : loaded 2 times (x 66B)
Class org.gradle.api.internal.classpath.ManifestUtil                                  : loaded 2 times (x 67B)
Class org.gradle.internal.operations.MultipleBuildOperationFailures                   : loaded 2 times (x 91B)
Class org.gradle.internal.classloader.DefaultClassLoaderFactory                       : loaded 2 times (x 78B)
Class kotlin.collections.AbstractList$Companion                                       : loaded 2 times (x 67B)
Class org.gradle.internal.classloader.ClassLoaderVisitor                              : loaded 2 times (x 72B)
Class org.gradle.api.internal.classpath.EffectiveClassPath                            : loaded 2 times (x 86B)
Class org.gradle.api.internal.DefaultClassPathProvider                                : loaded 2 times (x 72B)
Class [Lorg.gradle.api.internal.ClassPathProvider;                                    : loaded 2 times (x 65B)
Class org.gradle.api.internal.ClassPathProvider                                       : loaded 2 times (x 66B)
Class org.gradle.internal.service.UnknownServiceException                             : loaded 2 times (x 79B)
Class org.gradle.internal.classpath.TransformedClassPath                              : loaded 2 times (x 92B)
Class org.gradle.internal.classloader.InstrumentingClassLoader                        : loaded 2 times (x 66B)
Class kotlin.enums.EnumEntriesList                                                    : loaded 2 times (x 219B)
Class org.gradle.internal.service.ServiceLocator                                      : loaded 2 times (x 66B)
Class org.gradle.internal.InternalTransformer                                         : loaded 2 times (x 66B)
Class org.gradle.internal.time.DefaultTimer                                           : loaded 2 times (x 76B)
Class org.gradle.internal.classloader.ClasspathUtil$1                                 : loaded 2 times (x 72B)
Class org.gradle.api.internal.classpath.DefaultModuleRegistry$DefaultModule           : loaded 2 times (x 82B)
Class org.gradle.internal.time.DefaultCountdownTimer                                  : loaded 2 times (x 84B)
Class kotlin.Function                                                                 : loaded 2 times (x 66B)
Class org.gradle.api.internal.classpath.Module                                        : loaded 2 times (x 66B)
Class org.gradle.api.internal.classpath.UnknownModuleException                        : loaded 2 times (x 78B)
Class org.gradle.api.internal.DefaultClassPathRegistry                                : loaded 2 times (x 72B)
Class org.gradle.api.internal.ClassPathRegistry                                       : loaded 2 times (x 66B)
Class org.gradle.internal.classpath.DefaultClassPath$ImmutableUniqueList              : loaded 2 times (x 195B)
Class org.gradle.internal.classpath.ClassPath                                         : loaded 2 times (x 66B)
Class org.gradle.api.UncheckedIOException                                             : loaded 2 times (x 78B)
Class kotlin.UninitializedPropertyAccessException                                     : loaded 2 times (x 78B)
Class org.gradle.internal.installation.GradleInstallation$1                           : loaded 2 times (x 71B)
Class org.gradle.api.internal.classpath.ModuleRegistry                                : loaded 2 times (x 66B)
Class org.gradle.api.internal.classpath.DefaultModuleRegistry                         : loaded 2 times (x 82B)
Class org.gradle.internal.time.MonotonicClock                                         : loaded 2 times (x 73B)
Class org.gradle.internal.service.ServiceLookupException                              : loaded 2 times (x 78B)
Class org.gradle.internal.classloader.ClassLoaderFactory                              : loaded 2 times (x 66B)
Class sync_studio_tooling2_ais2m6qonlry9lh3pjou3sdz0                                  : loaded 2 times (x 175B)
Class org.gradle.internal.service.CachingServiceLocator                               : loaded 2 times (x 78B)
Class org.gradle.internal.time.TimeSource                                             : loaded 2 times (x 66B)
Class kotlin.enums.EnumEntries                                                        : loaded 2 times (x 66B)
Class org.gradle.internal.exceptions.ResolutionProvider                               : loaded 2 times (x 66B)
Class org.gradle.internal.classloader.ClasspathUtil                                   : loaded 2 times (x 67B)
Class org.gradle.internal.time.TimeSource$1                                           : loaded 2 times (x 73B)
Class org.gradle.api.specs.Spec                                                       : loaded 2 times (x 66B)
Class org.gradle.internal.time.Clock                                                  : loaded 2 times (x 66B)
Class kotlin.collections.AbstractList                                                 : loaded 2 times (x 193B)
Class kotlin.collections.AbstractCollection                                           : loaded 2 times (x 113B)
Class org.gradle.internal.classloader.VisitableURLClassLoader$InstrumentingVisitableURLClassLoader: loaded 2 times (x 119B)
Class org.gradle.internal.classloader.VisitableURLClassLoader$Spec                    : loaded 2 times (x 70B)
Class org.gradle.internal.classpath.DefaultClassPath                                  : loaded 2 times (x 86B)
Class org.gradle.internal.classloader.ClassLoaderSpec                                 : loaded 2 times (x 67B)
Class org.gradle.internal.classloader.VisitableURLClassLoader                         : loaded 2 times (x 113B)
Class org.gradle.internal.Cast                                                        : loaded 2 times (x 67B)
Class org.gradle.api.Action                                                           : loaded 2 times (x 66B)
Class org.gradle.internal.classpath.DefaultClassPath$ImmutableUniqueList$Builder      : loaded 2 times (x 71B)
Class org.gradle.internal.classloader.FilteringClassLoader                            : loaded 2 times (x 101B)
Class org.gradle.internal.exceptions.NonGradleCauseExceptionsHolder                   : loaded 2 times (x 66B)
Class kotlin.enums.EnumEntriesKt                                                      : loaded 2 times (x 67B)
Class org.gradle.internal.IoActions                                                   : loaded 2 times (x 67B)
Class org.gradle.internal.classloader.SystemClassLoaderSpec                           : loaded 2 times (x 67B)
Class org.gradle.internal.exceptions.MultiCauseException                              : loaded 2 times (x 66B)
Class org.gradle.internal.time.CountdownTimer                                         : loaded 2 times (x 66B)
Class kotlin.jvm.internal.Intrinsics                                                  : loaded 2 times (x 67B)
Class org.gradle.tooling.model.ProjectModel                                           : loaded 2 times (x 66B)
Class kotlin.KotlinNullPointerException                                               : loaded 2 times (x 79B)
Class org.gradle.internal.exceptions.DefaultMultiCauseException                       : loaded 2 times (x 91B)
Class org.gradle.internal.time.Time                                                   : loaded 2 times (x 67B)
Class org.gradle.api.internal.classpath.GlobalCacheRootsProvider                      : loaded 2 times (x 66B)
Class org.gradle.internal.time.Timer                                                  : loaded 2 times (x 66B)
Class kotlin.jvm.internal.markers.KMappedMarker                                       : loaded 2 times (x 66B)
Class org.gradle.internal.installation.CurrentGradleInstallationLocator               : loaded 2 times (x 67B)
Class org.gradle.internal.service.DefaultServiceLocator                               : loaded 2 times (x 79B)
Class org.gradle.util.GradleVersion                                                   : loaded 2 times (x 79B)
Class org.gradle.internal.installation.CurrentGradleInstallation                      : loaded 2 times (x 69B)
Class org.gradle.util.internal.GUtil                                                  : loaded 2 times (x 67B)
Class org.gradle.internal.installation.GradleInstallation                             : loaded 2 times (x 71B)

---------------  S Y S T E M  ---------------

OS:
 Windows 10 , 64 bit Build 19041 (10.0.19041.5438)
OS uptime: 0 days 5:50 hours

CPU: total 4 (initial active 4) (4 cores per cpu, 2 threads per core) family 23 model 24 stepping 1 microcode 0x0, cx8, cmov, fxsr, ht, mmx, 3dnowpref, sse, sse2, sse3, ssse3, sse4a, sse4.1, sse4.2, popcnt, lzcnt, tsc, tscinvbit, avx, avx2, aes, clmul, bmi1, bmi2, adx, sha, fma, vzeroupper, clflush, clflushopt, rdtscp, f16c
Processor Information for all 4 processors :
  Max Mhz: 2600, Current Mhz: 2600, Mhz Limit: 2600

Memory: 4k page, system-wide physical 10178M (2248M free)
TotalPageFile size 25281M (AvailPageFile size 40M)
current process WorkingSet (physical memory assigned to process): 345M, peak: 345M
current process commit charge ("private bytes"): 387M, peak: 550M

vm_info: OpenJDK 64-Bit Server VM (21.0.4+-12508038-b607.1) for windows-amd64 JRE (21.0.4+-12508038-b607.1), built on 2024-10-16T17:23:34Z by "builder" with MS VC++ 16.10 / 16.11 (VS2019)

END.
