#
# There is insufficient memory for the Java Runtime Environment to continue.
# Native memory allocation (mmap) failed to map 62914560 bytes. Error detail: G1 virtual space
# Possible reasons:
#   The system is out of physical RAM or swap space
#   This process is running with CompressedOops enabled, and the Java Heap may be blocking the growth of the native heap
# Possible solutions:
#   Reduce memory load on the system
#   Increase physical memory or swap space
#   Check if swap backing store is full
#   Decrease Java heap size (-Xmx/-Xms)
#   Decrease number of Java threads
#   Decrease Java thread stack sizes (-Xss)
#   Set larger code cache with -XX:ReservedCodeCacheSize=
#   JVM is running with Zero Based Compressed Oops mode in which the Java heap is
#     placed in the first 32GB address space. The Java Heap base address is the
#     maximum limit for the native heap growth. Please use -XX:HeapBaseMinAddress
#     to set the Java Heap base and to place the Java Heap above 32GB virtual address.
# This output file may be truncated or incomplete.
#
#  Out of Memory Error (os_windows.cpp:3828), pid=10316, tid=3120
#
# JRE version: OpenJDK Runtime Environment (21.0.4) (build 21.0.4+-12508038-b607.1)
# Java VM: OpenJDK 64-Bit Server VM (21.0.4+-12508038-b607.1, mixed mode, tiered, compressed oops, compressed class ptrs, g1 gc, windows-amd64)
# No core dump will be written. Minidumps are not enabled by default on client versions of Windows
#

---------------  S U M M A R Y ------------

Command Line: org.jetbrains.kotlin.cli.jvm.K2JVMCompiler @C:\Users\ADMIN\AndroidStudioProjects\MyApplication\app\build\20250302_242297407472788413.compiler.options

Host: AMD Ryzen 3 3200U with Radeon Vega Mobile Gfx  , 4 cores, 9G,  Windows 10 , 64 bit Build 19041 (10.0.19041.5438)
Time: Sun Mar  2 20:26:59 2025 Hora est. Pacífico, Sudamérica elapsed time: 7.167923 seconds (0d 0h 0m 7s)

---------------  T H R E A D  ---------------

Current thread (0x0000015e463198a0):  VMThread "VM Thread"          [id=3120, stack(0x0000004674a00000,0x0000004674b00000) (1024K)]

Stack: [0x0000004674a00000,0x0000004674b00000]
Native frames: (J=compiled Java code, j=interpreted, Vv=VM code, C=native code)
V  [jvm.dll+0x6ce539]
V  [jvm.dll+0x85bf03]
V  [jvm.dll+0x85e45e]
V  [jvm.dll+0x85eb43]
V  [jvm.dll+0x27dd06]
V  [jvm.dll+0x6cada5]
V  [jvm.dll+0x6bf27a]
V  [jvm.dll+0x3541fb]
V  [jvm.dll+0x35be36]
V  [jvm.dll+0x3adbc6]
V  [jvm.dll+0x3ade98]
V  [jvm.dll+0x32691c]
V  [jvm.dll+0x3269a7]
V  [jvm.dll+0x36c78c]
V  [jvm.dll+0x36af3e]
V  [jvm.dll+0x326071]
V  [jvm.dll+0x36a650]
V  [jvm.dll+0x8648c8]
V  [jvm.dll+0x865c44]
V  [jvm.dll+0x866180]
V  [jvm.dll+0x866413]
V  [jvm.dll+0x804418]
V  [jvm.dll+0x6cce0d]
C  [ucrtbase.dll+0x21bb2]
C  [KERNEL32.DLL+0x17374]
C  [ntdll.dll+0x4cc91]

VM_Operation (0x00000046743fb3b0): G1CollectForAllocation, mode: safepoint, requested by thread 0x0000015e2cb41d00


---------------  P R O C E S S  ---------------

Threads class SMR info:
_java_thread_list=0x0000015e463a8750, length=12, elements={
0x0000015e2cb41d00, 0x0000015e46627750, 0x0000015e463a8ed0, 0x0000015e463adb70,
0x0000015e463ae5d0, 0x0000015e463ac4e0, 0x0000015e46608810, 0x0000015e46613880,
0x0000015e46616ad0, 0x0000015e467c1490, 0x0000015e467bb9c0, 0x0000015e467ebb40
}

Java Threads: ( => current thread )
  0x0000015e2cb41d00 JavaThread "main"                              [_thread_blocked, id=9824, stack(0x0000004674300000,0x0000004674400000) (1024K)]
  0x0000015e46627750 JavaThread "Reference Handler"          daemon [_thread_blocked, id=10824, stack(0x0000004674b00000,0x0000004674c00000) (1024K)]
  0x0000015e463a8ed0 JavaThread "Finalizer"                  daemon [_thread_blocked, id=5440, stack(0x0000004674c00000,0x0000004674d00000) (1024K)]
  0x0000015e463adb70 JavaThread "Signal Dispatcher"          daemon [_thread_blocked, id=6240, stack(0x0000004674d00000,0x0000004674e00000) (1024K)]
  0x0000015e463ae5d0 JavaThread "Attach Listener"            daemon [_thread_blocked, id=3212, stack(0x0000004674e00000,0x0000004674f00000) (1024K)]
  0x0000015e463ac4e0 JavaThread "Service Thread"             daemon [_thread_blocked, id=4752, stack(0x0000004674f00000,0x0000004675000000) (1024K)]
  0x0000015e46608810 JavaThread "Monitor Deflation Thread"   daemon [_thread_blocked, id=5780, stack(0x0000004675000000,0x0000004675100000) (1024K)]
  0x0000015e46613880 JavaThread "C2 CompilerThread0"         daemon [_thread_blocked, id=5216, stack(0x0000004675100000,0x0000004675200000) (1024K)]
  0x0000015e46616ad0 JavaThread "C1 CompilerThread0"         daemon [_thread_blocked, id=10416, stack(0x0000004675200000,0x0000004675300000) (1024K)]
  0x0000015e467c1490 JavaThread "Notification Thread"        daemon [_thread_blocked, id=3264, stack(0x0000004675300000,0x0000004675400000) (1024K)]
  0x0000015e467bb9c0 JavaThread "Common-Cleaner"             daemon [_thread_blocked, id=1744, stack(0x0000004675400000,0x0000004675500000) (1024K)]
  0x0000015e467ebb40 JavaThread "C2 CompilerThread1"         daemon [_thread_blocked, id=3896, stack(0x0000004675500000,0x0000004675600000) (1024K)]
Total: 12

Other Threads:
=>0x0000015e463198a0 VMThread "VM Thread"                           [id=3120, stack(0x0000004674a00000,0x0000004674b00000) (1024K)]
  0x0000015e462cec50 WatcherThread "VM Periodic Task Thread"        [id=8484, stack(0x0000004674900000,0x0000004674a00000) (1024K)]
  0x0000015e2cc86bb0 WorkerThread "GC Thread#0"                     [id=9820, stack(0x0000004674400000,0x0000004674500000) (1024K)]
  0x0000015e4b1ba480 WorkerThread "GC Thread#1"                     [id=1624, stack(0x0000004675600000,0x0000004675700000) (1024K)]
  0x0000015e4b33e9c0 WorkerThread "GC Thread#2"                     [id=5524, stack(0x0000004675700000,0x0000004675800000) (1024K)]
  0x0000015e4b340ba0 WorkerThread "GC Thread#3"                     [id=1920, stack(0x0000004675800000,0x0000004675900000) (1024K)]
  0x0000015e2cc92420 ConcurrentGCThread "G1 Main Marker"            [id=8540, stack(0x0000004674500000,0x0000004674600000) (1024K)]
  0x0000015e2cc936c0 WorkerThread "G1 Conc#0"                       [id=1152, stack(0x0000004674600000,0x0000004674700000) (1024K)]
  0x0000015e2cd03750 ConcurrentGCThread "G1 Refine#0"               [id=2436, stack(0x0000004674700000,0x0000004674800000) (1024K)]
  0x0000015e2cd042c0 ConcurrentGCThread "G1 Service"                [id=5044, stack(0x0000004674800000,0x0000004674900000) (1024K)]
Total: 10

Threads with active compile tasks:
C2 CompilerThread0     7185 5749   !   4       org.jetbrains.kotlin.metadata.ProtoBuf$Type$Argument::<init> (401 bytes)
C1 CompilerThread0     7185 5796       3       org.jetbrains.kotlin.descriptors.impl.ModuleDescriptorImpl::toString (85 bytes)
C2 CompilerThread1     7185 5776   !   4       org.jetbrains.kotlin.metadata.ProtoBuf$ValueParameter::<init> (513 bytes)
Total: 3

VM state: at safepoint (normal execution)

VM Mutex/Monitor currently owned by a thread:  ([mutex/lock_event])
[0x00007ffe357d72f8] Threads_lock - owner thread: 0x0000015e463198a0
[0x00007ffe357d73f8] Heap_lock - owner thread: 0x0000015e2cb41d00

Heap address: 0x0000000760e00000, size: 2546 MB, Compressed Oops mode: Zero based, Oop shift amount: 3

CDS archive(s) not mapped
Compressed class space mapped at: 0x0000000800000000-0x0000000840000000, reserved size: 1073741824
Narrow klass base: 0x0000000800000000, Narrow klass shift: 0, Narrow klass range: 0x40000000

GC Precious Log:
 CardTable entry size: 512
 Card Set container configuration: InlinePtr #cards 4 size 8 Array Of Cards #cards 16 size 48 Howl #buckets 8 coarsen threshold 3686 Howl Bitmap #cards 512 size 80 coarsen threshold 460 Card regions per heap region 1 cards per card region 4096
 CPUs: 4 total, 4 available
 Memory: 10178M
 Large Page Support: Disabled
 NUMA Support: Disabled
 Compressed Oops: Enabled (Zero based)
 Heap Region Size: 2M
 Heap Min Capacity: 8M
 Heap Initial Capacity: 160M
 Heap Max Capacity: 2546M
 Pre-touch: Disabled
 Parallel Workers: 4
 Concurrent Workers: 1
 Concurrent Refinement Workers: 4
 Periodic GC: Disabled

Heap:
 garbage-first heap   total 69632K, used 41064K [0x0000000760e00000, 0x0000000800000000)
  region size 2048K, 2 young (4096K), 2 survivors (4096K)
 Metaspace       used 54369K, committed 55040K, reserved 1114112K
  class space    used 6248K, committed 6592K, reserved 1048576K

Heap Regions: E=young(eden), S=young(survivor), O=old, HS=humongous(starts), HC=humongous(continues), CS=collection set, F=free, TAMS=top-at-mark-start, PB=parsable bottom
|   0|0x0000000760e00000, 0x0000000761000000, 0x0000000761000000|100%|HS|  |TAMS 0x0000000760e00000| PB 0x0000000760e00000| Complete 
|   1|0x0000000761000000, 0x0000000761200000, 0x0000000761200000|100%|HC|  |TAMS 0x0000000761000000| PB 0x0000000761000000| Complete 
|   2|0x0000000761200000, 0x0000000761400000, 0x0000000761400000|100%| O|  |TAMS 0x0000000761200000| PB 0x0000000761200000| Untracked 
|   3|0x0000000761400000, 0x0000000761600000, 0x0000000761600000|100%| O|  |TAMS 0x0000000761400000| PB 0x0000000761400000| Untracked 
|   4|0x0000000761600000, 0x0000000761800000, 0x0000000761800000|100%| O|  |TAMS 0x0000000761600000| PB 0x0000000761600000| Untracked 
|   5|0x0000000761800000, 0x0000000761a00000, 0x0000000761a00000|100%| O|  |TAMS 0x0000000761800000| PB 0x0000000761800000| Untracked 
|   6|0x0000000761a00000, 0x0000000761c00000, 0x0000000761c00000|100%| O|  |TAMS 0x0000000761a00000| PB 0x0000000761a00000| Untracked 
|   7|0x0000000761c00000, 0x0000000761e00000, 0x0000000761e00000|100%| O|  |TAMS 0x0000000761c00000| PB 0x0000000761c00000| Untracked 
|   8|0x0000000761e00000, 0x0000000762000000, 0x0000000762000000|100%|HS|  |TAMS 0x0000000761e00000| PB 0x0000000761e00000| Complete 
|   9|0x0000000762000000, 0x0000000762200000, 0x0000000762200000|100%| O|  |TAMS 0x0000000762000000| PB 0x0000000762000000| Untracked 
|  10|0x0000000762200000, 0x0000000762262010, 0x0000000762400000| 19%| O|  |TAMS 0x0000000762200000| PB 0x0000000762200000| Untracked 
|  11|0x0000000762400000, 0x0000000762600000, 0x0000000762600000|100%| O|  |TAMS 0x0000000762400000| PB 0x0000000762400000| Untracked 
|  12|0x0000000762600000, 0x0000000762800000, 0x0000000762800000|100%| O|  |TAMS 0x0000000762600000| PB 0x0000000762600000| Untracked 
|  13|0x0000000762800000, 0x0000000762a00000, 0x0000000762a00000|100%| O|  |TAMS 0x0000000762800000| PB 0x0000000762800000| Untracked 
|  14|0x0000000762a00000, 0x0000000762a00000, 0x0000000762c00000|  0%| F|  |TAMS 0x0000000762a00000| PB 0x0000000762a00000| Untracked 
|  15|0x0000000762c00000, 0x0000000762e00000, 0x0000000762e00000|100%| O|  |TAMS 0x0000000762c00000| PB 0x0000000762c00000| Untracked 
|  16|0x0000000762e00000, 0x0000000763000000, 0x0000000763000000|100%| O|  |TAMS 0x0000000762e00000| PB 0x0000000762e00000| Untracked 
|  17|0x0000000763000000, 0x0000000763200000, 0x0000000763200000|100%| O|  |TAMS 0x0000000763000000| PB 0x0000000763000000| Untracked 
|  18|0x0000000763200000, 0x0000000763400000, 0x0000000763400000|100%| O|  |TAMS 0x0000000763200000| PB 0x0000000763200000| Untracked 
|  19|0x0000000763400000, 0x0000000763600000, 0x0000000763600000|100%| O|  |TAMS 0x0000000763400000| PB 0x0000000763400000| Untracked 
|  20|0x0000000763600000, 0x0000000763600000, 0x0000000763800000|  0%| F|  |TAMS 0x0000000763600000| PB 0x0000000763600000| Untracked 
|  21|0x0000000763800000, 0x00000007639b8310, 0x0000000763a00000| 85%| S|CS|TAMS 0x0000000763800000| PB 0x0000000763800000| Complete 
|  22|0x0000000763a00000, 0x0000000763c00000, 0x0000000763c00000|100%| S|CS|TAMS 0x0000000763a00000| PB 0x0000000763a00000| Complete 
|  23|0x0000000763c00000, 0x0000000763c00000, 0x0000000763e00000|  0%| F|  |TAMS 0x0000000763c00000| PB 0x0000000763c00000| Untracked 
|  24|0x0000000763e00000, 0x0000000763e00000, 0x0000000764000000|  0%| F|  |TAMS 0x0000000763e00000| PB 0x0000000763e00000| Untracked 
|  25|0x0000000764000000, 0x0000000764000000, 0x0000000764200000|  0%| F|  |TAMS 0x0000000764000000| PB 0x0000000764000000| Untracked 
|  26|0x0000000764200000, 0x0000000764200000, 0x0000000764400000|  0%| F|  |TAMS 0x0000000764200000| PB 0x0000000764200000| Untracked 
|  27|0x0000000764400000, 0x0000000764400000, 0x0000000764600000|  0%| F|  |TAMS 0x0000000764400000| PB 0x0000000764400000| Untracked 
|  28|0x0000000764600000, 0x0000000764600000, 0x0000000764800000|  0%| F|  |TAMS 0x0000000764600000| PB 0x0000000764600000| Untracked 
|  29|0x0000000764800000, 0x0000000764800000, 0x0000000764a00000|  0%| F|  |TAMS 0x0000000764800000| PB 0x0000000764800000| Untracked 
|  30|0x0000000764a00000, 0x0000000764a00000, 0x0000000764c00000|  0%| F|  |TAMS 0x0000000764a00000| PB 0x0000000764a00000| Untracked 
|  31|0x0000000764c00000, 0x0000000764c00000, 0x0000000764e00000|  0%| F|  |TAMS 0x0000000764c00000| PB 0x0000000764c00000| Untracked 
|  70|0x0000000769a00000, 0x0000000769a00000, 0x0000000769c00000|  0%| F|  |TAMS 0x0000000769a00000| PB 0x0000000769a00000| Untracked 
|  79|0x000000076ac00000, 0x000000076ac00000, 0x000000076ae00000|  0%| F|  |TAMS 0x000000076ac00000| PB 0x000000076ac00000| Untracked 

Card table byte_map: [0x0000015e410a0000,0x0000015e415a0000] _byte_map_base: 0x0000015e3d599000

Marking Bits: (CMBitMap*) 0x0000015e2cc872b0
 Bits: [0x0000015e415a0000, 0x0000015e43d68000)

Polling page: 0x0000015e2caf0000

Metaspace:

Usage:
  Non-class:     46.99 MB used.
      Class:      6.10 MB used.
       Both:     53.09 MB used.

Virtual space:
  Non-class space:       64.00 MB reserved,      47.31 MB ( 74%) committed,  1 nodes.
      Class space:        1.00 GB reserved,       6.44 MB ( <1%) committed,  1 nodes.
             Both:        1.06 GB reserved,      53.75 MB (  5%) committed. 

Chunk freelists:
   Non-Class:  656.00 KB
       Class:  9.42 MB
        Both:  10.06 MB

MaxMetaspaceSize: unlimited
CompressedClassSpaceSize: 1.00 GB
Initial GC threshold: 21.00 MB
Current GC threshold: 82.00 MB
CDS: off
 - commit_granule_bytes: 65536.
 - commit_granule_words: 8192.
 - virtual_space_node_default_size: 8388608.
 - enlarge_chunks_in_place: 1.
 - use_allocation_guard: 0.


Internal statistics:

num_allocs_failed_limit: 6.
num_arena_births: 1178.
num_arena_deaths: 0.
num_vsnodes_births: 2.
num_vsnodes_deaths: 0.
num_space_committed: 858.
num_space_uncommitted: 0.
num_chunks_returned_to_freelist: 6.
num_chunks_taken_from_freelist: 2922.
num_chunk_merges: 6.
num_chunk_splits: 2245.
num_chunks_enlarged: 1723.
num_inconsistent_stats: 0.

CodeHeap 'non-profiled nmethods': size=120000Kb used=2733Kb max_used=2733Kb free=117266Kb
 bounds [0x0000015e39050000, 0x0000015e39300000, 0x0000015e40580000]
CodeHeap 'profiled nmethods': size=120000Kb used=11580Kb max_used=11580Kb free=108419Kb
 bounds [0x0000015e31580000, 0x0000015e320e0000, 0x0000015e38ab0000]
CodeHeap 'non-nmethods': size=5760Kb used=1627Kb max_used=1638Kb free=4132Kb
 bounds [0x0000015e38ab0000, 0x0000015e38d20000, 0x0000015e39050000]
 total_blobs=5723 nmethods=5048 adapters=578
 compilation: enabled
              stopped_count=0, restarted_count=0
 full_count=0

Compilation events (20 events):
Event: 7.138 Thread 0x0000015e46616ad0 nmethod 5785 0x0000015e392fb410 code [0x0000015e392fb5a0, 0x0000015e392fb650]
Event: 7.138 Thread 0x0000015e46616ad0 5786       3       org.jetbrains.kotlin.metadata.ProtoBuf$Class::getDefaultInstanceForType (5 bytes)
Event: 7.138 Thread 0x0000015e46616ad0 nmethod 5786 0x0000015e320ce110 code [0x0000015e320ce2a0, 0x0000015e320ce410]
Event: 7.138 Thread 0x0000015e46616ad0 5787       3       org.jetbrains.kotlin.metadata.ProtoBuf$Constructor::initFields (21 bytes)
Event: 7.139 Thread 0x0000015e46616ad0 nmethod 5787 0x0000015e320ce510 code [0x0000015e320ce6c0, 0x0000015e320ce978]
Event: 7.139 Thread 0x0000015e46616ad0 5788       3       org.jetbrains.kotlin.metadata.ProtoBuf$Constructor$1::parsePartialFrom (7 bytes)
Event: 7.139 Thread 0x0000015e46616ad0 nmethod 5788 0x0000015e31dca310 code [0x0000015e31dca4c0, 0x0000015e31dca5f8]
Event: 7.139 Thread 0x0000015e46616ad0 5789       3       org.jetbrains.kotlin.metadata.ProtoBuf$Constructor::<init> (7 bytes)
Event: 7.139 Thread 0x0000015e46616ad0 nmethod 5789 0x0000015e31dfcd10 code [0x0000015e31dfcec0, 0x0000015e31dfcff8]
Event: 7.143 Thread 0x0000015e46616ad0 5791       3       org.jetbrains.kotlin.metadata.ProtoBuf$Constructor::isInitialized (73 bytes)
Event: 7.144 Thread 0x0000015e46616ad0 nmethod 5791 0x0000015e320cea90 code [0x0000015e320cecc0, 0x0000015e320cf4f0]
Event: 7.147 Thread 0x0000015e46616ad0 5792       3       org.jetbrains.kotlin.metadata.ProtoBuf$PackageFragment::getClass_Count (10 bytes)
Event: 7.147 Thread 0x0000015e46616ad0 nmethod 5792 0x0000015e320cf790 code [0x0000015e320cf940, 0x0000015e320cfb20]
Event: 7.147 Thread 0x0000015e46616ad0 5793       3       java.lang.Integer::toHexString (6 bytes)
Event: 7.147 Thread 0x0000015e46616ad0 nmethod 5793 0x0000015e31e08c10 code [0x0000015e31e08dc0, 0x0000015e31e08ee0]
Event: 7.147 Thread 0x0000015e46616ad0 5794       3       java.lang.Integer::toUnsignedString0 (76 bytes)
Event: 7.148 Thread 0x0000015e46616ad0 nmethod 5794 0x0000015e320cfc10 code [0x0000015e320cfde0, 0x0000015e320d0260]
Event: 7.148 Thread 0x0000015e46616ad0 5795       3       org.jetbrains.kotlin.metadata.ProtoBuf$TypeTable::isInitialized (59 bytes)
Event: 7.149 Thread 0x0000015e46616ad0 nmethod 5795 0x0000015e320d0410 code [0x0000015e320d0620, 0x0000015e320d0cc8]
Event: 7.150 Thread 0x0000015e46616ad0 5796       3       org.jetbrains.kotlin.descriptors.impl.ModuleDescriptorImpl::toString (85 bytes)

GC Heap History (20 events):
Event: 3.833 GC heap after
{Heap after GC invocations=11 (full 0):
 garbage-first heap   total 49152K, used 23602K [0x0000000760e00000, 0x0000000800000000)
  region size 2048K, 2 young (4096K), 2 survivors (4096K)
 Metaspace       used 43829K, committed 44480K, reserved 1114112K
  class space    used 5261K, committed 5568K, reserved 1048576K
}
Event: 4.044 GC heap before
{Heap before GC invocations=11 (full 0):
 garbage-first heap   total 49152K, used 37938K [0x0000000760e00000, 0x0000000800000000)
  region size 2048K, 10 young (20480K), 2 survivors (4096K)
 Metaspace       used 44462K, committed 45120K, reserved 1114112K
  class space    used 5318K, committed 5632K, reserved 1048576K
}
Event: 4.058 GC heap after
{Heap after GC invocations=12 (full 0):
 garbage-first heap   total 49152K, used 27788K [0x0000000760e00000, 0x0000000800000000)
  region size 2048K, 2 young (4096K), 2 survivors (4096K)
 Metaspace       used 44462K, committed 45120K, reserved 1114112K
  class space    used 5318K, committed 5632K, reserved 1048576K
}
Event: 4.132 GC heap before
{Heap before GC invocations=12 (full 0):
 garbage-first heap   total 49152K, used 40076K [0x0000000760e00000, 0x0000000800000000)
  region size 2048K, 8 young (16384K), 2 survivors (4096K)
 Metaspace       used 44518K, committed 45184K, reserved 1114112K
  class space    used 5318K, committed 5632K, reserved 1048576K
}
Event: 4.138 GC heap after
{Heap after GC invocations=13 (full 0):
 garbage-first heap   total 49152K, used 27728K [0x0000000760e00000, 0x0000000800000000)
  region size 2048K, 1 young (2048K), 1 survivors (2048K)
 Metaspace       used 44518K, committed 45184K, reserved 1114112K
  class space    used 5318K, committed 5632K, reserved 1048576K
}
Event: 4.493 GC heap before
{Heap before GC invocations=14 (full 0):
 garbage-first heap   total 49152K, used 40016K [0x0000000760e00000, 0x0000000800000000)
  region size 2048K, 7 young (14336K), 1 survivors (2048K)
 Metaspace       used 46467K, committed 47168K, reserved 1114112K
  class space    used 5542K, committed 5888K, reserved 1048576K
}
Event: 4.498 GC heap after
{Heap after GC invocations=15 (full 0):
 garbage-first heap   total 49152K, used 28059K [0x0000000760e00000, 0x0000000800000000)
  region size 2048K, 1 young (2048K), 1 survivors (2048K)
 Metaspace       used 46467K, committed 47168K, reserved 1114112K
  class space    used 5542K, committed 5888K, reserved 1048576K
}
Event: 5.221 GC heap before
{Heap before GC invocations=15 (full 0):
 garbage-first heap   total 49152K, used 42395K [0x0000000760e00000, 0x0000000800000000)
  region size 2048K, 8 young (16384K), 1 survivors (2048K)
 Metaspace       used 47674K, committed 48320K, reserved 1114112K
  class space    used 5582K, committed 5888K, reserved 1048576K
}
Event: 5.237 GC heap after
{Heap after GC invocations=16 (full 0):
 garbage-first heap   total 63488K, used 30475K [0x0000000760e00000, 0x0000000800000000)
  region size 2048K, 1 young (2048K), 1 survivors (2048K)
 Metaspace       used 47674K, committed 48320K, reserved 1114112K
  class space    used 5582K, committed 5888K, reserved 1048576K
}
Event: 5.840 GC heap before
{Heap before GC invocations=16 (full 0):
 garbage-first heap   total 63488K, used 53003K [0x0000000760e00000, 0x0000000800000000)
  region size 2048K, 12 young (24576K), 1 survivors (2048K)
 Metaspace       used 48200K, committed 48896K, reserved 1114112K
  class space    used 5616K, committed 5952K, reserved 1048576K
}
Event: 5.856 GC heap after
{Heap after GC invocations=17 (full 0):
 garbage-first heap   total 63488K, used 35104K [0x0000000760e00000, 0x0000000800000000)
  region size 2048K, 2 young (4096K), 2 survivors (4096K)
 Metaspace       used 48200K, committed 48896K, reserved 1114112K
  class space    used 5616K, committed 5952K, reserved 1048576K
}
Event: 6.162 GC heap before
{Heap before GC invocations=18 (full 0):
 garbage-first heap   total 63488K, used 51488K [0x0000000760e00000, 0x0000000800000000)
  region size 2048K, 10 young (20480K), 2 survivors (4096K)
 Metaspace       used 48548K, committed 49216K, reserved 1114112K
  class space    used 5641K, committed 5952K, reserved 1048576K
}
Event: 6.179 GC heap after
{Heap after GC invocations=19 (full 0):
 garbage-first heap   total 63488K, used 37942K [0x0000000760e00000, 0x0000000800000000)
  region size 2048K, 2 young (4096K), 2 survivors (4096K)
 Metaspace       used 48548K, committed 49216K, reserved 1114112K
  class space    used 5641K, committed 5952K, reserved 1048576K
}
Event: 6.214 GC heap before
{Heap before GC invocations=19 (full 0):
 garbage-first heap   total 63488K, used 50230K [0x0000000760e00000, 0x0000000800000000)
  region size 2048K, 8 young (16384K), 2 survivors (4096K)
 Metaspace       used 48548K, committed 49216K, reserved 1114112K
  class space    used 5641K, committed 5952K, reserved 1048576K
}
Event: 6.222 GC heap after
{Heap after GC invocations=20 (full 0):
 garbage-first heap   total 63488K, used 38067K [0x0000000760e00000, 0x0000000800000000)
  region size 2048K, 1 young (2048K), 1 survivors (2048K)
 Metaspace       used 48548K, committed 49216K, reserved 1114112K
  class space    used 5641K, committed 5952K, reserved 1048576K
}
Event: 6.302 GC heap before
{Heap before GC invocations=20 (full 0):
 garbage-first heap   total 63488K, used 52403K [0x0000000760e00000, 0x0000000800000000)
  region size 2048K, 8 young (16384K), 1 survivors (2048K)
 Metaspace       used 48816K, committed 49536K, reserved 1114112K
  class space    used 5668K, committed 6016K, reserved 1048576K
}
Event: 6.304 GC heap after
{Heap after GC invocations=21 (full 0):
 garbage-first heap   total 63488K, used 37716K [0x0000000760e00000, 0x0000000800000000)
  region size 2048K, 1 young (2048K), 1 survivors (2048K)
 Metaspace       used 48816K, committed 49536K, reserved 1114112K
  class space    used 5668K, committed 6016K, reserved 1048576K
}
Event: 6.668 GC heap before
{Heap before GC invocations=22 (full 0):
 garbage-first heap   total 69632K, used 50004K [0x0000000760e00000, 0x0000000800000000)
  region size 2048K, 8 young (16384K), 1 survivors (2048K)
 Metaspace       used 51137K, committed 51840K, reserved 1114112K
  class space    used 5934K, committed 6272K, reserved 1048576K
}
Event: 6.673 GC heap after
{Heap after GC invocations=23 (full 0):
 garbage-first heap   total 69632K, used 38905K [0x0000000760e00000, 0x0000000800000000)
  region size 2048K, 1 young (2048K), 1 survivors (2048K)
 Metaspace       used 51137K, committed 51840K, reserved 1114112K
  class space    used 5934K, committed 6272K, reserved 1048576K
}
Event: 7.150 GC heap before
{Heap before GC invocations=23 (full 0):
 garbage-first heap   total 69632K, used 59385K [0x0000000760e00000, 0x0000000800000000)
  region size 2048K, 11 young (22528K), 1 survivors (2048K)
 Metaspace       used 54369K, committed 55040K, reserved 1114112K
  class space    used 6248K, committed 6592K, reserved 1048576K
}

Dll operation events (3 events):
Event: 0.007 Loaded shared library C:\Program Files\Android\Android Studio\jbr\bin\java.dll
Event: 0.016 Loaded shared library C:\Program Files\Android\Android Studio\jbr\bin\zip.dll
Event: 0.981 Loaded shared library C:\Program Files\Android\Android Studio\jbr\bin\verify.dll

Deoptimization events (20 events):
Event: 6.924 Thread 0x0000015e2cb41d00 Uncommon trap: trap_request=0xffffffde fr.pc=0x0000015e39209228 relative=0x0000000000000088
Event: 6.924 Thread 0x0000015e2cb41d00 Uncommon trap: reason=class_check action=maybe_recompile pc=0x0000015e39209228 method=java.util.Collections$UnmodifiableCollection$1.hasNext()Z @ 4 c2
Event: 6.924 Thread 0x0000015e2cb41d00 DEOPT PACKING pc=0x0000015e39209228 sp=0x00000046743fd150
Event: 6.924 Thread 0x0000015e2cb41d00 DEOPT UNPACKING pc=0x0000015e38b046a2 sp=0x00000046743fd0e0 mode 2
Event: 6.924 Thread 0x0000015e2cb41d00 Uncommon trap: trap_request=0xffffffde fr.pc=0x0000015e391a5614 relative=0x0000000000000074
Event: 6.924 Thread 0x0000015e2cb41d00 Uncommon trap: reason=class_check action=maybe_recompile pc=0x0000015e391a5614 method=java.util.Collections$UnmodifiableCollection.size()I @ 4 c2
Event: 6.924 Thread 0x0000015e2cb41d00 DEOPT PACKING pc=0x0000015e391a5614 sp=0x00000046743fd0f0
Event: 6.924 Thread 0x0000015e2cb41d00 DEOPT UNPACKING pc=0x0000015e38b046a2 sp=0x00000046743fd078 mode 2
Event: 6.924 Thread 0x0000015e2cb41d00 Uncommon trap: trap_request=0xffffffde fr.pc=0x0000015e391a5614 relative=0x0000000000000074
Event: 6.924 Thread 0x0000015e2cb41d00 Uncommon trap: reason=class_check action=maybe_recompile pc=0x0000015e391a5614 method=java.util.Collections$UnmodifiableCollection.size()I @ 4 c2
Event: 6.924 Thread 0x0000015e2cb41d00 DEOPT PACKING pc=0x0000015e391a5614 sp=0x00000046743fd0f0
Event: 6.924 Thread 0x0000015e2cb41d00 DEOPT UNPACKING pc=0x0000015e38b046a2 sp=0x00000046743fd078 mode 2
Event: 6.924 Thread 0x0000015e2cb41d00 Uncommon trap: trap_request=0xffffffde fr.pc=0x0000015e391f0e8c relative=0x00000000000000ec
Event: 6.924 Thread 0x0000015e2cb41d00 Uncommon trap: reason=class_check action=maybe_recompile pc=0x0000015e391f0e8c method=java.util.Collections$UnmodifiableCollection$1.next()Ljava/lang/Object; @ 4 c2
Event: 6.924 Thread 0x0000015e2cb41d00 DEOPT PACKING pc=0x0000015e391f0e8c sp=0x00000046743fd5a0
Event: 6.924 Thread 0x0000015e2cb41d00 DEOPT UNPACKING pc=0x0000015e38b046a2 sp=0x00000046743fd540 mode 2
Event: 6.991 Thread 0x0000015e2cb41d00 Uncommon trap: trap_request=0xffffff76 fr.pc=0x0000015e392a81ec relative=0x00000000000001cc
Event: 6.991 Thread 0x0000015e2cb41d00 Uncommon trap: reason=predicate action=maybe_recompile pc=0x0000015e392a81ec method=java.util.LinkedHashMap.keysToArray([Ljava/lang/Object;Z)[Ljava/lang/Object; @ 53 c2
Event: 6.991 Thread 0x0000015e2cb41d00 DEOPT PACKING pc=0x0000015e392a81ec sp=0x00000046743fd740
Event: 6.991 Thread 0x0000015e2cb41d00 DEOPT UNPACKING pc=0x0000015e38b046a2 sp=0x00000046743fd698 mode 2

Classes loaded (20 events):
Event: 4.261 Loading class java/util/stream/ReduceOps$3ReducingSink
Event: 4.261 Loading class java/util/stream/ReduceOps$AccumulatingSink
Event: 4.261 Loading class java/util/stream/ReduceOps$AccumulatingSink done
Event: 4.262 Loading class java/util/stream/ReduceOps$Box
Event: 4.262 Loading class java/util/stream/ReduceOps$Box done
Event: 4.262 Loading class java/util/stream/ReduceOps$3ReducingSink done
Event: 4.262 Loading class java/util/stream/ReferencePipeline$2$1
Event: 4.262 Loading class java/util/stream/ReferencePipeline$2$1 done
Event: 4.262 Loading class java/util/stream/IntPipeline$1$1
Event: 4.262 Loading class java/util/stream/Sink$ChainedInt
Event: 4.262 Loading class java/util/stream/Sink$OfInt
Event: 4.262 Loading class java/util/function/IntConsumer
Event: 4.262 Loading class java/util/function/IntConsumer done
Event: 4.262 Loading class java/util/stream/Sink$OfInt done
Event: 4.262 Loading class java/util/stream/Sink$ChainedInt done
Event: 4.262 Loading class java/util/stream/IntPipeline$1$1 done
Event: 4.638 Loading class java/util/RegularEnumSet$EnumSetIterator
Event: 4.639 Loading class java/util/RegularEnumSet$EnumSetIterator done
Event: 4.639 Loading class java/util/Collections$SingletonMap
Event: 4.639 Loading class java/util/Collections$SingletonMap done

Classes unloaded (0 events):
No events

Classes redefined (0 events):
No events

Internal exceptions (20 events):
Event: 2.944 Thread 0x0000015e2cb41d00 Exception <a 'java/lang/NoSuchMethodError'{0x0000000763092f90}: 'java.lang.Object java.lang.invoke.DelegatingMethodHandle$Holder.reinvoke_L(java.lang.Object, java.lang.Object, java.lang.Object, java.lang.Object, java.lang.Object, java.lang.Object, java.lang.Object, java.lang.Object, java.lang.Object, java.lang.Object, java.lang.Object, java.lang.Object, java.lang.Object, java.lang.Object, java.lang.Object, java.lang.Object, java.lang.Object, java.lang.Object)'> (0x0000000763092f90) 
thrown [s\src\hotspot\s
Event: 2.953 Thread 0x0000015e2cb41d00 Exception <a 'java/lang/NoSuchMethodError'{0x000000076311b4c0}: 'java.lang.Object java.lang.invoke.DirectMethodHandle$Holder.newInvokeSpecial(java.lang.Object, java.lang.Object, java.lang.Object, java.lang.Object, java.lang.Object, java.lang.Object, java.lang.Object, java.lang.Object, java.lang.Object, java.lang.Object, java.lang.Object, java.lang.Object, java.lang.Object, java.lang.Object, java.lang.Object, java.lang.Object, java.lang.Object, java.lang.Object, java.lang.Object, java.lang.Object, java.lang
Event: 2.954 Thread 0x0000015e2cb41d00 Exception <a 'java/lang/NoSuchMethodError'{0x0000000763122378}: 'java.lang.Object java.lang.invoke.DirectMethodHandle$Holder.invokeSpecial(java.lang.Object, java.lang.Object, java.lang.Object, java.lang.Object, java.lang.Object, java.lang.Object, java.lang.Object, java.lang.Object, java.lang.Object, java.lang.Object, java.lang.Object, java.lang.Object, java.lang.Object, java.lang.Object, java.lang.Object, java.lang.Object, java.lang.Object, java.lang.Object, java.lang.Object, java.lang.Object, java.lang.Ob
Event: 2.954 Thread 0x0000015e2cb41d00 Exception <a 'java/lang/NoSuchMethodError'{0x0000000763127af0}: 'java.lang.Object java.lang.invoke.DelegatingMethodHandle$Holder.reinvoke_L(java.lang.Object, java.lang.Object, java.lang.Object, java.lang.Object, java.lang.Object, java.lang.Object, java.lang.Object, java.lang.Object, java.lang.Object, java.lang.Object, java.lang.Object, java.lang.Object, java.lang.Object, java.lang.Object, java.lang.Object, java.lang.Object, java.lang.Object, java.lang.Object, java.lang.Object, java.lang.Object, java.lang.O
Event: 2.964 Thread 0x0000015e2cb41d00 Exception <a 'java/lang/NoSuchMethodError'{0x00000007631f62a8}: 'java.lang.Object java.lang.invoke.DirectMethodHandle$Holder.invokeStatic(java.lang.Object, java.lang.Object, java.lang.Object, java.lang.Object, java.lang.Object, java.lang.Object, java.lang.Object, java.lang.Object, java.lang.Object, java.lang.Object, java.lang.Object, java.lang.Object, java.lang.Object, java.lang.Object, java.lang.Object, java.lang.Object, java.lang.Object, java.lang.Object, java.lang.Object, java.lang.Object, java.lang.Obj
Event: 2.967 Thread 0x0000015e2cb41d00 Exception <a 'java/lang/NoSuchMethodError'{0x0000000762e28d10}: 'java.lang.Object java.lang.invoke.DirectMethodHandle$Holder.invokeStatic(java.lang.Object, java.lang.Object, java.lang.Object, java.lang.Object, java.lang.Object, java.lang.Object, java.lang.Object, java.lang.Object, java.lang.Object, java.lang.Object, java.lang.Object, java.lang.Object, java.lang.Object, java.lang.Object, java.lang.Object, java.lang.Object, java.lang.Object, java.lang.Object, java.lang.Object, java.lang.Object, java.lang.Obj
Event: 2.979 Thread 0x0000015e2cb41d00 Exception <a 'java/lang/NoSuchMethodError'{0x0000000762ea23f0}: 'java.lang.Object java.lang.invoke.DirectMethodHandle$Holder.newInvokeSpecial(java.lang.Object, java.lang.Object, java.lang.Object, java.lang.Object, java.lang.Object, java.lang.Object, java.lang.Object, java.lang.Object, java.lang.Object, java.lang.Object, java.lang.Object, java.lang.Object, java.lang.Object)'> (0x0000000762ea23f0) 
thrown [s\src\hotspot\share\interpreter\linkResolver.cpp, line 784]
Event: 2.980 Thread 0x0000015e2cb41d00 Exception <a 'java/lang/NoSuchMethodError'{0x0000000762ea7400}: 'java.lang.Object java.lang.invoke.DirectMethodHandle$Holder.invokeSpecial(java.lang.Object, java.lang.Object, java.lang.Object, java.lang.Object, java.lang.Object, java.lang.Object, java.lang.Object, java.lang.Object, java.lang.Object, java.lang.Object, java.lang.Object, java.lang.Object, java.lang.Object, java.lang.Object)'> (0x0000000762ea7400) 
thrown [s\src\hotspot\share\interpreter\linkResolver.cpp, line 784]
Event: 2.980 Thread 0x0000015e2cb41d00 Exception <a 'java/lang/NoSuchMethodError'{0x0000000762eab950}: 'java.lang.Object java.lang.invoke.DelegatingMethodHandle$Holder.reinvoke_L(java.lang.Object, java.lang.Object, java.lang.Object, java.lang.Object, java.lang.Object, java.lang.Object, java.lang.Object, java.lang.Object, java.lang.Object, java.lang.Object, java.lang.Object, java.lang.Object, java.lang.Object)'> (0x0000000762eab950) 
thrown [s\src\hotspot\share\interpreter\linkResolver.cpp, line 784]
Event: 3.319 Thread 0x0000015e2cb41d00 Exception <a 'java/lang/NoSuchMethodError'{0x0000000769a6b4d8}: 'java.lang.Object java.lang.invoke.DirectMethodHandle$Holder.newInvokeSpecial(java.lang.Object, java.lang.Object, java.lang.Object, int)'> (0x0000000769a6b4d8) 
thrown [s\src\hotspot\share\interpreter\linkResolver.cpp, line 784]
Event: 3.319 Thread 0x0000015e2cb41d00 Exception <a 'java/lang/NoSuchMethodError'{0x0000000769a6f920}: 'java.lang.Object java.lang.invoke.DirectMethodHandle$Holder.invokeSpecial(java.lang.Object, java.lang.Object, java.lang.Object, java.lang.Object, int)'> (0x0000000769a6f920) 
thrown [s\src\hotspot\share\interpreter\linkResolver.cpp, line 784]
Event: 3.319 Thread 0x0000015e2cb41d00 Exception <a 'java/lang/NoSuchMethodError'{0x0000000769a73078}: 'java.lang.Object java.lang.invoke.Invokers$Holder.linkToTargetMethod(java.lang.Object, java.lang.Object, int, java.lang.Object)'> (0x0000000769a73078) 
thrown [s\src\hotspot\share\interpreter\linkResolver.cpp, line 784]
Event: 3.589 Thread 0x0000015e2cb41d00 Exception <a 'java/lang/NoSuchMethodError'{0x00000007632ee318}: 'java.lang.Object java.lang.invoke.DirectMethodHandle$Holder.newInvokeSpecial(java.lang.Object, java.lang.Object, int)'> (0x00000007632ee318) 
thrown [s\src\hotspot\share\interpreter\linkResolver.cpp, line 784]
Event: 4.415 Thread 0x0000015e2cb41d00 Exception <a 'java/lang/NoSuchMethodError'{0x00000007632119d0}: 'java.lang.Object java.lang.invoke.DirectMethodHandle$Holder.newInvokeSpecial(java.lang.Object, int, java.lang.Object)'> (0x00000007632119d0) 
thrown [s\src\hotspot\share\interpreter\linkResolver.cpp, line 784]
Event: 4.415 Thread 0x0000015e2cb41d00 Exception <a 'java/lang/NoSuchMethodError'{0x0000000763217750}: 'int java.lang.invoke.DirectMethodHandle$Holder.invokeInterface(java.lang.Object, java.lang.Object)'> (0x0000000763217750) 
thrown [s\src\hotspot\share\interpreter\linkResolver.cpp, line 784]
Event: 5.635 Thread 0x0000015e2cb41d00 Implicit null exception at 0x0000015e391c629d to 0x0000015e391c64b8
Event: 5.635 Thread 0x0000015e2cb41d00 Implicit null exception at 0x0000015e3910acbd to 0x0000015e3910ad41
Event: 6.447 Thread 0x0000015e2cb41d00 Implicit null exception at 0x0000015e39277c21 to 0x0000015e3927911c
Event: 6.447 Thread 0x0000015e2cb41d00 Implicit null exception at 0x0000015e39272169 to 0x0000015e39272956
Event: 6.731 Thread 0x0000015e2cb41d00 Implicit null exception at 0x0000015e3912d35a to 0x0000015e3912d464

ZGC Phase Switch (0 events):
No events

VM Operations (20 events):
Event: 6.497 Executing VM operation: HandshakeAllThreads (Deoptimize) done
Event: 6.538 Executing VM operation: HandshakeAllThreads (Deoptimize)
Event: 6.538 Executing VM operation: HandshakeAllThreads (Deoptimize) done
Event: 6.668 Executing VM operation: G1CollectForAllocation (G1 Evacuation Pause)
Event: 6.673 Executing VM operation: G1CollectForAllocation (G1 Evacuation Pause) done
Event: 6.715 Executing VM operation: HandshakeAllThreads (Deoptimize)
Event: 6.715 Executing VM operation: HandshakeAllThreads (Deoptimize) done
Event: 6.911 Executing VM operation: ICBufferFull
Event: 6.911 Executing VM operation: ICBufferFull done
Event: 6.964 Executing VM operation: HandshakeAllThreads (Deoptimize)
Event: 6.964 Executing VM operation: HandshakeAllThreads (Deoptimize) done
Event: 7.060 Executing VM operation: HandshakeAllThreads (Deoptimize)
Event: 7.060 Executing VM operation: HandshakeAllThreads (Deoptimize) done
Event: 7.097 Executing VM operation: HandshakeAllThreads (Deoptimize)
Event: 7.097 Executing VM operation: HandshakeAllThreads (Deoptimize) done
Event: 7.100 Executing VM operation: HandshakeAllThreads (Deoptimize)
Event: 7.100 Executing VM operation: HandshakeAllThreads (Deoptimize) done
Event: 7.135 Executing VM operation: HandshakeAllThreads (Deoptimize)
Event: 7.136 Executing VM operation: HandshakeAllThreads (Deoptimize) done
Event: 7.150 Executing VM operation: G1CollectForAllocation (G1 Evacuation Pause)

Memory protections (0 events):
No events

Nmethod flushes (20 events):
Event: 6.422 Thread 0x0000015e463198a0 flushing  nmethod 0x0000015e31dca310
Event: 6.422 Thread 0x0000015e463198a0 flushing  nmethod 0x0000015e31de1910
Event: 6.422 Thread 0x0000015e463198a0 flushing  nmethod 0x0000015e31de1c90
Event: 6.422 Thread 0x0000015e463198a0 flushing  nmethod 0x0000015e31de2e90
Event: 6.422 Thread 0x0000015e463198a0 flushing  nmethod 0x0000015e31de3c90
Event: 6.422 Thread 0x0000015e463198a0 flushing  nmethod 0x0000015e31de4710
Event: 6.422 Thread 0x0000015e463198a0 flushing  nmethod 0x0000015e31de4e10
Event: 6.422 Thread 0x0000015e463198a0 flushing  nmethod 0x0000015e31de5190
Event: 6.422 Thread 0x0000015e463198a0 flushing  nmethod 0x0000015e31de5890
Event: 6.422 Thread 0x0000015e463198a0 flushing  nmethod 0x0000015e31de5c90
Event: 6.422 Thread 0x0000015e463198a0 flushing  nmethod 0x0000015e31ded190
Event: 6.422 Thread 0x0000015e463198a0 flushing  nmethod 0x0000015e31ded510
Event: 6.422 Thread 0x0000015e463198a0 flushing  nmethod 0x0000015e31dede10
Event: 6.422 Thread 0x0000015e463198a0 flushing  nmethod 0x0000015e31e02310
Event: 6.422 Thread 0x0000015e463198a0 flushing  nmethod 0x0000015e31e08c10
Event: 6.422 Thread 0x0000015e463198a0 flushing  nmethod 0x0000015e31e0b690
Event: 6.422 Thread 0x0000015e463198a0 flushing  nmethod 0x0000015e31e0f990
Event: 6.422 Thread 0x0000015e463198a0 flushing  nmethod 0x0000015e31ec3110
Event: 6.422 Thread 0x0000015e463198a0 flushing  nmethod 0x0000015e31f8ed90
Event: 6.422 Thread 0x0000015e463198a0 flushing  nmethod 0x0000015e31f9dc10

Events (16 events):
Event: 0.014 Thread 0x0000015e2cb41d00 Thread added: 0x0000015e2cb41d00
Event: 0.085 Thread 0x0000015e2cb41d00 Thread added: 0x0000015e46627750
Event: 0.085 Thread 0x0000015e2cb41d00 Thread added: 0x0000015e463a8ed0
Event: 0.087 Thread 0x0000015e2cb41d00 Thread added: 0x0000015e463adb70
Event: 0.087 Thread 0x0000015e2cb41d00 Thread added: 0x0000015e463ae5d0
Event: 0.087 Thread 0x0000015e2cb41d00 Thread added: 0x0000015e463ac4e0
Event: 0.087 Thread 0x0000015e2cb41d00 Thread added: 0x0000015e46608810
Event: 0.087 Thread 0x0000015e2cb41d00 Thread added: 0x0000015e46613880
Event: 0.087 Thread 0x0000015e2cb41d00 Thread added: 0x0000015e46616ad0
Event: 0.137 Thread 0x0000015e2cb41d00 Thread added: 0x0000015e467c1490
Event: 0.146 Thread 0x0000015e2cb41d00 Thread added: 0x0000015e467bb9c0
Event: 0.160 Loaded shared library C:\Program Files\Android\Android Studio\jbr\bin\net.dll
Event: 0.162 Loaded shared library C:\Program Files\Android\Android Studio\jbr\bin\nio.dll
Event: 0.198 Thread 0x0000015e46613880 Thread added: 0x0000015e467ebb40
Event: 0.221 Loaded shared library C:\Program Files\Android\Android Studio\jbr\bin\zip.dll
Event: 0.273 Loaded shared library C:\Program Files\Android\Android Studio\jbr\bin\jimage.dll


Dynamic libraries:
0x00007ff795a40000 - 0x00007ff795a4a000 	C:\Program Files\Android\Android Studio\jbr\bin\java.exe
0x00007ffe738f0000 - 0x00007ffe73ae8000 	C:\WINDOWS\SYSTEM32\ntdll.dll
0x00007ffe73600000 - 0x00007ffe736c2000 	C:\WINDOWS\System32\KERNEL32.DLL
0x00007ffe71010000 - 0x00007ffe7130f000 	C:\WINDOWS\System32\KERNELBASE.dll
0x00007ffe714e0000 - 0x00007ffe715e0000 	C:\WINDOWS\System32\ucrtbase.dll
0x00007ffe6c8b0000 - 0x00007ffe6c8c8000 	C:\Program Files\Android\Android Studio\jbr\bin\jli.dll
0x00007ffe6dcd0000 - 0x00007ffe6dceb000 	C:\Program Files\Android\Android Studio\jbr\bin\VCRUNTIME140.dll
0x00007ffe71bc0000 - 0x00007ffe71d5d000 	C:\WINDOWS\System32\USER32.dll
0x00007ffe70f90000 - 0x00007ffe70fb2000 	C:\WINDOWS\System32\win32u.dll
0x00007ffe61bf0000 - 0x00007ffe61e8a000 	C:\WINDOWS\WinSxS\amd64_microsoft.windows.common-controls_6595b64144ccf1df_6.0.19041.4355_none_60b8b9eb71f62e16\COMCTL32.dll
0x00007ffe71df0000 - 0x00007ffe71e1b000 	C:\WINDOWS\System32\GDI32.dll
0x00007ffe728b0000 - 0x00007ffe7294e000 	C:\WINDOWS\System32\msvcrt.dll
0x00007ffe71740000 - 0x00007ffe7185a000 	C:\WINDOWS\System32\gdi32full.dll
0x00007ffe716a0000 - 0x00007ffe7173d000 	C:\WINDOWS\System32\msvcp_win.dll
0x00007ffe71e20000 - 0x00007ffe71e4f000 	C:\WINDOWS\System32\IMM32.DLL
0x00007ffe6ddf0000 - 0x00007ffe6ddfc000 	C:\Program Files\Android\Android Studio\jbr\bin\vcruntime140_1.dll
0x00007ffe5b450000 - 0x00007ffe5b4dd000 	C:\Program Files\Android\Android Studio\jbr\bin\msvcp140.dll
0x00007ffe34c30000 - 0x00007ffe358b3000 	C:\Program Files\Android\Android Studio\jbr\bin\server\jvm.dll
0x00007ffe72970000 - 0x00007ffe72a1f000 	C:\WINDOWS\System32\ADVAPI32.dll
0x00007ffe71970000 - 0x00007ffe71a0f000 	C:\WINDOWS\System32\sechost.dll
0x00007ffe736d0000 - 0x00007ffe737f3000 	C:\WINDOWS\System32\RPCRT4.dll
0x00007ffe71670000 - 0x00007ffe71697000 	C:\WINDOWS\System32\bcrypt.dll
0x00007ffe72ea0000 - 0x00007ffe72f0b000 	C:\WINDOWS\System32\WS2_32.dll
0x00007ffe70df0000 - 0x00007ffe70e3b000 	C:\WINDOWS\SYSTEM32\POWRPROF.dll
0x00007ffe69310000 - 0x00007ffe6931a000 	C:\WINDOWS\SYSTEM32\VERSION.dll
0x00007ffe66920000 - 0x00007ffe66947000 	C:\WINDOWS\SYSTEM32\WINMM.dll
0x00007ffe70dd0000 - 0x00007ffe70de2000 	C:\WINDOWS\SYSTEM32\UMPDC.dll
0x00007ffe6ee10000 - 0x00007ffe6ee22000 	C:\WINDOWS\SYSTEM32\kernel.appcore.dll
0x00007ffe6dd30000 - 0x00007ffe6dd3a000 	C:\Program Files\Android\Android Studio\jbr\bin\jimage.dll
0x00007ffe69ab0000 - 0x00007ffe69c94000 	C:\WINDOWS\SYSTEM32\DBGHELP.DLL
0x00007ffe570a0000 - 0x00007ffe570d4000 	C:\WINDOWS\SYSTEM32\dbgcore.DLL
0x00007ffe715e0000 - 0x00007ffe71662000 	C:\WINDOWS\System32\bcryptPrimitives.dll
0x00007ffe6b850000 - 0x00007ffe6b870000 	C:\Program Files\Android\Android Studio\jbr\bin\java.dll
0x00007ffe6b630000 - 0x00007ffe6b648000 	C:\Program Files\Android\Android Studio\jbr\bin\zip.dll
0x00007ffe72130000 - 0x00007ffe7289d000 	C:\WINDOWS\System32\SHELL32.dll
0x00007ffe6f010000 - 0x00007ffe6f7b4000 	C:\WINDOWS\SYSTEM32\windows.storage.dll
0x00007ffe732a0000 - 0x00007ffe735f5000 	C:\WINDOWS\System32\combase.dll
0x00007ffe708f0000 - 0x00007ffe7091f000 	C:\WINDOWS\SYSTEM32\Wldp.dll
0x00007ffe72f70000 - 0x00007ffe7303d000 	C:\WINDOWS\System32\OLEAUT32.dll
0x00007ffe73800000 - 0x00007ffe738ad000 	C:\WINDOWS\System32\SHCORE.dll
0x00007ffe73040000 - 0x00007ffe73095000 	C:\WINDOWS\System32\shlwapi.dll
0x00007ffe70ec0000 - 0x00007ffe70ee4000 	C:\WINDOWS\SYSTEM32\profapi.dll
0x00007ffe6dcc0000 - 0x00007ffe6dcd0000 	C:\Program Files\Android\Android Studio\jbr\bin\net.dll
0x00007ffe670d0000 - 0x00007ffe671da000 	C:\WINDOWS\SYSTEM32\WINHTTP.dll
0x00007ffe70650000 - 0x00007ffe706bc000 	C:\WINDOWS\system32\mswsock.dll
0x00007ffe6b610000 - 0x00007ffe6b626000 	C:\Program Files\Android\Android Studio\jbr\bin\nio.dll
0x00007ffe6b4e0000 - 0x00007ffe6b4f0000 	C:\Program Files\Android\Android Studio\jbr\bin\verify.dll

dbghelp: loaded successfully - version: 4.0.5 - missing functions: none
symbol engine: initialized successfully - sym options: 0x614 - pdb path: .;C:\Program Files\Android\Android Studio\jbr\bin;C:\WINDOWS\SYSTEM32;C:\WINDOWS\WinSxS\amd64_microsoft.windows.common-controls_6595b64144ccf1df_6.0.19041.4355_none_60b8b9eb71f62e16;C:\Program Files\Android\Android Studio\jbr\bin\server

VM Arguments:
java_command: org.jetbrains.kotlin.cli.jvm.K2JVMCompiler @C:\Users\ADMIN\AndroidStudioProjects\MyApplication\app\build\20250302_242297407472788413.compiler.options
java_class_path (initial): C:\Users\ADMIN\.gradle\caches\modules-2\files-2.1\org.jetbrains.kotlin\kotlin-compiler-embeddable\1.9.24\78dab849090e6c5e2eadb6e59a11cdc28fb67a08\kotlin-compiler-embeddable-1.9.24.jar;C:\Users\ADMIN\.gradle\caches\modules-2\files-2.1\org.jetbrains.kotlin\kotlin-stdlib\1.9.24\9928532f12c66ad816a625b3f9984f8368ca6d2b\kotlin-stdlib-1.9.24.jar;C:\Users\ADMIN\.gradle\caches\modules-2\files-2.1\org.jetbrains.kotlin\kotlin-script-runtime\1.9.24\96771497da90fbc5af1c90fce148db2595a62502\kotlin-script-runtime-1.9.24.jar;C:\Users\ADMIN\.gradle\caches\modules-2\files-2.1\org.jetbrains.kotlin\kotlin-reflect\1.6.10\1cbe9c92c12a94eea200d23c2bbaedaf3daf5132\kotlin-reflect-1.6.10.jar;C:\Users\ADMIN\.gradle\caches\modules-2\files-2.1\org.jetbrains.kotlin\kotlin-daemon-embeddable\1.9.24\86685b9c5e8d170925bd9ddbdc263374a6a73281\kotlin-daemon-embeddable-1.9.24.jar;C:\Users\ADMIN\.gradle\caches\modules-2\files-2.1\org.jetbrains.intellij.deps\trove4j\1.0.20200330\3afb14d5f9ceb459d724e907a21145e8ff394f02\trove4j-1.0.20200330.jar;C:\Users\ADMIN\.gradle\caches\modules-2\files-2.1\org.jetbrains\annotations\13.0\919f0dfe192fb4e063e7dacadee7f8bb9a2672a9\annotations-13.0.jar
Launcher Type: SUN_STANDARD

[Global flags]
     intx CICompilerCount                          = 3                                         {product} {ergonomic}
     uint ConcGCThreads                            = 1                                         {product} {ergonomic}
     uint G1ConcRefinementThreads                  = 4                                         {product} {ergonomic}
   size_t G1HeapRegionSize                         = 2097152                                   {product} {ergonomic}
    uintx GCDrainStackTargetSize                   = 64                                        {product} {ergonomic}
   size_t InitialHeapSize                          = 167772160                                 {product} {ergonomic}
   size_t MarkStackSize                            = 4194304                                   {product} {ergonomic}
   size_t MaxHeapSize                              = 2669674496                                {product} {ergonomic}
   size_t MaxNewSize                               = 1600126976                                {product} {ergonomic}
   size_t MinHeapDeltaBytes                        = 2097152                                   {product} {ergonomic}
   size_t MinHeapSize                              = 8388608                                   {product} {ergonomic}
    uintx NonNMethodCodeHeapSize                   = 5832780                                {pd product} {ergonomic}
    uintx NonProfiledCodeHeapSize                  = 122912730                              {pd product} {ergonomic}
    uintx ProfiledCodeHeapSize                     = 122912730                              {pd product} {ergonomic}
    uintx ReservedCodeCacheSize                    = 251658240                              {pd product} {ergonomic}
     bool SegmentedCodeCache                       = true                                      {product} {ergonomic}
   size_t SoftMaxHeapSize                          = 2669674496                             {manageable} {ergonomic}
     bool UseCompressedOops                        = true                           {product lp64_product} {ergonomic}
     bool UseG1GC                                  = true                                      {product} {ergonomic}
     bool UseLargePagesIndividualAllocation        = false                                  {pd product} {ergonomic}

Logging:
Log output configuration:
 #0: stdout all=warning uptime,level,tags foldmultilines=false
 #1: stderr all=off uptime,level,tags foldmultilines=false

Environment Variables:
PATH=C:\Program Files\Common Files\Oracle\Java\javapath;C:\WINDOWS\system32;C:\WINDOWS;C:\WINDOWS\System32\Wbem;C:\WINDOWS\System32\WindowsPowerShell\v1.0\;C:\WINDOWS\System32\OpenSSH\;C:\Program Files\Git\cmd;C:\Users\ADMIN\AppData\Local\Programs\Python\Python313;C:\Users\ADMIN\AppData\Local\Programs\Python\Python313\Scripts;C:\dart-sdk\bin;C:\flutter\bin;C:\Users\ADMIN\AppData\Roaming\npm;C:\Program Files\nodejs\;C:\Users\ADMIN\AppData\Local\Pub\Cache\bin;C:\Users\ADMIN\AppData\Local\Programs\Python\Launcher\;C:\Users\ADMIN\AppData\Local\Microsoft\WindowsApps;C:\Users\ADMIN\AppData\Local\Programs\Microsoft VS Code\bin;C:\Users\ADMIN\AppData\Local\GitHubDesktop\bin;C:\Program Files\JetBrains\IntelliJ IDEA 2024.3.3\bin;;C:\Users\ADMIN\AppData\Roaming\npm
USERNAME=ADMIN
OS=Windows_NT
PROCESSOR_IDENTIFIER=AMD64 Family 23 Model 24 Stepping 1, AuthenticAMD
TMP=C:\Users\ADMIN\AppData\Local\Temp
TEMP=C:\Users\ADMIN\AppData\Local\Temp




Periodic native trim disabled

JNI global refs:
JNI global refs: 10, weak refs: 5

JNI global refs memory usage: 835, weak refs: 833

Process memory usage:
Resident Set Size: 236772K (2% of 10422828K total physical memory with 2146288K free physical memory)

OOME stack traces (most recent first):
Classloader memory used:
Loader jdk.internal.loader.ClassLoaders$AppClassLoader                                 : 42211K
Loader bootstrap                                                                       : 12157K

---------------  S Y S T E M  ---------------

OS:
 Windows 10 , 64 bit Build 19041 (10.0.19041.5438)
OS uptime: 0 days 5:45 hours

CPU: total 4 (initial active 4) (4 cores per cpu, 2 threads per core) family 23 model 24 stepping 1 microcode 0x0, cx8, cmov, fxsr, ht, mmx, 3dnowpref, sse, sse2, sse3, ssse3, sse4a, sse4.1, sse4.2, popcnt, lzcnt, tsc, tscinvbit, avx, avx2, aes, clmul, bmi1, bmi2, adx, sha, fma, vzeroupper, clflush, clflushopt, rdtscp, f16c
Processor Information for all 4 processors :
  Max Mhz: 2600, Current Mhz: 2600, Mhz Limit: 2600

Memory: 4k page, system-wide physical 10178M (2095M free)
TotalPageFile size 25281M (AvailPageFile size 65M)
current process WorkingSet (physical memory assigned to process): 231M, peak: 231M
current process commit charge ("private bytes"): 257M, peak: 318M

vm_info: OpenJDK 64-Bit Server VM (21.0.4+-12508038-b607.1) for windows-amd64 JRE (21.0.4+-12508038-b607.1), built on 2024-10-16T17:23:34Z by "builder" with MS VC++ 16.10 / 16.11 (VS2019)

END.
