#
# There is insufficient memory for the Java Runtime Environment to continue.
# Native memory allocation (mmap) failed to map 195035136 bytes. Error detail: G1 virtual space
# Possible reasons:
#   The system is out of physical RAM or swap space
#   This process is running with CompressedOops enabled, and the Java Heap may be blocking the growth of the native heap
# Possible solutions:
#   Reduce memory load on the system
#   Increase physical memory or swap space
#   Check if swap backing store is full
#   Decrease Java heap size (-Xmx/-Xms)
#   Decrease number of Java threads
#   Decrease Java thread stack sizes (-Xss)
#   Set larger code cache with -XX:ReservedCodeCacheSize=
#   JVM is running with Zero Based Compressed Oops mode in which the Java heap is
#     placed in the first 32GB address space. The Java Heap base address is the
#     maximum limit for the native heap growth. Please use -XX:HeapBaseMinAddress
#     to set the Java Heap base and to place the Java Heap above 32GB virtual address.
# This output file may be truncated or incomplete.
#
#  Out of Memory Error (os_windows.cpp:3828), pid=8776, tid=4264
#
# JRE version: OpenJDK Runtime Environment (21.0.4) (build 21.0.4+-12508038-b607.1)
# Java VM: OpenJDK 64-Bit Server VM (21.0.4+-12508038-b607.1, mixed mode, tiered, compressed oops, compressed class ptrs, g1 gc, windows-amd64)
# No core dump will be written. Minidumps are not enabled by default on client versions of Windows
#

---------------  S U M M A R Y ------------

Command Line: -XX:MaxPermSize=512m -XX:+HeapDumpOnOutOfMemoryError --add-opens=java.base/java.util=ALL-UNNAMED --add-opens=java.base/java.lang=ALL-UNNAMED --add-opens=java.base/java.lang.invoke=ALL-UNNAMED --add-opens=java.prefs/java.util.prefs=ALL-UNNAMED --add-exports=jdk.compiler/com.sun.tools.javac.api=ALL-UNNAMED --add-exports=jdk.compiler/com.sun.tools.javac.util=ALL-UNNAMED --add-opens=java.base/java.nio.charset=ALL-UNNAMED --add-opens=java.base/java.net=ALL-UNNAMED --add-opens=java.base/java.util.concurrent.atomic=ALL-UNNAMED -Xmx4g -Dfile.encoding=UTF-8 -Duser.country=CO -Duser.language=es -Duser.variant -javaagent:C:\Users\ADMIN\.gradle\wrapper\dists\gradle-8.10.2-bin\a04bxjujx95o3nb99gddekhwo\gradle-8.10.2\lib\agents\gradle-instrumentation-agent-8.10.2.jar org.gradle.launcher.daemon.bootstrap.GradleDaemon 8.10.2

Host: AMD Ryzen 3 3200U with Radeon Vega Mobile Gfx  , 4 cores, 9G,  Windows 10 , 64 bit Build 19041 (10.0.19041.5438)
Time: Sun Mar  2 20:31:46 2025 Hora est. Pacífico, Sudamérica elapsed time: 11.414366 seconds (0d 0h 0m 11s)

---------------  T H R E A D  ---------------

Current thread (0x00000162be79f4a0):  VMThread "VM Thread"          [id=4264, stack(0x0000004b1d900000,0x0000004b1da00000) (1024K)]

Stack: [0x0000004b1d900000,0x0000004b1da00000]
Native frames: (J=compiled Java code, j=interpreted, Vv=VM code, C=native code)
V  [jvm.dll+0x6ce539]
V  [jvm.dll+0x85bf03]
V  [jvm.dll+0x85e45e]
V  [jvm.dll+0x85eb43]
V  [jvm.dll+0x27dd06]
V  [jvm.dll+0x6cada5]
V  [jvm.dll+0x6bf27a]
V  [jvm.dll+0x3541fb]
V  [jvm.dll+0x35be36]
V  [jvm.dll+0x3adbc6]
V  [jvm.dll+0x3ade98]
V  [jvm.dll+0x32691c]
V  [jvm.dll+0x3269a7]
V  [jvm.dll+0x36c78c]
V  [jvm.dll+0x36af3e]
V  [jvm.dll+0x326071]
V  [jvm.dll+0x36a650]
V  [jvm.dll+0x8648c8]
V  [jvm.dll+0x865c44]
V  [jvm.dll+0x866180]
V  [jvm.dll+0x866413]
V  [jvm.dll+0x804418]
V  [jvm.dll+0x6cce0d]
C  [ucrtbase.dll+0x21bb2]
C  [KERNEL32.DLL+0x17374]
C  [ntdll.dll+0x4cc91]

VM_Operation (0x0000004b208f9cd0): G1CollectForAllocation, mode: safepoint, requested by thread 0x00000162c618b400


---------------  P R O C E S S  ---------------

Threads class SMR info:
_java_thread_list=0x00000162c792cf70, length=47, elements={
0x00000162a30122c0, 0x00000162bea9af20, 0x00000162be80d340, 0x00000162be80e150,
0x00000162beaa3f70, 0x00000162beaa49f0, 0x00000162beaa5450, 0x00000162beaa8670,
0x00000162beaa8d20, 0x00000162be75ab20, 0x00000162bed8f780, 0x00000162c4cc7ac0,
0x00000162c49ce6b0, 0x00000162c4cabe20, 0x00000162c4d8db50, 0x00000162c4b5a000,
0x00000162c4b43cc0, 0x00000162c4d83f00, 0x00000162c4f5ffb0, 0x00000162c4f619f0,
0x00000162c4f60640, 0x00000162c4f60cd0, 0x00000162c4f62080, 0x00000162c4f62710,
0x00000162c51474e0, 0x00000162c4f62da0, 0x00000162c4f63430, 0x00000162c512fab0,
0x00000162c5130e60, 0x00000162c5134970, 0x00000162c51314f0, 0x00000162c5130140,
0x00000162c51363b0, 0x00000162c5135690, 0x00000162c51307d0, 0x00000162c5131b80,
0x00000162c51328a0, 0x00000162c6187260, 0x00000162c618a6e0, 0x00000162c61878f0,
0x00000162c618ad70, 0x00000162c6188ca0, 0x00000162c61899c0, 0x00000162c6187f80,
0x00000162c618b400, 0x00000162c6189330, 0x00000162c618a050
}

Java Threads: ( => current thread )
  0x00000162a30122c0 JavaThread "main"                              [_thread_blocked, id=8144, stack(0x0000004b1d200000,0x0000004b1d300000) (1024K)]
  0x00000162bea9af20 JavaThread "Reference Handler"          daemon [_thread_blocked, id=7248, stack(0x0000004b1da00000,0x0000004b1db00000) (1024K)]
  0x00000162be80d340 JavaThread "Finalizer"                  daemon [_thread_blocked, id=6304, stack(0x0000004b1db00000,0x0000004b1dc00000) (1024K)]
  0x00000162be80e150 JavaThread "Signal Dispatcher"          daemon [_thread_blocked, id=2072, stack(0x0000004b1dc00000,0x0000004b1dd00000) (1024K)]
  0x00000162beaa3f70 JavaThread "Attach Listener"            daemon [_thread_blocked, id=9056, stack(0x0000004b1dd00000,0x0000004b1de00000) (1024K)]
  0x00000162beaa49f0 JavaThread "Service Thread"             daemon [_thread_blocked, id=5684, stack(0x0000004b1de00000,0x0000004b1df00000) (1024K)]
  0x00000162beaa5450 JavaThread "Monitor Deflation Thread"   daemon [_thread_blocked, id=10848, stack(0x0000004b1df00000,0x0000004b1e000000) (1024K)]
  0x00000162beaa8670 JavaThread "C2 CompilerThread0"         daemon [_thread_in_native, id=5464, stack(0x0000004b1e000000,0x0000004b1e100000) (1024K)]
  0x00000162beaa8d20 JavaThread "C1 CompilerThread0"         daemon [_thread_blocked, id=5136, stack(0x0000004b1e100000,0x0000004b1e200000) (1024K)]
  0x00000162be75ab20 JavaThread "Common-Cleaner"             daemon [_thread_blocked, id=9736, stack(0x0000004b1e200000,0x0000004b1e300000) (1024K)]
  0x00000162bed8f780 JavaThread "Notification Thread"        daemon [_thread_blocked, id=10656, stack(0x0000004b1e300000,0x0000004b1e400000) (1024K)]
  0x00000162c4cc7ac0 JavaThread "Daemon health stats"               [_thread_blocked, id=2700, stack(0x0000004b1e800000,0x0000004b1e900000) (1024K)]
  0x00000162c49ce6b0 JavaThread "Incoming local TCP Connector on port 51825"        [_thread_in_native, id=456, stack(0x0000004b1e900000,0x0000004b1ea00000) (1024K)]
  0x00000162c4cabe20 JavaThread "Daemon periodic checks"            [_thread_blocked, id=9868, stack(0x0000004b1ea00000,0x0000004b1eb00000) (1024K)]
  0x00000162c4d8db50 JavaThread "Daemon"                            [_thread_blocked, id=2460, stack(0x0000004b1eb00000,0x0000004b1ec00000) (1024K)]
  0x00000162c4b5a000 JavaThread "Handler for socket connection from /127.0.0.1:51825 to /127.0.0.1:51826"        [_thread_in_native, id=10048, stack(0x0000004b1ec00000,0x0000004b1ed00000) (1024K)]
  0x00000162c4b43cc0 JavaThread "Cancel handler"                    [_thread_blocked, id=4520, stack(0x0000004b1ed00000,0x0000004b1ee00000) (1024K)]
  0x00000162c4d83f00 JavaThread "Daemon worker"                     [_thread_blocked, id=11112, stack(0x0000004b1ee00000,0x0000004b1ef00000) (1024K)]
  0x00000162c4f5ffb0 JavaThread "Asynchronous log dispatcher for DefaultDaemonConnection: socket connection from /127.0.0.1:51825 to /127.0.0.1:51826"        [_thread_blocked, id=9676, stack(0x0000004b1ef00000,0x0000004b1f000000) (1024K)]
  0x00000162c4f619f0 JavaThread "Stdin handler"                     [_thread_blocked, id=7864, stack(0x0000004b1f000000,0x0000004b1f100000) (1024K)]
  0x00000162c4f60640 JavaThread "Daemon client event forwarder"        [_thread_blocked, id=6076, stack(0x0000004b1f100000,0x0000004b1f200000) (1024K)]
  0x00000162c4f60cd0 JavaThread "Cache worker for journal cache (C:\Users\ADMIN\.gradle\caches\journal-1)"        [_thread_blocked, id=10812, stack(0x0000004b1e600000,0x0000004b1e700000) (1024K)]
  0x00000162c4f62080 JavaThread "File lock request listener"        [_thread_in_native, id=9060, stack(0x0000004b1f200000,0x0000004b1f300000) (1024K)]
  0x00000162c4f62710 JavaThread "Cache worker for file hash cache (C:\Users\ADMIN\.gradle\caches\8.10.2\fileHashes)"        [_thread_blocked, id=2572, stack(0x0000004b1f300000,0x0000004b1f400000) (1024K)]
  0x00000162c51474e0 JavaThread "C2 CompilerThread1"         daemon [_thread_blocked, id=1272, stack(0x0000004b1f400000,0x0000004b1f500000) (1024K)]
  0x00000162c4f62da0 JavaThread "Cache worker for file hash cache (C:\Users\ADMIN\AndroidStudioProjects\MyApplication\.gradle\8.10.2\fileHashes)"        [_thread_blocked, id=10976, stack(0x0000004b1f500000,0x0000004b1f600000) (1024K)]
  0x00000162c4f63430 JavaThread "Cache worker for Build Output Cleanup Cache (C:\Users\ADMIN\AndroidStudioProjects\MyApplication\.gradle\buildOutputCleanup)"        [_thread_blocked, id=8432, stack(0x0000004b1f600000,0x0000004b1f700000) (1024K)]
  0x00000162c512fab0 JavaThread "File watcher server"        daemon [_thread_in_native, id=3596, stack(0x0000004b1f700000,0x0000004b1f800000) (1024K)]
  0x00000162c5130e60 JavaThread "File watcher consumer"      daemon [_thread_blocked, id=9032, stack(0x0000004b1f800000,0x0000004b1f900000) (1024K)]
  0x00000162c5134970 JavaThread "jar transforms"                    [_thread_blocked, id=9344, stack(0x0000004b1f900000,0x0000004b1fa00000) (1024K)]
  0x00000162c51314f0 JavaThread "jar transforms Thread 2"           [_thread_blocked, id=1352, stack(0x0000004b1fa00000,0x0000004b1fb00000) (1024K)]
  0x00000162c5130140 JavaThread "jar transforms Thread 3"           [_thread_blocked, id=7332, stack(0x0000004b1fb00000,0x0000004b1fc00000) (1024K)]
  0x00000162c51363b0 JavaThread "jar transforms Thread 4"           [_thread_blocked, id=8056, stack(0x0000004b1fc00000,0x0000004b1fd00000) (1024K)]
  0x00000162c5135690 JavaThread "Cache worker for checksums cache (C:\Users\ADMIN\AndroidStudioProjects\MyApplication\.gradle\8.10.2\checksums)"        [_thread_blocked, id=9836, stack(0x0000004b1fd00000,0x0000004b1fe00000) (1024K)]
  0x00000162c51307d0 JavaThread "Cache worker for file content cache (C:\Users\ADMIN\.gradle\caches\8.10.2\fileContent)"        [_thread_blocked, id=2588, stack(0x0000004b1fe00000,0x0000004b1ff00000) (1024K)]
  0x00000162c5131b80 JavaThread "Cache worker for cache directory md-rule (C:\Users\ADMIN\.gradle\caches\8.10.2\md-rule)"        [_thread_blocked, id=2128, stack(0x0000004b1ff00000,0x0000004b20000000) (1024K)]
  0x00000162c51328a0 JavaThread "Cache worker for cache directory md-supplier (C:\Users\ADMIN\.gradle\caches\8.10.2\md-supplier)"        [_thread_blocked, id=8984, stack(0x0000004b20000000,0x0000004b20100000) (1024K)]
  0x00000162c6187260 JavaThread "Unconstrained build operations"        [_thread_blocked, id=11248, stack(0x0000004b20100000,0x0000004b20200000) (1024K)]
  0x00000162c618a6e0 JavaThread "Unconstrained build operations Thread 2"        [_thread_blocked, id=4608, stack(0x0000004b20200000,0x0000004b20300000) (1024K)]
  0x00000162c61878f0 JavaThread "Unconstrained build operations Thread 3"        [_thread_blocked, id=10300, stack(0x0000004b20300000,0x0000004b20400000) (1024K)]
  0x00000162c618ad70 JavaThread "Unconstrained build operations Thread 4"        [_thread_blocked, id=8212, stack(0x0000004b20400000,0x0000004b20500000) (1024K)]
  0x00000162c6188ca0 JavaThread "Unconstrained build operations Thread 5"        [_thread_blocked, id=996, stack(0x0000004b20500000,0x0000004b20600000) (1024K)]
  0x00000162c61899c0 JavaThread "Unconstrained build operations Thread 6"        [_thread_blocked, id=6820, stack(0x0000004b20600000,0x0000004b20700000) (1024K)]
  0x00000162c6187f80 JavaThread "Unconstrained build operations Thread 7"        [_thread_blocked, id=1476, stack(0x0000004b20700000,0x0000004b20800000) (1024K)]
  0x00000162c618b400 JavaThread "Unconstrained build operations Thread 8"        [_thread_blocked, id=10840, stack(0x0000004b20800000,0x0000004b20900000) (1024K)]
  0x00000162c6189330 JavaThread "Unconstrained build operations Thread 9"        [_thread_blocked, id=1076, stack(0x0000004b20900000,0x0000004b20a00000) (1024K)]
  0x00000162c618a050 JavaThread "Unconstrained build operations Thread 10"        [_thread_blocked, id=10652, stack(0x0000004b20a00000,0x0000004b20b00000) (1024K)]
Total: 47

Other Threads:
=>0x00000162be79f4a0 VMThread "VM Thread"                           [id=4264, stack(0x0000004b1d900000,0x0000004b1da00000) (1024K)]
  0x00000162be759940 WatcherThread "VM Periodic Task Thread"        [id=332, stack(0x0000004b1d800000,0x0000004b1d900000) (1024K)]
  0x00000162a51f6f70 WorkerThread "GC Thread#0"                     [id=9052, stack(0x0000004b1d300000,0x0000004b1d400000) (1024K)]
  0x00000162c313b590 WorkerThread "GC Thread#1"                     [id=4480, stack(0x0000004b1e400000,0x0000004b1e500000) (1024K)]
  0x00000162c313b930 WorkerThread "GC Thread#2"                     [id=7952, stack(0x0000004b1e500000,0x0000004b1e600000) (1024K)]
  0x00000162c3c9e330 WorkerThread "GC Thread#3"                     [id=2864, stack(0x0000004b1e700000,0x0000004b1e800000) (1024K)]
  0x00000162a5207fd0 ConcurrentGCThread "G1 Main Marker"            [id=9304, stack(0x0000004b1d400000,0x0000004b1d500000) (1024K)]
  0x00000162a5209180 WorkerThread "G1 Conc#0"                       [id=8600, stack(0x0000004b1d500000,0x0000004b1d600000) (1024K)]
  0x00000162be6310b0 ConcurrentGCThread "G1 Refine#0"               [id=1676, stack(0x0000004b1d600000,0x0000004b1d700000) (1024K)]
  0x00000162be632b40 ConcurrentGCThread "G1 Service"                [id=2904, stack(0x0000004b1d700000,0x0000004b1d800000) (1024K)]
Total: 10

Threads with active compile tasks:
C2 CompilerThread0    11438 6256       4       org.objectweb.asm.ClassReader::readCode (5117 bytes)
C1 CompilerThread0    11438 6527       3       java.util.Arrays::binarySearch0 (74 bytes)
C2 CompilerThread1    11438 6430       4       org.objectweb.asm.MethodWriter::visitLineNumber (50 bytes)
Total: 3

VM state: at safepoint (normal execution)

VM Mutex/Monitor currently owned by a thread:  ([mutex/lock_event])
[0x00007ffe357d72f8] Threads_lock - owner thread: 0x00000162be79f4a0
[0x00007ffe357d73f8] Heap_lock - owner thread: 0x00000162c618b400

Heap address: 0x0000000700000000, size: 4096 MB, Compressed Oops mode: Zero based, Oop shift amount: 3

CDS archive(s) not mapped
Compressed class space mapped at: 0x0000000800000000-0x0000000840000000, reserved size: 1073741824
Narrow klass base: 0x0000000800000000, Narrow klass shift: 0, Narrow klass range: 0x40000000

GC Precious Log:
 CardTable entry size: 512
 Card Set container configuration: InlinePtr #cards 4 size 8 Array Of Cards #cards 16 size 48 Howl #buckets 8 coarsen threshold 3686 Howl Bitmap #cards 512 size 80 coarsen threshold 460 Card regions per heap region 1 cards per card region 4096
 CPUs: 4 total, 4 available
 Memory: 10178M
 Large Page Support: Disabled
 NUMA Support: Disabled
 Compressed Oops: Enabled (Zero based)
 Heap Region Size: 2M
 Heap Min Capacity: 8M
 Heap Initial Capacity: 160M
 Heap Max Capacity: 4G
 Pre-touch: Disabled
 Parallel Workers: 4
 Concurrent Workers: 1
 Concurrent Refinement Workers: 4
 Periodic GC: Disabled

Heap:
 garbage-first heap   total 182272K, used 131542K [0x0000000700000000, 0x0000000800000000)
  region size 2048K, 2 young (4096K), 2 survivors (4096K)
 Metaspace       used 58023K, committed 59520K, reserved 1114112K
  class space    used 7851K, committed 8576K, reserved 1048576K

Heap Regions: E=young(eden), S=young(survivor), O=old, HS=humongous(starts), HC=humongous(continues), CS=collection set, F=free, TAMS=top-at-mark-start, PB=parsable bottom
|   0|0x0000000700000000, 0x0000000700200000, 0x0000000700200000|100%|HS|  |TAMS 0x0000000700200000| PB 0x0000000700000000| Complete 
|   1|0x0000000700200000, 0x0000000700400000, 0x0000000700400000|100%|HC|  |TAMS 0x0000000700400000| PB 0x0000000700200000| Complete 
|   2|0x0000000700400000, 0x0000000700600000, 0x0000000700600000|100%| O|  |TAMS 0x0000000700600000| PB 0x0000000700400000| Untracked 
|   3|0x0000000700600000, 0x0000000700800000, 0x0000000700800000|100%| O|  |TAMS 0x0000000700800000| PB 0x0000000700600000| Untracked 
|   4|0x0000000700800000, 0x0000000700a00000, 0x0000000700a00000|100%| O|  |TAMS 0x0000000700a00000| PB 0x0000000700800000| Untracked 
|   5|0x0000000700a00000, 0x0000000700c00000, 0x0000000700c00000|100%| O|  |TAMS 0x0000000700c00000| PB 0x0000000700a00000| Untracked 
|   6|0x0000000700c00000, 0x0000000700e00000, 0x0000000700e00000|100%| O|  |TAMS 0x0000000700e00000| PB 0x0000000700c00000| Untracked 
|   7|0x0000000700e00000, 0x0000000701000000, 0x0000000701000000|100%| O|  |TAMS 0x0000000701000000| PB 0x0000000700e00000| Untracked 
|   8|0x0000000701000000, 0x0000000701200000, 0x0000000701200000|100%| O|  |TAMS 0x0000000701200000| PB 0x0000000701000000| Untracked 
|   9|0x0000000701200000, 0x0000000701400000, 0x0000000701400000|100%| O|  |TAMS 0x0000000701400000| PB 0x0000000701200000| Untracked 
|  10|0x0000000701400000, 0x0000000701600000, 0x0000000701600000|100%| O|  |TAMS 0x0000000701600000| PB 0x0000000701400000| Untracked 
|  11|0x0000000701600000, 0x0000000701800000, 0x0000000701800000|100%|HS|  |TAMS 0x0000000701800000| PB 0x0000000701600000| Complete 
|  12|0x0000000701800000, 0x0000000701a00000, 0x0000000701a00000|100%|HC|  |TAMS 0x0000000701a00000| PB 0x0000000701800000| Complete 
|  13|0x0000000701a00000, 0x0000000701c00000, 0x0000000701c00000|100%|HC|  |TAMS 0x0000000701c00000| PB 0x0000000701a00000| Complete 
|  14|0x0000000701c00000, 0x0000000701e00000, 0x0000000701e00000|100%|HS|  |TAMS 0x0000000701e00000| PB 0x0000000701c00000| Complete 
|  15|0x0000000701e00000, 0x0000000702000000, 0x0000000702000000|100%|HC|  |TAMS 0x0000000702000000| PB 0x0000000701e00000| Complete 
|  16|0x0000000702000000, 0x0000000702200000, 0x0000000702200000|100%|HS|  |TAMS 0x0000000702200000| PB 0x0000000702000000| Complete 
|  17|0x0000000702200000, 0x0000000702400000, 0x0000000702400000|100%| O|  |TAMS 0x0000000702400000| PB 0x0000000702200000| Untracked 
|  18|0x0000000702400000, 0x0000000702600000, 0x0000000702600000|100%| O|  |TAMS 0x0000000702600000| PB 0x0000000702400000| Untracked 
|  19|0x0000000702600000, 0x0000000702800000, 0x0000000702800000|100%| O|  |TAMS 0x0000000702800000| PB 0x0000000702600000| Untracked 
|  20|0x0000000702800000, 0x0000000702a00000, 0x0000000702a00000|100%| O|  |TAMS 0x0000000702a00000| PB 0x0000000702800000| Untracked 
|  21|0x0000000702a00000, 0x0000000702c00000, 0x0000000702c00000|100%| O|  |TAMS 0x0000000702c00000| PB 0x0000000702a00000| Untracked 
|  22|0x0000000702c00000, 0x0000000702e00000, 0x0000000702e00000|100%|HS|  |TAMS 0x0000000702e00000| PB 0x0000000702c00000| Complete 
|  23|0x0000000702e00000, 0x0000000703000000, 0x0000000703000000|100%| O|  |TAMS 0x0000000703000000| PB 0x0000000702e00000| Untracked 
|  24|0x0000000703000000, 0x0000000703200000, 0x0000000703200000|100%| O|  |TAMS 0x0000000703200000| PB 0x0000000703000000| Untracked 
|  25|0x0000000703200000, 0x0000000703400000, 0x0000000703400000|100%| O|  |TAMS 0x0000000703400000| PB 0x0000000703200000| Untracked 
|  26|0x0000000703400000, 0x0000000703600000, 0x0000000703600000|100%| O|  |TAMS 0x0000000703600000| PB 0x0000000703400000| Untracked 
|  27|0x0000000703600000, 0x0000000703800000, 0x0000000703800000|100%| O|  |TAMS 0x0000000703800000| PB 0x0000000703600000| Untracked 
|  28|0x0000000703800000, 0x0000000703a00000, 0x0000000703a00000|100%| O|  |TAMS 0x0000000703800000| PB 0x0000000703800000| Untracked 
|  29|0x0000000703a00000, 0x0000000703c00000, 0x0000000703c00000|100%| O|  |TAMS 0x0000000703c00000| PB 0x0000000703a00000| Untracked 
|  30|0x0000000703c00000, 0x0000000703e00000, 0x0000000703e00000|100%| O|  |TAMS 0x0000000703e00000| PB 0x0000000703c00000| Untracked 
|  31|0x0000000703e00000, 0x0000000704000000, 0x0000000704000000|100%| O|  |TAMS 0x0000000703e00000| PB 0x0000000703e00000| Untracked 
|  32|0x0000000704000000, 0x0000000704200000, 0x0000000704200000|100%| O|  |TAMS 0x0000000704200000| PB 0x0000000704000000| Untracked 
|  33|0x0000000704200000, 0x0000000704400000, 0x0000000704400000|100%| O|  |TAMS 0x0000000704400000| PB 0x0000000704200000| Untracked 
|  34|0x0000000704400000, 0x0000000704600000, 0x0000000704600000|100%| O|  |TAMS 0x0000000704600000| PB 0x0000000704400000| Untracked 
|  35|0x0000000704600000, 0x0000000704800000, 0x0000000704800000|100%| O|  |TAMS 0x0000000704800000| PB 0x0000000704600000| Untracked 
|  36|0x0000000704800000, 0x0000000704a00000, 0x0000000704a00000|100%| O|  |TAMS 0x0000000704800000| PB 0x0000000704800000| Untracked 
|  37|0x0000000704a00000, 0x0000000704c00000, 0x0000000704c00000|100%| O|  |TAMS 0x0000000704c00000| PB 0x0000000704a00000| Untracked 
|  38|0x0000000704c00000, 0x0000000704e00000, 0x0000000704e00000|100%| O|  |TAMS 0x0000000704e00000| PB 0x0000000704c00000| Untracked 
|  39|0x0000000704e00000, 0x0000000705000000, 0x0000000705000000|100%| O|  |TAMS 0x0000000705000000| PB 0x0000000704e00000| Untracked 
|  40|0x0000000705000000, 0x0000000705200000, 0x0000000705200000|100%| O|  |TAMS 0x0000000705200000| PB 0x0000000705000000| Untracked 
|  41|0x0000000705200000, 0x0000000705400000, 0x0000000705400000|100%| O|  |TAMS 0x0000000705400000| PB 0x0000000705200000| Untracked 
|  42|0x0000000705400000, 0x0000000705600000, 0x0000000705600000|100%| O|  |TAMS 0x0000000705600000| PB 0x0000000705400000| Untracked 
|  43|0x0000000705600000, 0x0000000705675a80, 0x0000000705800000| 22%| O|  |TAMS 0x0000000705600000| PB 0x0000000705600000| Untracked 
|  44|0x0000000705800000, 0x0000000705a00000, 0x0000000705a00000|100%| O|  |TAMS 0x0000000705a00000| PB 0x0000000705800000| Untracked 
|  45|0x0000000705a00000, 0x0000000705c00000, 0x0000000705c00000|100%| O|  |TAMS 0x0000000705c00000| PB 0x0000000705a00000| Untracked 
|  46|0x0000000705c00000, 0x0000000705e00000, 0x0000000705e00000|100%| O|  |TAMS 0x0000000705e00000| PB 0x0000000705c00000| Untracked 
|  47|0x0000000705e00000, 0x0000000706000000, 0x0000000706000000|100%| O|  |TAMS 0x0000000706000000| PB 0x0000000705e00000| Untracked 
|  48|0x0000000706000000, 0x0000000706200000, 0x0000000706200000|100%| O|  |TAMS 0x0000000706200000| PB 0x0000000706000000| Untracked 
|  49|0x0000000706200000, 0x0000000706400000, 0x0000000706400000|100%| O|  |TAMS 0x0000000706400000| PB 0x0000000706200000| Untracked 
|  50|0x0000000706400000, 0x0000000706600000, 0x0000000706600000|100%| O|  |TAMS 0x0000000706600000| PB 0x0000000706400000| Untracked 
|  51|0x0000000706600000, 0x0000000706800000, 0x0000000706800000|100%| O|  |TAMS 0x0000000706800000| PB 0x0000000706600000| Untracked 
|  52|0x0000000706800000, 0x0000000706a00000, 0x0000000706a00000|100%| O|  |TAMS 0x0000000706a00000| PB 0x0000000706800000| Untracked 
|  53|0x0000000706a00000, 0x0000000706c00000, 0x0000000706c00000|100%| O|  |TAMS 0x0000000706c00000| PB 0x0000000706a00000| Untracked 
|  54|0x0000000706c00000, 0x0000000706e00000, 0x0000000706e00000|100%| O|  |TAMS 0x0000000706e00000| PB 0x0000000706c00000| Untracked 
|  55|0x0000000706e00000, 0x0000000707000000, 0x0000000707000000|100%| O|  |TAMS 0x0000000707000000| PB 0x0000000706e00000| Untracked 
|  56|0x0000000707000000, 0x0000000707200000, 0x0000000707200000|100%| O|  |TAMS 0x0000000707200000| PB 0x0000000707000000| Untracked 
|  57|0x0000000707200000, 0x0000000707400000, 0x0000000707400000|100%| O|  |TAMS 0x0000000707400000| PB 0x0000000707200000| Untracked 
|  58|0x0000000707400000, 0x0000000707600000, 0x0000000707600000|100%| O|  |TAMS 0x0000000707600000| PB 0x0000000707400000| Untracked 
|  59|0x0000000707600000, 0x0000000707800000, 0x0000000707800000|100%| O|  |TAMS 0x0000000707800000| PB 0x0000000707600000| Untracked 
|  60|0x0000000707800000, 0x0000000707a00000, 0x0000000707a00000|100%| O|  |TAMS 0x0000000707a00000| PB 0x0000000707800000| Untracked 
|  61|0x0000000707a00000, 0x0000000707c00000, 0x0000000707c00000|100%| O|  |TAMS 0x0000000707c00000| PB 0x0000000707a00000| Untracked 
|  62|0x0000000707c00000, 0x0000000707c00000, 0x0000000707e00000|  0%| F|  |TAMS 0x0000000707c00000| PB 0x0000000707c00000| Untracked 
|  63|0x0000000707e00000, 0x0000000707e00000, 0x0000000708000000|  0%| F|  |TAMS 0x0000000707e00000| PB 0x0000000707e00000| Untracked 
|  64|0x0000000708000000, 0x0000000708000000, 0x0000000708200000|  0%| F|  |TAMS 0x0000000708000000| PB 0x0000000708000000| Untracked 
|  65|0x0000000708200000, 0x0000000708200000, 0x0000000708400000|  0%| F|  |TAMS 0x0000000708200000| PB 0x0000000708200000| Untracked 
|  66|0x0000000708400000, 0x0000000708400000, 0x0000000708600000|  0%| F|  |TAMS 0x0000000708400000| PB 0x0000000708400000| Untracked 
|  67|0x0000000708600000, 0x0000000708600000, 0x0000000708800000|  0%| F|  |TAMS 0x0000000708600000| PB 0x0000000708600000| Untracked 
|  68|0x0000000708800000, 0x0000000708800000, 0x0000000708a00000|  0%| F|  |TAMS 0x0000000708800000| PB 0x0000000708800000| Untracked 
|  69|0x0000000708a00000, 0x0000000708a00000, 0x0000000708c00000|  0%| F|  |TAMS 0x0000000708a00000| PB 0x0000000708a00000| Untracked 
|  70|0x0000000708c00000, 0x0000000708e00000, 0x0000000708e00000|100%| S|CS|TAMS 0x0000000708c00000| PB 0x0000000708c00000| Complete 
|  71|0x0000000708e00000, 0x0000000708e00000, 0x0000000709000000|  0%| F|  |TAMS 0x0000000708e00000| PB 0x0000000708e00000| Untracked 
|  72|0x0000000709000000, 0x0000000709000000, 0x0000000709200000|  0%| F|  |TAMS 0x0000000709000000| PB 0x0000000709000000| Untracked 
|  73|0x0000000709200000, 0x0000000709400000, 0x0000000709400000|100%| S|CS|TAMS 0x0000000709200000| PB 0x0000000709200000| Complete 
|  74|0x0000000709400000, 0x0000000709400000, 0x0000000709600000|  0%| F|  |TAMS 0x0000000709400000| PB 0x0000000709400000| Untracked 
|  75|0x0000000709600000, 0x0000000709600000, 0x0000000709800000|  0%| F|  |TAMS 0x0000000709600000| PB 0x0000000709600000| Untracked 
|  76|0x0000000709800000, 0x0000000709800000, 0x0000000709a00000|  0%| F|  |TAMS 0x0000000709800000| PB 0x0000000709800000| Untracked 
|  77|0x0000000709a00000, 0x0000000709a00000, 0x0000000709c00000|  0%| F|  |TAMS 0x0000000709a00000| PB 0x0000000709a00000| Untracked 
|  78|0x0000000709c00000, 0x0000000709c00000, 0x0000000709e00000|  0%| F|  |TAMS 0x0000000709c00000| PB 0x0000000709c00000| Untracked 
|  79|0x0000000709e00000, 0x0000000709e00000, 0x000000070a000000|  0%| F|  |TAMS 0x0000000709e00000| PB 0x0000000709e00000| Untracked 
|  80|0x000000070a000000, 0x000000070a000000, 0x000000070a200000|  0%| F|  |TAMS 0x000000070a000000| PB 0x000000070a000000| Untracked 
|  81|0x000000070a200000, 0x000000070a200000, 0x000000070a400000|  0%| F|  |TAMS 0x000000070a200000| PB 0x000000070a200000| Untracked 
|  82|0x000000070a400000, 0x000000070a400000, 0x000000070a600000|  0%| F|  |TAMS 0x000000070a400000| PB 0x000000070a400000| Untracked 
|  83|0x000000070a600000, 0x000000070a600000, 0x000000070a800000|  0%| F|  |TAMS 0x000000070a600000| PB 0x000000070a600000| Untracked 
|  84|0x000000070a800000, 0x000000070a800000, 0x000000070aa00000|  0%| F|  |TAMS 0x000000070a800000| PB 0x000000070a800000| Untracked 
|  85|0x000000070aa00000, 0x000000070aa00000, 0x000000070ac00000|  0%| F|  |TAMS 0x000000070aa00000| PB 0x000000070aa00000| Untracked 
|  86|0x000000070ac00000, 0x000000070ac00000, 0x000000070ae00000|  0%| F|  |TAMS 0x000000070ac00000| PB 0x000000070ac00000| Untracked 
|  87|0x000000070ae00000, 0x000000070ae00000, 0x000000070b000000|  0%| F|  |TAMS 0x000000070ae00000| PB 0x000000070ae00000| Untracked 
|2047|0x00000007ffe00000, 0x0000000800000000, 0x0000000800000000|100%| O|  |TAMS 0x0000000800000000| PB 0x00000007ffe00000| Untracked 

Card table byte_map: [0x00000162b7ae0000,0x00000162b82e0000] _byte_map_base: 0x00000162b42e0000

Marking Bits: (CMBitMap*) 0x00000162a51f7580
 Bits: [0x00000162b82e0000, 0x00000162bc2e0000)

Polling page: 0x00000162a2f80000

Metaspace:

Usage:
  Non-class:     49.00 MB used.
      Class:      7.67 MB used.
       Both:     56.66 MB used.

Virtual space:
  Non-class space:       64.00 MB reserved,      49.75 MB ( 78%) committed,  1 nodes.
      Class space:        1.00 GB reserved,       8.38 MB ( <1%) committed,  1 nodes.
             Both:        1.06 GB reserved,      58.12 MB (  5%) committed. 

Chunk freelists:
   Non-Class:  14.09 MB
       Class:  7.63 MB
        Both:  21.72 MB

MaxMetaspaceSize: unlimited
CompressedClassSpaceSize: 1.00 GB
Initial GC threshold: 21.00 MB
Current GC threshold: 96.81 MB
CDS: off
 - commit_granule_bytes: 65536.
 - commit_granule_words: 8192.
 - virtual_space_node_default_size: 8388608.
 - enlarge_chunks_in_place: 1.
 - use_allocation_guard: 0.


Internal statistics:

num_allocs_failed_limit: 6.
num_arena_births: 2702.
num_arena_deaths: 2.
num_vsnodes_births: 2.
num_vsnodes_deaths: 0.
num_space_committed: 930.
num_space_uncommitted: 0.
num_chunks_returned_to_freelist: 9.
num_chunks_taken_from_freelist: 5037.
num_chunk_merges: 3.
num_chunk_splits: 3207.
num_chunks_enlarged: 1937.
num_inconsistent_stats: 0.

CodeHeap 'non-profiled nmethods': size=120000Kb used=2977Kb max_used=2981Kb free=117022Kb
 bounds [0x00000162afdb0000, 0x00000162b00a0000, 0x00000162b72e0000]
CodeHeap 'profiled nmethods': size=120000Kb used=10972Kb max_used=11093Kb free=109027Kb
 bounds [0x00000162a82e0000, 0x00000162a8dd0000, 0x00000162af810000]
CodeHeap 'non-nmethods': size=5760Kb used=2697Kb max_used=2750Kb free=3062Kb
 bounds [0x00000162af810000, 0x00000162afae0000, 0x00000162afdb0000]
 total_blobs=6373 nmethods=5522 adapters=755
 compilation: enabled
              stopped_count=0, restarted_count=0
 full_count=0

Compilation events (20 events):
Event: 11.375 Thread 0x00000162c51474e0 6510       4       java.util.stream.AbstractPipeline::wrapSink (37 bytes)
Event: 11.379 Thread 0x00000162c51474e0 nmethod 6510 0x00000162afe47390 code [0x00000162afe47520, 0x00000162afe47658]
Event: 11.379 Thread 0x00000162c51474e0 6496       4       com.google.common.collect.ImmutableMap::getOrDefault (14 bytes)
Event: 11.381 Thread 0x00000162beaa8d20 6515       3       org.objectweb.asm.MethodWriter::visitVarInsn (302 bytes)
Event: 11.382 Thread 0x00000162beaa8d20 nmethod 6515 0x00000162a86d9a10 code [0x00000162a86d9c60, 0x00000162a86da660]
Event: 11.390 Thread 0x00000162beaa8d20 6516       3       sun.nio.cs.UTF_8::newEncoder (9 bytes)
Event: 11.390 Thread 0x00000162beaa8d20 nmethod 6516 0x00000162a8568c10 code [0x00000162a8568de0, 0x00000162a8569000]
Event: 11.390 Thread 0x00000162beaa8d20 6517       2       org.apache.commons.compress.archivers.zip.ZipArchiveOutputStream::closeEntry (40 bytes)
Event: 11.391 Thread 0x00000162c51474e0 nmethod 6496 0x00000162afeedb10 code [0x00000162afeedd00, 0x00000162afeee270]
Event: 11.391 Thread 0x00000162beaa8d20 nmethod 6517 0x00000162a8568710 code [0x00000162a85688c0, 0x00000162a8568ad0]
Event: 11.391 Thread 0x00000162c51474e0 6498       4       java.util.stream.Collectors$$Lambda/0x000000080001ba38::accept (14 bytes)
Event: 11.391 Thread 0x00000162beaa8d20 6518       2       org.apache.commons.compress.archivers.zip.ZipArchiveOutputStream::writeDataDescriptor (87 bytes)
Event: 11.392 Thread 0x00000162c51474e0 nmethod 6498 0x00000162afeed790 code [0x00000162afeed920, 0x00000162afeeda18]
Event: 11.392 Thread 0x00000162c51474e0 6500       4       java.util.TreeSet::add (22 bytes)
Event: 11.393 Thread 0x00000162beaa8d20 nmethod 6518 0x00000162a8b60590 code [0x00000162a8b60800, 0x00000162a8b60cd0]
Event: 11.393 Thread 0x00000162beaa8d20 6519   !   2       java.util.zip.Deflater::reset (64 bytes)
Event: 11.393 Thread 0x00000162c51474e0 nmethod 6500 0x00000162afeed390 code [0x00000162afeed520, 0x00000162afeed630]
Event: 11.393 Thread 0x00000162c51474e0 6430       4       org.objectweb.asm.MethodWriter::visitLineNumber (50 bytes)
Event: 11.394 Thread 0x00000162beaa8d20 nmethod 6519 0x00000162a8b5fe90 code [0x00000162a8b60060, 0x00000162a8b60398]
Event: 11.394 Thread 0x00000162beaa8d20 6527       3       java.util.Arrays::binarySearch0 (74 bytes)

GC Heap History (20 events):
Event: 7.685 GC heap after
{Heap after GC invocations=16 (full 0):
 garbage-first heap   total 96256K, used 51585K [0x0000000700000000, 0x0000000800000000)
  region size 2048K, 3 young (6144K), 3 survivors (6144K)
 Metaspace       used 49567K, committed 50816K, reserved 1114112K
  class space    used 6685K, committed 7296K, reserved 1048576K
}
Event: 8.340 GC heap before
{Heap before GC invocations=17 (full 0):
 garbage-first heap   total 96256K, used 84353K [0x0000000700000000, 0x0000000800000000)
  region size 2048K, 17 young (34816K), 3 survivors (6144K)
 Metaspace       used 53833K, committed 55296K, reserved 1114112K
  class space    used 7251K, committed 8000K, reserved 1048576K
}
Event: 8.348 GC heap after
{Heap after GC invocations=18 (full 0):
 garbage-first heap   total 96256K, used 52597K [0x0000000700000000, 0x0000000800000000)
  region size 2048K, 2 young (4096K), 2 survivors (4096K)
 Metaspace       used 53833K, committed 55296K, reserved 1114112K
  class space    used 7251K, committed 8000K, reserved 1048576K
}
Event: 9.282 GC heap before
{Heap before GC invocations=18 (full 0):
 garbage-first heap   total 96256K, used 85365K [0x0000000700000000, 0x0000000800000000)
  region size 2048K, 17 young (34816K), 2 survivors (4096K)
 Metaspace       used 56271K, committed 57792K, reserved 1114112K
  class space    used 7637K, committed 8384K, reserved 1048576K
}
Event: 9.296 GC heap after
{Heap after GC invocations=19 (full 0):
 garbage-first heap   total 96256K, used 58402K [0x0000000700000000, 0x0000000800000000)
  region size 2048K, 3 young (6144K), 3 survivors (6144K)
 Metaspace       used 56271K, committed 57792K, reserved 1114112K
  class space    used 7637K, committed 8384K, reserved 1048576K
}
Event: 9.566 GC heap before
{Heap before GC invocations=19 (full 0):
 garbage-first heap   total 96256K, used 80930K [0x0000000700000000, 0x0000000800000000)
  region size 2048K, 15 young (30720K), 3 survivors (6144K)
 Metaspace       used 57488K, committed 59008K, reserved 1114112K
  class space    used 7822K, committed 8576K, reserved 1048576K
}
Event: 9.584 GC heap after
{Heap after GC invocations=20 (full 0):
 garbage-first heap   total 96256K, used 65518K [0x0000000700000000, 0x0000000800000000)
  region size 2048K, 2 young (4096K), 2 survivors (4096K)
 Metaspace       used 57488K, committed 59008K, reserved 1114112K
  class space    used 7822K, committed 8576K, reserved 1048576K
}
Event: 9.850 GC heap before
{Heap before GC invocations=21 (full 0):
 garbage-first heap   total 110592K, used 83950K [0x0000000700000000, 0x0000000800000000)
  region size 2048K, 11 young (22528K), 2 survivors (4096K)
 Metaspace       used 57755K, committed 59264K, reserved 1114112K
  class space    used 7850K, committed 8576K, reserved 1048576K
}
Event: 9.867 GC heap after
{Heap after GC invocations=22 (full 0):
 garbage-first heap   total 110592K, used 73114K [0x0000000700000000, 0x0000000800000000)
  region size 2048K, 2 young (4096K), 2 survivors (4096K)
 Metaspace       used 57755K, committed 59264K, reserved 1114112K
  class space    used 7850K, committed 8576K, reserved 1048576K
}
Event: 10.037 GC heap before
{Heap before GC invocations=22 (full 0):
 garbage-first heap   total 110592K, used 93594K [0x0000000700000000, 0x0000000800000000)
  region size 2048K, 12 young (24576K), 2 survivors (4096K)
 Metaspace       used 57848K, committed 59328K, reserved 1114112K
  class space    used 7850K, committed 8576K, reserved 1048576K
}
Event: 10.057 GC heap after
{Heap after GC invocations=23 (full 0):
 garbage-first heap   total 159744K, used 80384K [0x0000000700000000, 0x0000000800000000)
  region size 2048K, 2 young (4096K), 2 survivors (4096K)
 Metaspace       used 57848K, committed 59328K, reserved 1114112K
  class space    used 7850K, committed 8576K, reserved 1048576K
}
Event: 10.395 GC heap before
{Heap before GC invocations=23 (full 0):
 garbage-first heap   total 159744K, used 121344K [0x0000000700000000, 0x0000000800000000)
  region size 2048K, 23 young (47104K), 2 survivors (4096K)
 Metaspace       used 57933K, committed 59456K, reserved 1114112K
  class space    used 7851K, committed 8576K, reserved 1048576K
}
Event: 10.431 GC heap after
{Heap after GC invocations=24 (full 0):
 garbage-first heap   total 159744K, used 99537K [0x0000000700000000, 0x0000000800000000)
  region size 2048K, 3 young (6144K), 3 survivors (6144K)
 Metaspace       used 57933K, committed 59456K, reserved 1114112K
  class space    used 7851K, committed 8576K, reserved 1048576K
}
Event: 10.613 GC heap before
{Heap before GC invocations=24 (full 0):
 garbage-first heap   total 159744K, used 128209K [0x0000000700000000, 0x0000000800000000)
  region size 2048K, 18 young (36864K), 3 survivors (6144K)
 Metaspace       used 57954K, committed 59456K, reserved 1114112K
  class space    used 7851K, committed 8576K, reserved 1048576K
}
Event: 10.639 GC heap after
{Heap after GC invocations=25 (full 0):
 garbage-first heap   total 159744K, used 108544K [0x0000000700000000, 0x0000000800000000)
  region size 2048K, 3 young (6144K), 3 survivors (6144K)
 Metaspace       used 57954K, committed 59456K, reserved 1114112K
  class space    used 7851K, committed 8576K, reserved 1048576K
}
Event: 11.072 GC heap before
{Heap before GC invocations=26 (full 0):
 garbage-first heap   total 182272K, used 133120K [0x0000000700000000, 0x0000000800000000)
  region size 2048K, 16 young (32768K), 3 survivors (6144K)
 Metaspace       used 58007K, committed 59520K, reserved 1114112K
  class space    used 7851K, committed 8576K, reserved 1048576K
}
Event: 11.099 GC heap after
{Heap after GC invocations=27 (full 0):
 garbage-first heap   total 182272K, used 123353K [0x0000000700000000, 0x0000000800000000)
  region size 2048K, 2 young (4096K), 2 survivors (4096K)
 Metaspace       used 58007K, committed 59520K, reserved 1114112K
  class space    used 7851K, committed 8576K, reserved 1048576K
}
Event: 11.252 GC heap before
{Heap before GC invocations=27 (full 0):
 garbage-first heap   total 182272K, used 147929K [0x0000000700000000, 0x0000000800000000)
  region size 2048K, 15 young (30720K), 2 survivors (4096K)
 Metaspace       used 58020K, committed 59520K, reserved 1114112K
  class space    used 7851K, committed 8576K, reserved 1048576K
}
Event: 11.274 GC heap after
{Heap after GC invocations=28 (full 0):
 garbage-first heap   total 182272K, used 124928K [0x0000000700000000, 0x0000000800000000)
  region size 2048K, 2 young (4096K), 2 survivors (4096K)
 Metaspace       used 58020K, committed 59520K, reserved 1114112K
  class space    used 7851K, committed 8576K, reserved 1048576K
}
Event: 11.395 GC heap before
{Heap before GC invocations=28 (full 0):
 garbage-first heap   total 182272K, used 151552K [0x0000000700000000, 0x0000000800000000)
  region size 2048K, 16 young (32768K), 2 survivors (4096K)
 Metaspace       used 58023K, committed 59520K, reserved 1114112K
  class space    used 7851K, committed 8576K, reserved 1048576K
}

Dll operation events (3 events):
Event: 0.009 Loaded shared library C:\Program Files\Android\Android Studio\jbr\bin\java.dll
Event: 0.016 Loaded shared library C:\Program Files\Android\Android Studio\jbr\bin\zip.dll
Event: 0.751 Loaded shared library C:\Program Files\Android\Android Studio\jbr\bin\verify.dll

Deoptimization events (20 events):
Event: 10.980 Thread 0x00000162c618b400 DEOPT PACKING pc=0x00000162b001b914 sp=0x0000004b208fa270
Event: 10.980 Thread 0x00000162c618b400 DEOPT UNPACKING pc=0x00000162af8646a2 sp=0x0000004b208fa1f0 mode 2
Event: 10.980 Thread 0x00000162c618b400 Uncommon trap: trap_request=0xffffff45 fr.pc=0x00000162b0017094 relative=0x0000000000000394
Event: 10.980 Thread 0x00000162c618b400 Uncommon trap: reason=unstable_if action=reinterpret pc=0x00000162b0017094 method=org.objectweb.asm.MethodWriter.visitVarInsn(II)V @ 224 c2
Event: 10.980 Thread 0x00000162c618b400 DEOPT PACKING pc=0x00000162b0017094 sp=0x0000004b208fa460
Event: 10.980 Thread 0x00000162c618b400 DEOPT UNPACKING pc=0x00000162af8646a2 sp=0x0000004b208fa3f8 mode 2
Event: 10.981 Thread 0x00000162c618b400 DEOPT PACKING pc=0x00000162a8347c05 sp=0x0000004b208fa660
Event: 10.981 Thread 0x00000162c618b400 DEOPT UNPACKING pc=0x00000162af864e42 sp=0x0000004b208f9ad0 mode 0
Event: 10.984 Thread 0x00000162c618b400 DEOPT PACKING pc=0x00000162a8347c05 sp=0x0000004b208fa870
Event: 10.984 Thread 0x00000162c618b400 DEOPT UNPACKING pc=0x00000162af864e42 sp=0x0000004b208f9ce0 mode 0
Event: 10.985 Thread 0x00000162c618b400 DEOPT PACKING pc=0x00000162a8347c05 sp=0x0000004b208fa270
Event: 10.985 Thread 0x00000162c618b400 DEOPT UNPACKING pc=0x00000162af864e42 sp=0x0000004b208f96e0 mode 0
Event: 10.990 Thread 0x00000162c618b400 DEOPT PACKING pc=0x00000162a8347c05 sp=0x0000004b208fa720
Event: 10.990 Thread 0x00000162c618b400 DEOPT UNPACKING pc=0x00000162af864e42 sp=0x0000004b208f9b90 mode 0
Event: 10.992 Thread 0x00000162c618b400 DEOPT PACKING pc=0x00000162a8347c05 sp=0x0000004b208fa660
Event: 10.992 Thread 0x00000162c618b400 DEOPT UNPACKING pc=0x00000162af864e42 sp=0x0000004b208f9ad0 mode 0
Event: 11.381 Thread 0x00000162c618b400 Uncommon trap: trap_request=0xffffff45 fr.pc=0x00000162afef0c9c relative=0x00000000000003bc
Event: 11.381 Thread 0x00000162c618b400 Uncommon trap: reason=unstable_if action=reinterpret pc=0x00000162afef0c9c method=org.objectweb.asm.MethodWriter.visitVarInsn(II)V @ 242 c2
Event: 11.381 Thread 0x00000162c618b400 DEOPT PACKING pc=0x00000162afef0c9c sp=0x0000004b208fa460
Event: 11.381 Thread 0x00000162c618b400 DEOPT UNPACKING pc=0x00000162af8646a2 sp=0x0000004b208fa3f8 mode 2

Classes loaded (20 events):
Event: 9.095 Loading class sun/misc/SharedSecrets
Event: 9.095 Loading class sun/misc/SharedSecrets done
Event: 9.426 Loading class java/util/DualPivotQuicksort
Event: 9.426 Loading class java/util/DualPivotQuicksort done
Event: 9.494 Loading class java/nio/charset/UnsupportedCharsetException
Event: 9.494 Loading class java/nio/charset/UnsupportedCharsetException done
Event: 9.497 Loading class java/util/Collections$UnmodifiableSortedMap
Event: 9.498 Loading class java/util/Collections$UnmodifiableSortedMap done
Event: 9.499 Loading class java/util/zip/Deflater
Event: 9.499 Loading class java/util/zip/Deflater done
Event: 9.501 Loading class java/util/zip/Deflater$DeflaterZStreamRef
Event: 9.501 Loading class java/util/zip/Deflater$DeflaterZStreamRef done
Event: 9.507 Loading class java/util/zip/ZipFile$ZipEntryIterator
Event: 9.507 Loading class java/util/zip/ZipFile$ZipEntryIterator done
Event: 9.510 Loading class java/util/zip/ZipInputStream
Event: 9.511 Loading class java/util/zip/ZipInputStream done
Event: 9.702 Loading class java/nio/StringCharBuffer
Event: 9.702 Loading class java/nio/StringCharBuffer done
Event: 9.715 Loading class java/security/Key
Event: 9.715 Loading class java/security/Key done

Classes unloaded (1 events):
Event: 10.863 Thread 0x00000162be79f4a0 Unloading class 0x0000000800834400 'java/lang/invoke/LambdaForm$DMH+0x0000000800834400'

Classes redefined (0 events):
No events

Internal exceptions (20 events):
Event: 9.095 Thread 0x00000162c4d83f00 Exception <a 'java/lang/ClassNotFoundException'{0x000000070470fde8}: sun/misc/SharedSecrets> (0x000000070470fde8) 
thrown [s\src\hotspot\share\classfile\systemDictionary.cpp, line 312]
Event: 9.095 Thread 0x00000162c4d83f00 Exception <a 'java/lang/ClassNotFoundException'{0x0000000704711130}: org/gradle/util/GradleVersionBeanInfo> (0x0000000704711130) 
thrown [s\src\hotspot\share\classfile\systemDictionary.cpp, line 312]
Event: 9.095 Thread 0x00000162c4d83f00 Exception <a 'java/lang/ClassNotFoundException'{0x00000007047211e0}: org/gradle/util/GradleVersionCustomizer> (0x00000007047211e0) 
thrown [s\src\hotspot\share\classfile\systemDictionary.cpp, line 312]
Event: 9.102 Thread 0x00000162c4d83f00 Exception <a 'java/lang/ClassNotFoundException'{0x0000000704763b18}: org/gradle/util/internal/DefaultGradleVersionBeanInfo> (0x0000000704763b18) 
thrown [s\src\hotspot\share\classfile\systemDictionary.cpp, line 312]
Event: 9.102 Thread 0x00000162c4d83f00 Exception <a 'java/lang/ClassNotFoundException'{0x00000007047743f0}: org/gradle/util/internal/DefaultGradleVersionCustomizer> (0x00000007047743f0) 
thrown [s\src\hotspot\share\classfile\systemDictionary.cpp, line 312]
Event: 9.110 Thread 0x00000162c4d83f00 Exception <a 'java/lang/ClassNotFoundException'{0x00000007047eab10}: org/gradle/invocation/DefaultGradle$DefaultGradleLifecycle_DecoratedBeanInfo> (0x00000007047eab10) 
thrown [s\src\hotspot\share\classfile\systemDictionary.cpp, line 312]
Event: 9.111 Thread 0x00000162c4d83f00 Exception <a 'java/lang/ClassNotFoundException'{0x00000007047fb3d8}: org/gradle/invocation/DefaultGradle$DefaultGradleLifecycleBeanInfo> (0x00000007047fb3d8) 
thrown [s\src\hotspot\share\classfile\systemDictionary.cpp, line 312]
Event: 9.111 Thread 0x00000162c4d83f00 Exception <a 'java/lang/ClassNotFoundException'{0x000000070440c028}: org/gradle/invocation/DefaultGradle$DefaultGradleLifecycleCustomizer> (0x000000070440c028) 
thrown [s\src\hotspot\share\classfile\systemDictionary.cpp, line 312]
Event: 9.112 Thread 0x00000162c4d83f00 Exception <a 'java/lang/ClassNotFoundException'{0x0000000704420e10}: org/gradle/invocation/DefaultGradle$DefaultGradleLifecycle_DecoratedCustomizer> (0x0000000704420e10) 
thrown [s\src\hotspot\share\classfile\systemDictionary.cpp, line 312]
Event: 9.148 Thread 0x00000162c4d83f00 Exception <a 'java/lang/ClassNotFoundException'{0x0000000704525d08}: ijInit1_ixcexy756e2zeioqcxe32g1hBeanInfo> (0x0000000704525d08) 
thrown [s\src\hotspot\share\classfile\systemDictionary.cpp, line 312]
Event: 9.149 Thread 0x00000162c4d83f00 Exception <a 'java/lang/ClassNotFoundException'{0x000000070452c680}: ijInit1_ixcexy756e2zeioqcxe32g1hCustomizer> (0x000000070452c680) 
thrown [s\src\hotspot\share\classfile\systemDictionary.cpp, line 312]
Event: 9.158 Thread 0x00000162c4d83f00 Exception <a 'java/lang/ClassNotFoundException'{0x000000070456ea10}: ijInit1_ixcexy756e2zeioqcxe32g1h$_run_closure1BeanInfo> (0x000000070456ea10) 
thrown [s\src\hotspot\share\classfile\systemDictionary.cpp, line 312]
Event: 9.158 Thread 0x00000162c4d83f00 Exception <a 'java/lang/ClassNotFoundException'{0x0000000704575da8}: ijInit1_ixcexy756e2zeioqcxe32g1h$_run_closure1Customizer> (0x0000000704575da8) 
thrown [s\src\hotspot\share\classfile\systemDictionary.cpp, line 312]
Event: 9.330 Thread 0x00000162c6189330 Exception <a 'java/lang/IncompatibleClassChangeError'{0x0000000705836378}: Found class java.lang.Object, but interface was expected> (0x0000000705836378) 
thrown [s\src\hotspot\share\interpreter\linkResolver.cpp, line 851]
Event: 9.330 Thread 0x00000162c618b400 Exception <a 'java/lang/IncompatibleClassChangeError'{0x0000000705895a08}: Found class java.lang.Object, but interface was expected> (0x0000000705895a08) 
thrown [s\src\hotspot\share\interpreter\linkResolver.cpp, line 851]
Event: 9.338 Thread 0x00000162c618b400 Exception <a 'java/lang/NoSuchMethodError'{0x0000000705915018}: 'void java.lang.invoke.DirectMethodHandle$Holder.invokeStatic(java.lang.Object, java.lang.Object, java.lang.Object, java.lang.Object, java.lang.Object, java.lang.Object)'> (0x0000000705915018) 
thrown [s\src\hotspot\share\interpreter\linkResolver.cpp, line 784]
Event: 9.338 Thread 0x00000162c6189330 Exception <a 'java/lang/NoSuchMethodError'{0x0000000705909300}: 'void java.lang.invoke.DirectMethodHandle$Holder.invokeStatic(java.lang.Object, java.lang.Object, java.lang.Object, java.lang.Object, java.lang.Object, java.lang.Object)'> (0x0000000705909300) 
thrown [s\src\hotspot\share\interpreter\linkResolver.cpp, line 784]
Event: 9.404 Thread 0x00000162c618b400 Exception <a 'java/lang/NoSuchMethodError'{0x0000000705660940}: 'void java.lang.invoke.DirectMethodHandle$Holder.invokeVirtual(java.lang.Object, java.lang.Object)'> (0x0000000705660940) 
thrown [s\src\hotspot\share\interpreter\linkResolver.cpp, line 784]
Event: 9.479 Thread 0x00000162c618b400 Exception <a 'sun/nio/fs/WindowsException'{0x000000070518bb10}> (0x000000070518bb10) 
thrown [s\src\hotspot\share\prims\jni.cpp, line 535]
Event: 9.509 Thread 0x00000162c618b400 Implicit null exception at 0x00000162aff9c0f6 to 0x00000162aff9cc9c

ZGC Phase Switch (0 events):
No events

VM Operations (20 events):
Event: 9.708 Executing VM operation: HandshakeAllThreads (Deoptimize) done
Event: 9.730 Executing VM operation: G1PauseCleanup
Event: 9.730 Executing VM operation: G1PauseCleanup done
Event: 9.850 Executing VM operation: G1CollectForAllocation (G1 Evacuation Pause)
Event: 9.867 Executing VM operation: G1CollectForAllocation (G1 Evacuation Pause) done
Event: 10.037 Executing VM operation: G1CollectForAllocation (G1 Evacuation Pause)
Event: 10.057 Executing VM operation: G1CollectForAllocation (G1 Evacuation Pause) done
Event: 10.395 Executing VM operation: G1CollectForAllocation (G1 Evacuation Pause)
Event: 10.431 Executing VM operation: G1CollectForAllocation (G1 Evacuation Pause) done
Event: 10.613 Executing VM operation: G1CollectForAllocation (G1 Evacuation Pause)
Event: 10.639 Executing VM operation: G1CollectForAllocation (G1 Evacuation Pause) done
Event: 10.863 Executing VM operation: G1PauseRemark
Event: 10.873 Executing VM operation: G1PauseRemark done
Event: 10.965 Executing VM operation: G1PauseCleanup
Event: 10.965 Executing VM operation: G1PauseCleanup done
Event: 11.072 Executing VM operation: G1CollectForAllocation (G1 Evacuation Pause)
Event: 11.099 Executing VM operation: G1CollectForAllocation (G1 Evacuation Pause) done
Event: 11.252 Executing VM operation: G1CollectForAllocation (G1 Evacuation Pause)
Event: 11.274 Executing VM operation: G1CollectForAllocation (G1 Evacuation Pause) done
Event: 11.395 Executing VM operation: G1CollectForAllocation (G1 Evacuation Pause)

Memory protections (0 events):
No events

Nmethod flushes (20 events):
Event: 10.872 Thread 0x00000162be79f4a0 flushing  nmethod 0x00000162a8702690
Event: 10.872 Thread 0x00000162be79f4a0 flushing  nmethod 0x00000162a8741790
Event: 10.872 Thread 0x00000162be79f4a0 flushing  nmethod 0x00000162a87e6910
Event: 10.872 Thread 0x00000162be79f4a0 flushing  nmethod 0x00000162a87e6d10
Event: 10.872 Thread 0x00000162be79f4a0 flushing  nmethod 0x00000162a87e7290
Event: 10.872 Thread 0x00000162be79f4a0 flushing  nmethod 0x00000162a87e7d10
Event: 10.872 Thread 0x00000162be79f4a0 flushing  nmethod 0x00000162a87e9e10
Event: 10.872 Thread 0x00000162be79f4a0 flushing  nmethod 0x00000162a8847d10
Event: 10.872 Thread 0x00000162be79f4a0 flushing  nmethod 0x00000162a88b7c90
Event: 10.872 Thread 0x00000162be79f4a0 flushing  nmethod 0x00000162a88bb210
Event: 10.872 Thread 0x00000162be79f4a0 flushing  nmethod 0x00000162a88d0890
Event: 10.872 Thread 0x00000162be79f4a0 flushing  nmethod 0x00000162a88d4990
Event: 10.872 Thread 0x00000162be79f4a0 flushing  nmethod 0x00000162a88d6390
Event: 10.872 Thread 0x00000162be79f4a0 flushing  nmethod 0x00000162a895d790
Event: 10.872 Thread 0x00000162be79f4a0 flushing  nmethod 0x00000162a89a8790
Event: 10.872 Thread 0x00000162be79f4a0 flushing  nmethod 0x00000162a89aaa90
Event: 10.872 Thread 0x00000162be79f4a0 flushing  nmethod 0x00000162a89ed790
Event: 10.872 Thread 0x00000162be79f4a0 flushing  nmethod 0x00000162a8a90b90
Event: 10.872 Thread 0x00000162be79f4a0 flushing  nmethod 0x00000162a8b19a90
Event: 10.872 Thread 0x00000162be79f4a0 flushing  nmethod 0x00000162a8b3f190

Events (20 events):
Event: 5.206 Thread 0x00000162c4d83f00 Thread added: 0x00000162c512fab0
Event: 5.212 Thread 0x00000162c4d83f00 Thread added: 0x00000162c5130e60
Event: 5.332 Thread 0x00000162c4d83f00 Thread added: 0x00000162c5134970
Event: 5.333 Thread 0x00000162c4d83f00 Thread added: 0x00000162c51314f0
Event: 5.333 Thread 0x00000162c4d83f00 Thread added: 0x00000162c5130140
Event: 5.333 Thread 0x00000162c4d83f00 Thread added: 0x00000162c51363b0
Event: 6.112 Thread 0x00000162c4d83f00 Thread added: 0x00000162c5135690
Event: 6.158 Thread 0x00000162c4d83f00 Thread added: 0x00000162c51307d0
Event: 6.348 Thread 0x00000162c4d83f00 Thread added: 0x00000162c5131b80
Event: 6.460 Thread 0x00000162c4d83f00 Thread added: 0x00000162c51328a0
Event: 8.649 Thread 0x00000162c4d83f00 Thread added: 0x00000162c6187260
Event: 8.652 Thread 0x00000162c4d83f00 Thread added: 0x00000162c618a6e0
Event: 8.722 Thread 0x00000162c4d83f00 Thread added: 0x00000162c61878f0
Event: 8.724 Thread 0x00000162c4d83f00 Thread added: 0x00000162c618ad70
Event: 9.178 Thread 0x00000162c4d83f00 Thread added: 0x00000162c6188ca0
Event: 9.179 Thread 0x00000162c4d83f00 Thread added: 0x00000162c61899c0
Event: 9.180 Thread 0x00000162c4d83f00 Thread added: 0x00000162c6187f80
Event: 9.221 Thread 0x00000162c4d83f00 Thread added: 0x00000162c618b400
Event: 9.222 Thread 0x00000162c4d83f00 Thread added: 0x00000162c6189330
Event: 9.222 Thread 0x00000162c4d83f00 Thread added: 0x00000162c618a050


Dynamic libraries:
0x00007ff795a40000 - 0x00007ff795a4a000 	C:\Program Files\Android\Android Studio\jbr\bin\java.exe
0x00007ffe738f0000 - 0x00007ffe73ae8000 	C:\WINDOWS\SYSTEM32\ntdll.dll
0x00007ffe73600000 - 0x00007ffe736c2000 	C:\WINDOWS\System32\KERNEL32.DLL
0x00007ffe71010000 - 0x00007ffe7130f000 	C:\WINDOWS\System32\KERNELBASE.dll
0x00007ffe714e0000 - 0x00007ffe715e0000 	C:\WINDOWS\System32\ucrtbase.dll
0x00007ffe6dcd0000 - 0x00007ffe6dceb000 	C:\Program Files\Android\Android Studio\jbr\bin\VCRUNTIME140.dll
0x00007ffe6c8b0000 - 0x00007ffe6c8c8000 	C:\Program Files\Android\Android Studio\jbr\bin\jli.dll
0x00007ffe71bc0000 - 0x00007ffe71d5d000 	C:\WINDOWS\System32\USER32.dll
0x00007ffe70f90000 - 0x00007ffe70fb2000 	C:\WINDOWS\System32\win32u.dll
0x00007ffe71df0000 - 0x00007ffe71e1b000 	C:\WINDOWS\System32\GDI32.dll
0x00007ffe61bf0000 - 0x00007ffe61e8a000 	C:\WINDOWS\WinSxS\amd64_microsoft.windows.common-controls_6595b64144ccf1df_6.0.19041.4355_none_60b8b9eb71f62e16\COMCTL32.dll
0x00007ffe71740000 - 0x00007ffe7185a000 	C:\WINDOWS\System32\gdi32full.dll
0x00007ffe728b0000 - 0x00007ffe7294e000 	C:\WINDOWS\System32\msvcrt.dll
0x00007ffe716a0000 - 0x00007ffe7173d000 	C:\WINDOWS\System32\msvcp_win.dll
0x00007ffe71e20000 - 0x00007ffe71e4f000 	C:\WINDOWS\System32\IMM32.DLL
0x00007ffe6ddf0000 - 0x00007ffe6ddfc000 	C:\Program Files\Android\Android Studio\jbr\bin\vcruntime140_1.dll
0x00007ffe5b450000 - 0x00007ffe5b4dd000 	C:\Program Files\Android\Android Studio\jbr\bin\msvcp140.dll
0x00007ffe34c30000 - 0x00007ffe358b3000 	C:\Program Files\Android\Android Studio\jbr\bin\server\jvm.dll
0x00007ffe72970000 - 0x00007ffe72a1f000 	C:\WINDOWS\System32\ADVAPI32.dll
0x00007ffe71970000 - 0x00007ffe71a0f000 	C:\WINDOWS\System32\sechost.dll
0x00007ffe736d0000 - 0x00007ffe737f3000 	C:\WINDOWS\System32\RPCRT4.dll
0x00007ffe71670000 - 0x00007ffe71697000 	C:\WINDOWS\System32\bcrypt.dll
0x00007ffe72ea0000 - 0x00007ffe72f0b000 	C:\WINDOWS\System32\WS2_32.dll
0x00007ffe70df0000 - 0x00007ffe70e3b000 	C:\WINDOWS\SYSTEM32\POWRPROF.dll
0x00007ffe69310000 - 0x00007ffe6931a000 	C:\WINDOWS\SYSTEM32\VERSION.dll
0x00007ffe66920000 - 0x00007ffe66947000 	C:\WINDOWS\SYSTEM32\WINMM.dll
0x00007ffe70dd0000 - 0x00007ffe70de2000 	C:\WINDOWS\SYSTEM32\UMPDC.dll
0x00007ffe6ee10000 - 0x00007ffe6ee22000 	C:\WINDOWS\SYSTEM32\kernel.appcore.dll
0x00007ffe6dd30000 - 0x00007ffe6dd3a000 	C:\Program Files\Android\Android Studio\jbr\bin\jimage.dll
0x00007ffe69ab0000 - 0x00007ffe69c94000 	C:\WINDOWS\SYSTEM32\DBGHELP.DLL
0x00007ffe570a0000 - 0x00007ffe570d4000 	C:\WINDOWS\SYSTEM32\dbgcore.DLL
0x00007ffe715e0000 - 0x00007ffe71662000 	C:\WINDOWS\System32\bcryptPrimitives.dll
0x00007ffe6b8c0000 - 0x00007ffe6b8ce000 	C:\Program Files\Android\Android Studio\jbr\bin\instrument.dll
0x00007ffe6b850000 - 0x00007ffe6b870000 	C:\Program Files\Android\Android Studio\jbr\bin\java.dll
0x00007ffe6b630000 - 0x00007ffe6b648000 	C:\Program Files\Android\Android Studio\jbr\bin\zip.dll
0x00007ffe72130000 - 0x00007ffe7289d000 	C:\WINDOWS\System32\SHELL32.dll
0x00007ffe6f010000 - 0x00007ffe6f7b4000 	C:\WINDOWS\SYSTEM32\windows.storage.dll
0x00007ffe732a0000 - 0x00007ffe735f5000 	C:\WINDOWS\System32\combase.dll
0x00007ffe708f0000 - 0x00007ffe7091f000 	C:\WINDOWS\SYSTEM32\Wldp.dll
0x00007ffe72f70000 - 0x00007ffe7303d000 	C:\WINDOWS\System32\OLEAUT32.dll
0x00007ffe73800000 - 0x00007ffe738ad000 	C:\WINDOWS\System32\SHCORE.dll
0x00007ffe73040000 - 0x00007ffe73095000 	C:\WINDOWS\System32\shlwapi.dll
0x00007ffe70ec0000 - 0x00007ffe70ee4000 	C:\WINDOWS\SYSTEM32\profapi.dll
0x00007ffe6dcc0000 - 0x00007ffe6dcd0000 	C:\Program Files\Android\Android Studio\jbr\bin\net.dll
0x00007ffe670d0000 - 0x00007ffe671da000 	C:\WINDOWS\SYSTEM32\WINHTTP.dll
0x00007ffe70650000 - 0x00007ffe706bc000 	C:\WINDOWS\system32\mswsock.dll
0x00007ffe6b610000 - 0x00007ffe6b626000 	C:\Program Files\Android\Android Studio\jbr\bin\nio.dll
0x00007ffe6b4e0000 - 0x00007ffe6b4f0000 	C:\Program Files\Android\Android Studio\jbr\bin\verify.dll
0x00007ffe6dd50000 - 0x00007ffe6dd77000 	C:\Users\ADMIN\.gradle\native\c067742578af261105cb4f569cf0c3c89f3d7b1fecec35dd04571415982c5e48\windows-amd64\native-platform.dll
0x00007ffe36de0000 - 0x00007ffe36f24000 	C:\Users\ADMIN\.gradle\native\100fb08df4bc3b14c8652ba06237920a3bd2aa13389f12d3474272988ae205f9\windows-amd64\native-platform-file-events.dll
0x00007ffe6b510000 - 0x00007ffe6b519000 	C:\Program Files\Android\Android Studio\jbr\bin\management.dll
0x00007ffe6b500000 - 0x00007ffe6b50b000 	C:\Program Files\Android\Android Studio\jbr\bin\management_ext.dll
0x00007ffe71f70000 - 0x00007ffe71f78000 	C:\WINDOWS\System32\PSAPI.DLL
0x00007ffe70850000 - 0x00007ffe70868000 	C:\WINDOWS\SYSTEM32\CRYPTSP.dll
0x00007ffe6ff70000 - 0x00007ffe6ffa4000 	C:\WINDOWS\system32\rsaenh.dll
0x00007ffe70e80000 - 0x00007ffe70eae000 	C:\WINDOWS\SYSTEM32\USERENV.dll
0x00007ffe70840000 - 0x00007ffe7084c000 	C:\WINDOWS\SYSTEM32\CRYPTBASE.dll
0x00007ffe70330000 - 0x00007ffe7036b000 	C:\WINDOWS\SYSTEM32\IPHLPAPI.DLL
0x00007ffe730a0000 - 0x00007ffe730a8000 	C:\WINDOWS\System32\NSI.dll
0x00007ffe6b520000 - 0x00007ffe6b529000 	C:\Program Files\Android\Android Studio\jbr\bin\extnet.dll
0x00007ffe6cd70000 - 0x00007ffe6cd77000 	C:\WINDOWS\system32\wshunix.dll

dbghelp: loaded successfully - version: 4.0.5 - missing functions: none
symbol engine: initialized successfully - sym options: 0x614 - pdb path: .;C:\Program Files\Android\Android Studio\jbr\bin;C:\WINDOWS\SYSTEM32;C:\WINDOWS\WinSxS\amd64_microsoft.windows.common-controls_6595b64144ccf1df_6.0.19041.4355_none_60b8b9eb71f62e16;C:\Program Files\Android\Android Studio\jbr\bin\server;C:\Users\ADMIN\.gradle\native\c067742578af261105cb4f569cf0c3c89f3d7b1fecec35dd04571415982c5e48\windows-amd64;C:\Users\ADMIN\.gradle\native\100fb08df4bc3b14c8652ba06237920a3bd2aa13389f12d3474272988ae205f9\windows-amd64

VM Arguments:
jvm_args: -XX:MaxPermSize=512m -XX:+HeapDumpOnOutOfMemoryError --add-opens=java.base/java.util=ALL-UNNAMED --add-opens=java.base/java.lang=ALL-UNNAMED --add-opens=java.base/java.lang.invoke=ALL-UNNAMED --add-opens=java.prefs/java.util.prefs=ALL-UNNAMED --add-exports=jdk.compiler/com.sun.tools.javac.api=ALL-UNNAMED --add-exports=jdk.compiler/com.sun.tools.javac.util=ALL-UNNAMED --add-opens=java.base/java.nio.charset=ALL-UNNAMED --add-opens=java.base/java.net=ALL-UNNAMED --add-opens=java.base/java.util.concurrent.atomic=ALL-UNNAMED -Xmx4g -Dfile.encoding=UTF-8 -Duser.country=CO -Duser.language=es -Duser.variant -javaagent:C:\Users\ADMIN\.gradle\wrapper\dists\gradle-8.10.2-bin\a04bxjujx95o3nb99gddekhwo\gradle-8.10.2\lib\agents\gradle-instrumentation-agent-8.10.2.jar 
java_command: org.gradle.launcher.daemon.bootstrap.GradleDaemon 8.10.2
java_class_path (initial): C:\Users\ADMIN\.gradle\wrapper\dists\gradle-8.10.2-bin\a04bxjujx95o3nb99gddekhwo\gradle-8.10.2\lib\gradle-daemon-main-8.10.2.jar
Launcher Type: SUN_STANDARD

[Global flags]
     intx CICompilerCount                          = 3                                         {product} {ergonomic}
     uint ConcGCThreads                            = 1                                         {product} {ergonomic}
     uint G1ConcRefinementThreads                  = 4                                         {product} {ergonomic}
   size_t G1HeapRegionSize                         = 2097152                                   {product} {ergonomic}
    uintx GCDrainStackTargetSize                   = 64                                        {product} {ergonomic}
     bool HeapDumpOnOutOfMemoryError               = true                                   {manageable} {command line}
   size_t InitialHeapSize                          = 167772160                                 {product} {ergonomic}
   size_t MarkStackSize                            = 4194304                                   {product} {ergonomic}
   size_t MaxHeapSize                              = 4294967296                                {product} {command line}
   size_t MaxNewSize                               = 2575302656                                {product} {ergonomic}
   size_t MinHeapDeltaBytes                        = 2097152                                   {product} {ergonomic}
   size_t MinHeapSize                              = 8388608                                   {product} {ergonomic}
    uintx NonNMethodCodeHeapSize                   = 5832780                                {pd product} {ergonomic}
    uintx NonProfiledCodeHeapSize                  = 122912730                              {pd product} {ergonomic}
    uintx ProfiledCodeHeapSize                     = 122912730                              {pd product} {ergonomic}
    uintx ReservedCodeCacheSize                    = 251658240                              {pd product} {ergonomic}
     bool SegmentedCodeCache                       = true                                      {product} {ergonomic}
   size_t SoftMaxHeapSize                          = 4294967296                             {manageable} {ergonomic}
     bool UseCompressedOops                        = true                           {product lp64_product} {ergonomic}
     bool UseG1GC                                  = true                                      {product} {ergonomic}
     bool UseLargePagesIndividualAllocation        = false                                  {pd product} {ergonomic}

Logging:
Log output configuration:
 #0: stdout all=warning uptime,level,tags foldmultilines=false
 #1: stderr all=off uptime,level,tags foldmultilines=false

Environment Variables:
PATH=C:\Program Files\Common Files\Oracle\Java\javapath;C:\WINDOWS\system32;C:\WINDOWS;C:\WINDOWS\System32\Wbem;C:\WINDOWS\System32\WindowsPowerShell\v1.0\;C:\WINDOWS\System32\OpenSSH\;C:\Program Files\Git\cmd;C:\Users\ADMIN\AppData\Local\Programs\Python\Python313;C:\Users\ADMIN\AppData\Local\Programs\Python\Python313\Scripts;C:\dart-sdk\bin;C:\flutter\bin;C:\Users\ADMIN\AppData\Roaming\npm;C:\Program Files\nodejs\;C:\Users\ADMIN\AppData\Local\Pub\Cache\bin;C:\Users\ADMIN\AppData\Local\Programs\Python\Launcher\;C:\Users\ADMIN\AppData\Local\Microsoft\WindowsApps;C:\Users\ADMIN\AppData\Local\Programs\Microsoft VS Code\bin;C:\Users\ADMIN\AppData\Local\GitHubDesktop\bin;C:\Program Files\JetBrains\IntelliJ IDEA 2024.3.3\bin;;C:\Users\ADMIN\AppData\Roaming\npm
USERNAME=ADMIN
OS=Windows_NT
PROCESSOR_IDENTIFIER=AMD64 Family 23 Model 24 Stepping 1, AuthenticAMD
TMP=C:\Users\ADMIN\AppData\Local\Temp
TEMP=C:\Users\ADMIN\AppData\Local\Temp




Periodic native trim disabled

JNI global refs:
JNI global refs: 27, weak refs: 23

JNI global refs memory usage: 835, weak refs: 833

Process memory usage:
Resident Set Size: 384220K (3% of 10422828K total physical memory with 2274256K free physical memory)

OOME stack traces (most recent first):
Classloader memory used:
Loader org.gradle.internal.classloader.VisitableURLClassLoader                         : 27534K
Loader bootstrap                                                                       : 22302K
Loader org.gradle.initialization.MixInLegacyTypesClassLoader                           : 6435K
Loader org.gradle.internal.classloader.VisitableURLClassLoader                         : 713K
Loader jdk.internal.loader.ClassLoaders$PlatformClassLoader                            : 553K
Loader jdk.internal.loader.ClassLoaders$AppClassLoader                                 : 234K
Loader jdk.internal.reflect.DelegatingClassLoader                                      : 161K
Loader org.gradle.groovy.scripts.internal.DefaultScriptCompilationHandler$ScriptClassLoader: 71992B
Loader org.codehaus.groovy.runtime.callsite.CallSiteClassLoader                        : 17560B

Classes loaded by more than one classloader:
Class org.gradle.api.GradleException                                                  : loaded 3 times (x 78B)
Class org.gradle.internal.classloader.ClassLoaderHierarchy                            : loaded 2 times (x 66B)
Class org.gradle.api.internal.classpath.ManifestUtil                                  : loaded 2 times (x 67B)
Class org.gradle.internal.operations.MultipleBuildOperationFailures                   : loaded 2 times (x 91B)
Class org.gradle.internal.classloader.DefaultClassLoaderFactory                       : loaded 2 times (x 78B)
Class kotlin.collections.AbstractList$Companion                                       : loaded 2 times (x 67B)
Class org.gradle.internal.classloader.ClassLoaderVisitor                              : loaded 2 times (x 72B)
Class org.gradle.api.internal.classpath.EffectiveClassPath                            : loaded 2 times (x 86B)
Class org.gradle.api.internal.DefaultClassPathProvider                                : loaded 2 times (x 72B)
Class [Lorg.gradle.api.internal.ClassPathProvider;                                    : loaded 2 times (x 65B)
Class org.gradle.api.internal.ClassPathProvider                                       : loaded 2 times (x 66B)
Class org.gradle.internal.service.UnknownServiceException                             : loaded 2 times (x 79B)
Class org.gradle.internal.classpath.TransformedClassPath                              : loaded 2 times (x 92B)
Class org.gradle.internal.classloader.InstrumentingClassLoader                        : loaded 2 times (x 66B)
Class kotlin.enums.EnumEntriesList                                                    : loaded 2 times (x 219B)
Class org.gradle.internal.service.ServiceLocator                                      : loaded 2 times (x 66B)
Class org.gradle.internal.InternalTransformer                                         : loaded 2 times (x 66B)
Class org.gradle.internal.time.DefaultTimer                                           : loaded 2 times (x 76B)
Class org.gradle.internal.classloader.ClasspathUtil$1                                 : loaded 2 times (x 72B)
Class org.gradle.api.internal.classpath.DefaultModuleRegistry$DefaultModule           : loaded 2 times (x 82B)
Class org.gradle.internal.time.DefaultCountdownTimer                                  : loaded 2 times (x 84B)
Class kotlin.Function                                                                 : loaded 2 times (x 66B)
Class org.gradle.api.internal.classpath.Module                                        : loaded 2 times (x 66B)
Class org.gradle.api.internal.classpath.UnknownModuleException                        : loaded 2 times (x 78B)
Class org.gradle.api.internal.DefaultClassPathRegistry                                : loaded 2 times (x 72B)
Class org.gradle.api.internal.ClassPathRegistry                                       : loaded 2 times (x 66B)
Class org.gradle.internal.classpath.DefaultClassPath$ImmutableUniqueList              : loaded 2 times (x 195B)
Class org.gradle.internal.classpath.ClassPath                                         : loaded 2 times (x 66B)
Class org.gradle.api.UncheckedIOException                                             : loaded 2 times (x 78B)
Class kotlin.UninitializedPropertyAccessException                                     : loaded 2 times (x 78B)
Class org.gradle.internal.installation.GradleInstallation$1                           : loaded 2 times (x 71B)
Class org.gradle.api.internal.classpath.ModuleRegistry                                : loaded 2 times (x 66B)
Class org.gradle.api.internal.classpath.DefaultModuleRegistry                         : loaded 2 times (x 82B)
Class org.gradle.internal.time.MonotonicClock                                         : loaded 2 times (x 73B)
Class org.gradle.internal.service.ServiceLookupException                              : loaded 2 times (x 78B)
Class org.gradle.internal.classloader.ClassLoaderFactory                              : loaded 2 times (x 66B)
Class org.gradle.internal.service.CachingServiceLocator                               : loaded 2 times (x 78B)
Class org.gradle.internal.time.TimeSource                                             : loaded 2 times (x 66B)
Class kotlin.enums.EnumEntries                                                        : loaded 2 times (x 66B)
Class org.gradle.internal.exceptions.ResolutionProvider                               : loaded 2 times (x 66B)
Class org.gradle.internal.classloader.ClasspathUtil                                   : loaded 2 times (x 67B)
Class org.gradle.internal.time.TimeSource$1                                           : loaded 2 times (x 73B)
Class org.gradle.api.specs.Spec                                                       : loaded 2 times (x 66B)
Class org.gradle.internal.time.Clock                                                  : loaded 2 times (x 66B)
Class kotlin.collections.AbstractList                                                 : loaded 2 times (x 193B)
Class kotlin.collections.AbstractCollection                                           : loaded 2 times (x 113B)
Class sync_studio_tooling1_97dtow03z46fz8fjtk5o03hm5                                  : loaded 2 times (x 175B)
Class org.gradle.internal.classloader.VisitableURLClassLoader$InstrumentingVisitableURLClassLoader: loaded 2 times (x 119B)
Class org.gradle.internal.classloader.VisitableURLClassLoader$Spec                    : loaded 2 times (x 70B)
Class org.gradle.internal.classpath.DefaultClassPath                                  : loaded 2 times (x 86B)
Class org.gradle.internal.classloader.ClassLoaderSpec                                 : loaded 2 times (x 67B)
Class org.gradle.internal.classloader.VisitableURLClassLoader                         : loaded 2 times (x 113B)
Class org.gradle.internal.Cast                                                        : loaded 2 times (x 67B)
Class org.gradle.api.Action                                                           : loaded 2 times (x 66B)
Class org.gradle.internal.classpath.DefaultClassPath$ImmutableUniqueList$Builder      : loaded 2 times (x 71B)
Class org.gradle.internal.classloader.FilteringClassLoader                            : loaded 2 times (x 101B)
Class org.gradle.internal.exceptions.NonGradleCauseExceptionsHolder                   : loaded 2 times (x 66B)
Class kotlin.enums.EnumEntriesKt                                                      : loaded 2 times (x 67B)
Class org.gradle.internal.IoActions                                                   : loaded 2 times (x 67B)
Class org.gradle.internal.classloader.SystemClassLoaderSpec                           : loaded 2 times (x 67B)
Class org.gradle.internal.exceptions.MultiCauseException                              : loaded 2 times (x 66B)
Class org.gradle.internal.time.CountdownTimer                                         : loaded 2 times (x 66B)
Class kotlin.jvm.internal.Intrinsics                                                  : loaded 2 times (x 67B)
Class org.gradle.tooling.model.ProjectModel                                           : loaded 2 times (x 66B)
Class kotlin.KotlinNullPointerException                                               : loaded 2 times (x 79B)
Class org.gradle.internal.exceptions.DefaultMultiCauseException                       : loaded 2 times (x 91B)
Class org.gradle.internal.time.Time                                                   : loaded 2 times (x 67B)
Class org.gradle.api.internal.classpath.GlobalCacheRootsProvider                      : loaded 2 times (x 66B)
Class org.gradle.internal.time.Timer                                                  : loaded 2 times (x 66B)
Class kotlin.jvm.internal.markers.KMappedMarker                                       : loaded 2 times (x 66B)
Class org.gradle.internal.installation.CurrentGradleInstallationLocator               : loaded 2 times (x 67B)
Class org.gradle.internal.service.DefaultServiceLocator                               : loaded 2 times (x 79B)
Class org.gradle.util.GradleVersion                                                   : loaded 2 times (x 79B)
Class org.gradle.internal.installation.CurrentGradleInstallation                      : loaded 2 times (x 69B)
Class org.gradle.util.internal.GUtil                                                  : loaded 2 times (x 67B)
Class org.gradle.internal.installation.GradleInstallation                             : loaded 2 times (x 71B)

---------------  S Y S T E M  ---------------

OS:
 Windows 10 , 64 bit Build 19041 (10.0.19041.5438)
OS uptime: 0 days 5:49 hours

CPU: total 4 (initial active 4) (4 cores per cpu, 2 threads per core) family 23 model 24 stepping 1 microcode 0x0, cx8, cmov, fxsr, ht, mmx, 3dnowpref, sse, sse2, sse3, ssse3, sse4a, sse4.1, sse4.2, popcnt, lzcnt, tsc, tscinvbit, avx, avx2, aes, clmul, bmi1, bmi2, adx, sha, fma, vzeroupper, clflush, clflushopt, rdtscp, f16c
Processor Information for all 4 processors :
  Max Mhz: 2600, Current Mhz: 2600, Mhz Limit: 2600

Memory: 4k page, system-wide physical 10178M (2220M free)
TotalPageFile size 25281M (AvailPageFile size 23M)
current process WorkingSet (physical memory assigned to process): 375M, peak: 375M
current process commit charge ("private bytes"): 403M, peak: 590M

vm_info: OpenJDK 64-Bit Server VM (21.0.4+-12508038-b607.1) for windows-amd64 JRE (21.0.4+-12508038-b607.1), built on 2024-10-16T17:23:34Z by "builder" with MS VC++ 16.10 / 16.11 (VS2019)

END.
